2017-09-10 19:39:41,656 - Auto - INFO - 打开网页成功http://192.168.10.223:61604/
2017-09-10 19:39:41,925 - Auto - INFO - <OMS.ElementKey.UIPage.Create_Warehousing_page.Create_ware_page object at 0x03186390> 页面中成功找到 ('id', 'userName') 元素
2017-09-10 19:39:42,059 - Auto - INFO - <OMS.ElementKey.UIPage.Create_Warehousing_page.Create_ware_page object at 0x03186390> 页面中成功找到 ('id', 'userPass') 元素
2017-09-10 19:39:42,181 - Auto - INFO - <OMS.ElementKey.UIPage.Create_Warehousing_page.Create_ware_page object at 0x03186390> 页面中成功找到 ('css selector', '.loginbtn.radius5') 元素
2017-09-10 19:39:43,470 - Auto - INFO - <OMS.ElementKey.UIPage.Create_Warehousing_page.Create_ware_page object at 0x03186390>页面执行js:leftMenu('54','创建入库单','/receiving/receiving/create?quick=54')成功
2017-09-10 19:39:43,470 - Auto - INFO - <OMS.ElementKey.UIPage.Create_Warehousing_page.Create_ware_page object at 0x03186390>切换frame:('id', 'iframe-container-54')成功
2017-09-10 19:39:43,574 - Auto - INFO - <OMS.ElementKey.UIPage.Create_Warehousing_page.Create_ware_page object at 0x03186390> 页面中成功找到 ('id', 'iframe-container-54') 元素
2017-09-10 19:39:44,300 - Auto - INFO - <OMS.ElementKey.UIPage.Create_Warehousing_page.Create_ware_page object at 0x03186390> 页面中成功找到 ('xpath', ".//*[@id='asnForm']/table/tbody/tr[1]/td[2]/div/div[2]") 元素
2017-09-10 19:39:44,611 - Auto - INFO - <OMS.ElementKey.UIPage.Create_Warehousing_page.Create_ware_page object at 0x03186390> 页面中成功找到 ('id', 'transit_warehouse') 元素
2017-09-10 19:39:44,908 - Auto - INFO - <OMS.ElementKey.UIPage.Create_Warehousing_page.Create_ware_page object at 0x03186390> 页面中成功找到 ('id', 'new_target_warehouse_code') 元素
2017-09-10 19:39:45,204 - Auto - INFO - <OMS.ElementKey.UIPage.Create_Warehousing_page.Create_ware_page object at 0x03186390> 页面中成功找到 ('name', 'volume') 元素
2017-09-10 19:39:45,255 - Auto - INFO - <OMS.ElementKey.UIPage.Create_Warehousing_page.Create_ware_page object at 0x03186390> 页面中成功找到 ('name', 'weight') 元素
2017-09-10 19:39:45,303 - Auto - INFO - <OMS.ElementKey.UIPage.Create_Warehousing_page.Create_ware_page object at 0x03186390> 页面中成功找到 ('id', 'sm_code') 元素
2017-09-10 19:39:45,802 - Auto - INFO - <OMS.ElementKey.UIPage.Create_Warehousing_page.Create_ware_page object at 0x03186390> 页面中成功找到 ('xpath', "(//select[@id='receiving_shipping_type'])[2]") 元素
2017-09-10 19:39:46,171 - Auto - INFO - <OMS.ElementKey.UIPage.Create_Warehousing_page.Create_ware_page object at 0x03186390> 页面中成功找到 ('name', 'tax_type') 元素
2017-09-10 19:39:46,489 - Auto - INFO - <OMS.ElementKey.UIPage.Create_Warehousing_page.Create_ware_page object at 0x03186390> 页面中成功找到 ('name', 'customer_type') 元素
2017-09-10 19:39:46,786 - Auto - INFO - <OMS.ElementKey.UIPage.Create_Warehousing_page.Create_ware_page object at 0x03186390> 页面中成功找到 ('xpath', "(//input[@id='refrence_no'])[2]") 元素
2017-09-10 19:39:46,848 - Auto - INFO - <OMS.ElementKey.UIPage.Create_Warehousing_page.Create_ware_page object at 0x03186390> 页面中成功找到 ('xpath', "(//input[@name='shipping_method'])[2]") 元素
2017-09-10 19:39:46,922 - Auto - INFO - <OMS.ElementKey.UIPage.Create_Warehousing_page.Create_ware_page object at 0x03186390> 页面中成功找到 ('xpath', "(//input[@name='tracking_no'])[2]") 元素
2017-09-10 19:39:47,001 - Auto - INFO - <OMS.ElementKey.UIPage.Create_Warehousing_page.Create_ware_page object at 0x03186390> 页面中成功找到 ('xpath', ".//*[@id='asnForm']/table/tbody/tr[12]/td[2]/input") 元素
2017-09-10 19:40:21,081 - Auto - INFO - 打开网页成功http://192.168.10.223:61604/
2017-09-10 19:40:21,238 - Auto - INFO - <OMS.ElementKey.UIPage.Create_Warehousing_page.Create_ware_page object at 0x020E4470> 页面中成功找到 ('id', 'userName') 元素
2017-09-10 19:40:21,379 - Auto - INFO - <OMS.ElementKey.UIPage.Create_Warehousing_page.Create_ware_page object at 0x020E4470> 页面中成功找到 ('id', 'userPass') 元素
2017-09-10 19:40:21,660 - Auto - INFO - <OMS.ElementKey.UIPage.Create_Warehousing_page.Create_ware_page object at 0x020E4470> 页面中成功找到 ('css selector', '.loginbtn.radius5') 元素
2017-09-10 19:40:23,237 - Auto - INFO - <OMS.ElementKey.UIPage.Create_Warehousing_page.Create_ware_page object at 0x020E4470>页面执行js:leftMenu('45','入库单管理','/receiving/receiving/index?quick=45')成功
2017-09-10 19:40:23,237 - Auto - INFO - <OMS.ElementKey.UIPage.Create_Warehousing_page.Create_ware_page object at 0x020E4470>切换frame:('id', 'iframe-container-45')成功
2017-09-10 19:40:23,424 - Auto - INFO - <OMS.ElementKey.UIPage.Create_Warehousing_page.Create_ware_page object at 0x020E4470> 页面中成功找到 ('id', 'iframe-container-45') 元素
2017-09-10 19:40:26,010 - Auto - INFO - 点击元素失败
2017-09-10 19:40:26,325 - Auto - ERROR - <OMS.ElementKey.UIPage.Create_Warehousing_page.Create_ware_page object at 0x020E4470>页面未能找到('css selector', '.asnVerifyBtn.baseBtn.opBtn')元素
