2017-09-11 21:17:40,881 - Auto - INFO - 打开网页成功http://192.168.10.223:61604/
2017-09-11 21:17:41,105 - Auto - INFO - <OMS.ElementKey.UIPage.Create_Warehousing_page.Create_ware_page object at 0x032F4370> 页面中成功找到 ('id', 'userName') 元素
2017-09-11 21:17:41,223 - Auto - INFO - <OMS.ElementKey.UIPage.Create_Warehousing_page.Create_ware_page object at 0x032F4370> 页面中成功找到 ('id', 'userPass') 元素
2017-09-11 21:17:41,404 - Auto - INFO - <OMS.ElementKey.UIPage.Create_Warehousing_page.Create_ware_page object at 0x032F4370> 页面中成功找到 ('css selector', '.loginbtn.radius5') 元素
2017-09-11 21:17:42,718 - Auto - INFO - <OMS.ElementKey.UIPage.Create_Warehousing_page.Create_ware_page object at 0x032F4370>页面执行js:leftMenu('54','创建入库单','/receiving/receiving/create?quick=54')成功
2017-09-11 21:17:42,719 - Auto - INFO - <OMS.ElementKey.UIPage.Create_Warehousing_page.Create_ware_page object at 0x032F4370>切换frame:('id', 'iframe-container-54')成功
2017-09-11 21:17:42,874 - Auto - INFO - <OMS.ElementKey.UIPage.Create_Warehousing_page.Create_ware_page object at 0x032F4370> 页面中成功找到 ('id', 'iframe-container-54') 元素
2017-09-11 21:17:43,700 - Auto - INFO - <OMS.ElementKey.UIPage.Create_Warehousing_page.Create_ware_page object at 0x032F4370> 页面中成功找到 ('xpath', ".//*[@id='asnForm']/table/tbody/tr[1]/td[2]/div/div[2]") 元素
2017-09-11 21:17:44,007 - Auto - INFO - <OMS.ElementKey.UIPage.Create_Warehousing_page.Create_ware_page object at 0x032F4370> 页面中成功找到 ('id', 'transit_warehouse') 元素
2017-09-11 21:17:44,823 - Auto - INFO - <OMS.ElementKey.UIPage.Create_Warehousing_page.Create_ware_page object at 0x032F4370> 页面中成功找到 ('id', 'new_target_warehouse_code') 元素
2017-09-11 21:17:45,122 - Auto - INFO - <OMS.ElementKey.UIPage.Create_Warehousing_page.Create_ware_page object at 0x032F4370> 页面中成功找到 ('name', 'volume') 元素
2017-09-11 21:17:45,200 - Auto - INFO - <OMS.ElementKey.UIPage.Create_Warehousing_page.Create_ware_page object at 0x032F4370> 页面中成功找到 ('name', 'weight') 元素
2017-09-11 21:17:45,535 - Auto - INFO - <OMS.ElementKey.UIPage.Create_Warehousing_page.Create_ware_page object at 0x032F4370> 页面中成功找到 ('id', 'sm_code') 元素
2017-09-11 21:17:45,901 - Auto - INFO - <OMS.ElementKey.UIPage.Create_Warehousing_page.Create_ware_page object at 0x032F4370> 页面中成功找到 ('xpath', "(//select[@id='receiving_shipping_type'])[2]") 元素
2017-09-11 21:17:46,301 - Auto - INFO - <OMS.ElementKey.UIPage.Create_Warehousing_page.Create_ware_page object at 0x032F4370> 页面中成功找到 ('name', 'tax_type') 元素
2017-09-11 21:17:46,644 - Auto - INFO - <OMS.ElementKey.UIPage.Create_Warehousing_page.Create_ware_page object at 0x032F4370> 页面中成功找到 ('name', 'customer_type') 元素
2017-09-11 21:17:46,954 - Auto - INFO - <OMS.ElementKey.UIPage.Create_Warehousing_page.Create_ware_page object at 0x032F4370> 页面中成功找到 ('xpath', "(//input[@id='refrence_no'])[2]") 元素
2017-09-11 21:17:47,039 - Auto - INFO - <OMS.ElementKey.UIPage.Create_Warehousing_page.Create_ware_page object at 0x032F4370> 页面中成功找到 ('xpath', "(//input[@name='shipping_method'])[2]") 元素
2017-09-11 21:17:47,106 - Auto - INFO - <OMS.ElementKey.UIPage.Create_Warehousing_page.Create_ware_page object at 0x032F4370> 页面中成功找到 ('xpath', "(//input[@name='tracking_no'])[2]") 元素
2017-09-11 21:17:47,203 - Auto - INFO - <OMS.ElementKey.UIPage.Create_Warehousing_page.Create_ware_page object at 0x032F4370> 页面中成功找到 ('xpath', ".//*[@id='asnForm']/table/tbody/tr[12]/td[2]/input") 元素
2017-09-11 21:17:49,092 - Auto - INFO - 点击文本值为6的链接成功
2017-09-11 21:17:49,106 - Auto - INFO - <OMS.ElementKey.UIPage.Create_Warehousing_page.Create_ware_page object at 0x032F4370>页面执行js:document.getElementById('fileField').click()成功
2017-09-11 21:17:50,187 - Auto - INFO - 上传文件成功
2017-09-11 21:17:50,282 - Auto - INFO - <OMS.ElementKey.UIPage.Create_Warehousing_page.Create_ware_page object at 0x032F4370>页面执行js:document.getElementById('import_manufacture_datas').click()成功
2017-09-11 21:17:51,354 - Auto - INFO - 上传文件成功
2017-09-11 21:17:51,599 - Auto - INFO - <OMS.ElementKey.UIPage.Create_Warehousing_page.Create_ware_page object at 0x032F4370>页面执行js:document.getElementById('customs_document').click()成功
2017-09-11 21:17:52,663 - Auto - INFO - 上传文件成功
2017-09-11 21:17:52,790 - Auto - INFO - <OMS.ElementKey.UIPage.Create_Warehousing_page.Create_ware_page object at 0x032F4370> 页面中成功找到 ('id', 'imBoxNo') 元素
2017-09-11 21:17:52,846 - Auto - INFO - <OMS.ElementKey.UIPage.Create_Warehousing_page.Create_ware_page object at 0x032F4370> 页面中成功找到 ('id', 'imCodeSearch') 元素
2017-09-11 21:17:53,054 - Auto - INFO - <OMS.ElementKey.UIPage.Create_Warehousing_page.Create_ware_page object at 0x032F4370> 页面中成功找到 ('id', 'imQuantity') 元素
2017-09-11 21:17:53,147 - Auto - INFO - <OMS.ElementKey.UIPage.Create_Warehousing_page.Create_ware_page object at 0x032F4370> 页面中成功找到 ('id', 'addItem') 元素
2017-09-11 21:17:53,492 - Auto - INFO - <OMS.ElementKey.UIPage.Create_Warehousing_page.Create_ware_page object at 0x032F4370> 页面中成功找到 ('id', 'asnSubmitBtn') 元素
2017-09-11 21:17:53,914 - Auto - INFO - <OMS.ElementKey.UIPage.Create_Warehousing_page.Create_ware_page object at 0x032F4370>页面执行js:document.documentElement.scrollTop = 100000成功
2017-09-11 21:17:56,025 - Auto - INFO - 截图成功，以保存到：F:\Automated_use_case\OMS\screenpicture
2017-09-11 21:17:56,042 - Auto - INFO - <OMS.ElementKey.UIPage.Create_Warehousing_page.Create_ware_page object at 0x032F4370> 页面中成功找到 ('id', 'create_feedback_div') 元素
2017-09-11 21:18:05,104 - Auto - INFO - 打开网页成功http://192.168.10.223:61604/
2017-09-11 21:18:05,435 - Auto - INFO - <OMS.ElementKey.UIPage.Create_Warehousing_page.Create_ware_page object at 0x03364550> 页面中成功找到 ('id', 'userName') 元素
2017-09-11 21:18:05,565 - Auto - INFO - <OMS.ElementKey.UIPage.Create_Warehousing_page.Create_ware_page object at 0x03364550> 页面中成功找到 ('id', 'userPass') 元素
2017-09-11 21:18:05,886 - Auto - INFO - <OMS.ElementKey.UIPage.Create_Warehousing_page.Create_ware_page object at 0x03364550> 页面中成功找到 ('css selector', '.loginbtn.radius5') 元素
2017-09-11 21:18:06,952 - Auto - INFO - <OMS.ElementKey.UIPage.Create_Warehousing_page.Create_ware_page object at 0x03364550>页面执行js:leftMenu('45','入库单管理','/receiving/receiving/index?quick=45')成功
2017-09-11 21:18:06,952 - Auto - INFO - <OMS.ElementKey.UIPage.Create_Warehousing_page.Create_ware_page object at 0x03364550>切换frame:('id', 'iframe-container-45')成功
2017-09-11 21:18:07,062 - Auto - INFO - <OMS.ElementKey.UIPage.Create_Warehousing_page.Create_ware_page object at 0x03364550> 页面中成功找到 ('id', 'iframe-container-45') 元素
2017-09-11 21:18:09,441 - Auto - INFO - 点击元素成功
2017-09-11 21:18:09,475 - Auto - INFO - <OMS.ElementKey.UIPage.Create_Warehousing_page.Create_ware_page object at 0x03364550> 页面中成功找到 ('css selector', '.asnVerifyBtn.baseBtn.opBtn') 元素
2017-09-11 21:18:10,675 - Auto - INFO - <OMS.ElementKey.UIPage.Create_Warehousing_page.Create_ware_page object at 0x03364550> 页面中成功找到 ('xpath', 'html/body/div[5]/div[3]/div/button[1]') 元素
2017-09-11 21:18:15,676 - Auto - INFO - <OMS.ElementKey.UIPage.Create_Warehousing_page.Create_ware_page object at 0x03364550> 页面中成功找到 ('id', 'dialog-auto-alert-tip') 元素
