2017-09-06 10:42:11,178 - Auto - INFO - 打开网页成功http://192.168.10.223:61604/
2017-09-06 10:42:11,280 - Auto - INFO - <OMS.ElementKey.UIPage.Create_Warehousing_page.Create_ware_page object at 0x03021730> 页面中成功找到 ('id', 'userName') 元素
2017-09-06 10:42:11,345 - Auto - INFO - <OMS.ElementKey.UIPage.Create_Warehousing_page.Create_ware_page object at 0x03021730> 页面中成功找到 ('id', 'userPass') 元素
2017-09-06 10:42:11,404 - Auto - INFO - <OMS.ElementKey.UIPage.Create_Warehousing_page.Create_ware_page object at 0x03021730> 页面中成功找到 ('css selector', '.loginbtn.radius5') 元素
2017-09-06 10:42:12,262 - Auto - INFO - <OMS.ElementKey.UIPage.Create_Warehousing_page.Create_ware_page object at 0x03021730>页面执行js:leftMenu('54','创建入库单','/receiving/receiving/create?quick=54')成功
2017-09-06 10:42:12,263 - Auto - INFO - <OMS.ElementKey.UIPage.Create_Warehousing_page.Create_ware_page object at 0x03021730>切换frame:('id', 'iframe-container-54')成功
2017-09-06 10:42:12,319 - Auto - INFO - <OMS.ElementKey.UIPage.Create_Warehousing_page.Create_ware_page object at 0x03021730> 页面中成功找到 ('id', 'iframe-container-54') 元素
2017-09-06 10:42:12,891 - Auto - INFO - <OMS.ElementKey.UIPage.Create_Warehousing_page.Create_ware_page object at 0x03021730> 页面中成功找到 ('xpath', ".//*[@id='asnForm']/table/tbody/tr[1]/td[2]/div/div[2]") 元素
2017-09-06 10:42:13,161 - Auto - INFO - <OMS.ElementKey.UIPage.Create_Warehousing_page.Create_ware_page object at 0x03021730> 页面中成功找到 ('id', 'transit_warehouse') 元素
2017-09-06 10:42:13,457 - Auto - INFO - <OMS.ElementKey.UIPage.Create_Warehousing_page.Create_ware_page object at 0x03021730> 页面中成功找到 ('id', 'new_target_warehouse_code') 元素
2017-09-06 10:42:13,759 - Auto - INFO - <OMS.ElementKey.UIPage.Create_Warehousing_page.Create_ware_page object at 0x03021730> 页面中成功找到 ('name', 'volume') 元素
2017-09-06 10:42:13,808 - Auto - INFO - <OMS.ElementKey.UIPage.Create_Warehousing_page.Create_ware_page object at 0x03021730> 页面中成功找到 ('name', 'weight') 元素
2017-09-06 10:42:13,855 - Auto - INFO - <OMS.ElementKey.UIPage.Create_Warehousing_page.Create_ware_page object at 0x03021730> 页面中成功找到 ('id', 'sm_code') 元素
2017-09-06 10:42:14,718 - Auto - INFO - <OMS.ElementKey.UIPage.Create_Warehousing_page.Create_ware_page object at 0x03021730> 页面中成功找到 ('xpath', "(//select[@id='receiving_shipping_type'])[2]") 元素
2017-09-06 10:42:15,014 - Auto - INFO - <OMS.ElementKey.UIPage.Create_Warehousing_page.Create_ware_page object at 0x03021730> 页面中成功找到 ('name', 'tax_type') 元素
2017-09-06 10:42:15,366 - Auto - INFO - <OMS.ElementKey.UIPage.Create_Warehousing_page.Create_ware_page object at 0x03021730> 页面中成功找到 ('name', 'customer_type') 元素
2017-09-06 10:42:15,681 - Auto - INFO - <OMS.ElementKey.UIPage.Create_Warehousing_page.Create_ware_page object at 0x03021730> 页面中成功找到 ('xpath', "(//input[@id='refrence_no'])[2]") 元素
2017-09-06 10:42:15,739 - Auto - INFO - <OMS.ElementKey.UIPage.Create_Warehousing_page.Create_ware_page object at 0x03021730> 页面中成功找到 ('xpath', "(//input[@name='shipping_method'])[2]") 元素
2017-09-06 10:42:15,795 - Auto - INFO - <OMS.ElementKey.UIPage.Create_Warehousing_page.Create_ware_page object at 0x03021730> 页面中成功找到 ('xpath', "(//input[@name='tracking_no'])[2]") 元素
2017-09-06 10:42:15,848 - Auto - INFO - <OMS.ElementKey.UIPage.Create_Warehousing_page.Create_ware_page object at 0x03021730> 页面中成功找到 ('xpath', ".//*[@id='asnForm']/table/tbody/tr[12]/td[2]/input") 元素
2017-09-06 10:42:16,709 - Auto - INFO - 点击文本值为6的链接成功
2017-09-06 10:42:16,885 - Auto - INFO - <OMS.ElementKey.UIPage.Create_Warehousing_page.Create_ware_page object at 0x03021730>页面执行js:document.getElementById('fileField').click()成功
2017-09-06 10:42:17,920 - Auto - INFO - 上传文件成功
2017-09-06 10:42:18,060 - Auto - INFO - <OMS.ElementKey.UIPage.Create_Warehousing_page.Create_ware_page object at 0x03021730>页面执行js:document.getElementById('import_manufacture_datas').click()成功
2017-09-06 10:42:19,112 - Auto - INFO - 上传文件成功
2017-09-06 10:42:19,250 - Auto - INFO - <OMS.ElementKey.UIPage.Create_Warehousing_page.Create_ware_page object at 0x03021730>页面执行js:document.getElementById('customs_document').click()成功
2017-09-06 10:42:20,288 - Auto - INFO - 上传文件成功
2017-09-06 10:42:20,343 - Auto - INFO - <OMS.ElementKey.UIPage.Create_Warehousing_page.Create_ware_page object at 0x03021730> 页面中成功找到 ('id', 'imBoxNo') 元素
2017-09-06 10:42:20,425 - Auto - INFO - <OMS.ElementKey.UIPage.Create_Warehousing_page.Create_ware_page object at 0x03021730> 页面中成功找到 ('id', 'imCodeSearch') 元素
2017-09-06 10:42:20,525 - Auto - INFO - <OMS.ElementKey.UIPage.Create_Warehousing_page.Create_ware_page object at 0x03021730> 页面中成功找到 ('id', 'imQuantity') 元素
2017-09-06 10:42:20,574 - Auto - INFO - <OMS.ElementKey.UIPage.Create_Warehousing_page.Create_ware_page object at 0x03021730> 页面中成功找到 ('id', 'addItem') 元素
2017-09-06 10:42:20,924 - Auto - INFO - <OMS.ElementKey.UIPage.Create_Warehousing_page.Create_ware_page object at 0x03021730> 页面中成功找到 ('id', 'asnSubmitBtn') 元素
2017-09-06 10:42:21,269 - Auto - INFO - <OMS.ElementKey.UIPage.Create_Warehousing_page.Create_ware_page object at 0x03021730>页面执行js:document.documentElement.scrollTop = 100000成功
2017-09-06 10:42:23,385 - Auto - INFO - 截图成功，以保存到：F:\Automated_use_case\OMS\screenpicture
2017-09-06 10:42:23,399 - Auto - INFO - <OMS.ElementKey.UIPage.Create_Warehousing_page.Create_ware_page object at 0x03021730> 页面中成功找到 ('id', 'create_feedback_div') 元素
