2017-09-11 20:30:25,334 - Auto - INFO - 打开网页成功http://192.168.10.223:61604/
2017-09-11 20:30:25,706 - Auto - INFO - <OMS.ElementKey.UIPage.Create_Warehousing_page.Create_ware_page object at 0x031607D0> 页面中成功找到 ('id', 'userName') 元素
2017-09-11 20:30:25,800 - Auto - INFO - <OMS.ElementKey.UIPage.Create_Warehousing_page.Create_ware_page object at 0x031607D0> 页面中成功找到 ('id', 'userPass') 元素
2017-09-11 20:30:25,897 - Auto - INFO - <OMS.ElementKey.UIPage.Create_Warehousing_page.Create_ware_page object at 0x031607D0> 页面中成功找到 ('css selector', '.loginbtn.radius5') 元素
2017-09-11 20:30:27,085 - Auto - INFO - <OMS.ElementKey.UIPage.Create_Warehousing_page.Create_ware_page object at 0x031607D0>页面执行js:leftMenu('54','创建入库单','/receiving/receiving/create?quick=54')成功
2017-09-11 20:30:27,085 - Auto - INFO - <OMS.ElementKey.UIPage.Create_Warehousing_page.Create_ware_page object at 0x031607D0>切换frame:('id', 'iframe-container-54')成功
2017-09-11 20:30:27,176 - Auto - INFO - <OMS.ElementKey.UIPage.Create_Warehousing_page.Create_ware_page object at 0x031607D0> 页面中成功找到 ('id', 'iframe-container-54') 元素
2017-09-11 20:30:27,782 - Auto - INFO - <OMS.ElementKey.UIPage.Create_Warehousing_page.Create_ware_page object at 0x031607D0> 页面中成功找到 ('xpath', ".//*[@id='asnForm']/table/tbody/tr[1]/td[2]/div/div[2]") 元素
2017-09-11 20:30:28,145 - Auto - INFO - <OMS.ElementKey.UIPage.Create_Warehousing_page.Create_ware_page object at 0x031607D0> 页面中成功找到 ('id', 'transit_warehouse') 元素
2017-09-11 20:30:28,486 - Auto - INFO - <OMS.ElementKey.UIPage.Create_Warehousing_page.Create_ware_page object at 0x031607D0> 页面中成功找到 ('id', 'new_target_warehouse_code') 元素
2017-09-11 20:30:28,800 - Auto - INFO - <OMS.ElementKey.UIPage.Create_Warehousing_page.Create_ware_page object at 0x031607D0> 页面中成功找到 ('name', 'volume') 元素
2017-09-11 20:30:28,857 - Auto - INFO - <OMS.ElementKey.UIPage.Create_Warehousing_page.Create_ware_page object at 0x031607D0> 页面中成功找到 ('name', 'weight') 元素
2017-09-11 20:30:28,920 - Auto - INFO - <OMS.ElementKey.UIPage.Create_Warehousing_page.Create_ware_page object at 0x031607D0> 页面中成功找到 ('id', 'sm_code') 元素
2017-09-11 20:30:29,890 - Auto - INFO - <OMS.ElementKey.UIPage.Create_Warehousing_page.Create_ware_page object at 0x031607D0> 页面中成功找到 ('xpath', "(//select[@id='receiving_shipping_type'])[2]") 元素
2017-09-11 20:30:30,247 - Auto - INFO - <OMS.ElementKey.UIPage.Create_Warehousing_page.Create_ware_page object at 0x031607D0> 页面中成功找到 ('name', 'tax_type') 元素
2017-09-11 20:30:30,568 - Auto - INFO - <OMS.ElementKey.UIPage.Create_Warehousing_page.Create_ware_page object at 0x031607D0> 页面中成功找到 ('name', 'customer_type') 元素
2017-09-11 20:30:30,880 - Auto - INFO - <OMS.ElementKey.UIPage.Create_Warehousing_page.Create_ware_page object at 0x031607D0> 页面中成功找到 ('xpath', "(//input[@id='refrence_no'])[2]") 元素
2017-09-11 20:30:30,944 - Auto - INFO - <OMS.ElementKey.UIPage.Create_Warehousing_page.Create_ware_page object at 0x031607D0> 页面中成功找到 ('xpath', "(//input[@name='shipping_method'])[2]") 元素
2017-09-11 20:30:31,026 - Auto - INFO - <OMS.ElementKey.UIPage.Create_Warehousing_page.Create_ware_page object at 0x031607D0> 页面中成功找到 ('xpath', "(//input[@name='tracking_no'])[2]") 元素
2017-09-11 20:30:31,092 - Auto - INFO - <OMS.ElementKey.UIPage.Create_Warehousing_page.Create_ware_page object at 0x031607D0> 页面中成功找到 ('xpath', ".//*[@id='asnForm']/table/tbody/tr[12]/td[2]/input") 元素
2017-09-11 20:31:53,152 - Auto - INFO - <OMS.ElementKey.UIPage.Create_Warehousing_page.Create_ware_page object at 0x031607D0>页面执行js:document.getElementById('fileField').click()成功
2017-09-11 20:31:55,974 - Auto - INFO - 上传文件成功
2017-09-11 20:31:57,086 - Auto - INFO - <OMS.ElementKey.UIPage.Create_Warehousing_page.Create_ware_page object at 0x031607D0>页面执行js:document.getElementById('import_manufacture_datas').click()成功
2017-09-11 20:31:58,178 - Auto - INFO - 上传文件成功
2017-09-11 20:31:58,469 - Auto - INFO - <OMS.ElementKey.UIPage.Create_Warehousing_page.Create_ware_page object at 0x031607D0>页面执行js:document.getElementById('customs_document').click()成功
2017-09-11 20:31:59,540 - Auto - INFO - 上传文件成功
2017-09-11 20:31:59,659 - Auto - INFO - <OMS.ElementKey.UIPage.Create_Warehousing_page.Create_ware_page object at 0x031607D0> 页面中成功找到 ('id', 'imBoxNo') 元素
2017-09-11 20:31:59,725 - Auto - INFO - <OMS.ElementKey.UIPage.Create_Warehousing_page.Create_ware_page object at 0x031607D0> 页面中成功找到 ('id', 'imCodeSearch') 元素
2017-09-11 20:31:59,939 - Auto - INFO - <OMS.ElementKey.UIPage.Create_Warehousing_page.Create_ware_page object at 0x031607D0> 页面中成功找到 ('id', 'imQuantity') 元素
2017-09-11 20:32:00,017 - Auto - INFO - <OMS.ElementKey.UIPage.Create_Warehousing_page.Create_ware_page object at 0x031607D0> 页面中成功找到 ('id', 'addItem') 元素
2017-09-11 20:32:00,494 - Auto - INFO - <OMS.ElementKey.UIPage.Create_Warehousing_page.Create_ware_page object at 0x031607D0> 页面中成功找到 ('id', 'asnSubmitBtn') 元素
2017-09-11 20:32:00,958 - Auto - INFO - <OMS.ElementKey.UIPage.Create_Warehousing_page.Create_ware_page object at 0x031607D0>页面执行js:document.documentElement.scrollTop = 100000成功
2017-09-11 20:32:03,086 - Auto - INFO - 截图成功，以保存到：F:\Automated_use_case\OMS\screenpicture
2017-09-11 20:32:03,105 - Auto - INFO - <OMS.ElementKey.UIPage.Create_Warehousing_page.Create_ware_page object at 0x031607D0> 页面中成功找到 ('id', 'create_feedback_div') 元素
