2017-09-06 13:27:29,084 - Auto - INFO - 打开网页成功http://192.168.10.223:61604/
2017-09-06 13:27:29,171 - Auto - INFO - <OMS.ElementKey.UIPage.Create_Warehousing_page.Create_ware_page object at 0x030316F0> 页面中成功找到 ('id', 'userName') 元素
2017-09-06 13:27:29,240 - Auto - INFO - <OMS.ElementKey.UIPage.Create_Warehousing_page.Create_ware_page object at 0x030316F0> 页面中成功找到 ('id', 'userPass') 元素
2017-09-06 13:27:29,303 - Auto - INFO - <OMS.ElementKey.UIPage.Create_Warehousing_page.Create_ware_page object at 0x030316F0> 页面中成功找到 ('css selector', '.loginbtn.radius5') 元素
2017-09-06 13:27:30,157 - Auto - INFO - <OMS.ElementKey.UIPage.Create_Warehousing_page.Create_ware_page object at 0x030316F0>页面执行js:leftMenu('54','创建入库单','/receiving/receiving/create?quick=54')成功
2017-09-06 13:27:30,158 - Auto - INFO - <OMS.ElementKey.UIPage.Create_Warehousing_page.Create_ware_page object at 0x030316F0>切换frame:('id', 'iframe-container-54')成功
2017-09-06 13:27:30,212 - Auto - INFO - <OMS.ElementKey.UIPage.Create_Warehousing_page.Create_ware_page object at 0x030316F0> 页面中成功找到 ('id', 'iframe-container-54') 元素
2017-09-06 13:27:30,779 - Auto - INFO - <OMS.ElementKey.UIPage.Create_Warehousing_page.Create_ware_page object at 0x030316F0> 页面中成功找到 ('xpath', ".//*[@id='asnForm']/table/tbody/tr[1]/td[2]/div/div[2]") 元素
2017-09-06 13:27:31,056 - Auto - INFO - <OMS.ElementKey.UIPage.Create_Warehousing_page.Create_ware_page object at 0x030316F0> 页面中成功找到 ('id', 'transit_warehouse') 元素
2017-09-06 13:27:31,353 - Auto - INFO - <OMS.ElementKey.UIPage.Create_Warehousing_page.Create_ware_page object at 0x030316F0> 页面中成功找到 ('id', 'new_target_warehouse_code') 元素
2017-09-06 13:27:31,651 - Auto - INFO - <OMS.ElementKey.UIPage.Create_Warehousing_page.Create_ware_page object at 0x030316F0> 页面中成功找到 ('name', 'volume') 元素
2017-09-06 13:27:31,695 - Auto - INFO - <OMS.ElementKey.UIPage.Create_Warehousing_page.Create_ware_page object at 0x030316F0> 页面中成功找到 ('name', 'weight') 元素
2017-09-06 13:27:31,740 - Auto - INFO - <OMS.ElementKey.UIPage.Create_Warehousing_page.Create_ware_page object at 0x030316F0> 页面中成功找到 ('id', 'sm_code') 元素
2017-09-06 13:27:32,603 - Auto - INFO - <OMS.ElementKey.UIPage.Create_Warehousing_page.Create_ware_page object at 0x030316F0> 页面中成功找到 ('xpath', "(//select[@id='receiving_shipping_type'])[2]") 元素
2017-09-06 13:27:32,892 - Auto - INFO - <OMS.ElementKey.UIPage.Create_Warehousing_page.Create_ware_page object at 0x030316F0> 页面中成功找到 ('name', 'tax_type') 元素
2017-09-06 13:27:33,172 - Auto - INFO - <OMS.ElementKey.UIPage.Create_Warehousing_page.Create_ware_page object at 0x030316F0> 页面中成功找到 ('name', 'customer_type') 元素
2017-09-06 13:27:33,457 - Auto - INFO - <OMS.ElementKey.UIPage.Create_Warehousing_page.Create_ware_page object at 0x030316F0> 页面中成功找到 ('xpath', "(//input[@id='refrence_no'])[2]") 元素
2017-09-06 13:27:33,513 - Auto - INFO - <OMS.ElementKey.UIPage.Create_Warehousing_page.Create_ware_page object at 0x030316F0> 页面中成功找到 ('xpath', "(//input[@name='shipping_method'])[2]") 元素
2017-09-06 13:27:33,559 - Auto - INFO - <OMS.ElementKey.UIPage.Create_Warehousing_page.Create_ware_page object at 0x030316F0> 页面中成功找到 ('xpath', "(//input[@name='tracking_no'])[2]") 元素
2017-09-06 13:27:33,606 - Auto - INFO - <OMS.ElementKey.UIPage.Create_Warehousing_page.Create_ware_page object at 0x030316F0> 页面中成功找到 ('xpath', ".//*[@id='asnForm']/table/tbody/tr[12]/td[2]/input") 元素
2017-09-06 13:27:34,429 - Auto - INFO - 点击文本值为6的链接成功
2017-09-06 13:27:34,448 - Auto - INFO - <OMS.ElementKey.UIPage.Create_Warehousing_page.Create_ware_page object at 0x030316F0>页面执行js:document.getElementById('fileField').click()成功
2017-09-06 13:27:35,484 - Auto - INFO - 上传文件成功
2017-09-06 13:27:35,621 - Auto - INFO - <OMS.ElementKey.UIPage.Create_Warehousing_page.Create_ware_page object at 0x030316F0>页面执行js:document.getElementById('import_manufacture_datas').click()成功
2017-09-06 13:27:36,654 - Auto - INFO - 上传文件成功
2017-09-06 13:27:36,894 - Auto - INFO - <OMS.ElementKey.UIPage.Create_Warehousing_page.Create_ware_page object at 0x030316F0>页面执行js:document.getElementById('customs_document').click()成功
2017-09-06 13:27:37,941 - Auto - INFO - 上传文件成功
2017-09-06 13:27:38,003 - Auto - INFO - <OMS.ElementKey.UIPage.Create_Warehousing_page.Create_ware_page object at 0x030316F0> 页面中成功找到 ('id', 'imBoxNo') 元素
2017-09-06 13:27:38,121 - Auto - INFO - <OMS.ElementKey.UIPage.Create_Warehousing_page.Create_ware_page object at 0x030316F0> 页面中成功找到 ('id', 'imCodeSearch') 元素
2017-09-06 13:27:38,244 - Auto - INFO - <OMS.ElementKey.UIPage.Create_Warehousing_page.Create_ware_page object at 0x030316F0> 页面中成功找到 ('id', 'imQuantity') 元素
2017-09-06 13:27:38,310 - Auto - INFO - <OMS.ElementKey.UIPage.Create_Warehousing_page.Create_ware_page object at 0x030316F0> 页面中成功找到 ('id', 'addItem') 元素
2017-09-06 13:27:38,652 - Auto - INFO - <OMS.ElementKey.UIPage.Create_Warehousing_page.Create_ware_page object at 0x030316F0> 页面中成功找到 ('id', 'asnSubmitBtn') 元素
2017-09-06 13:27:38,971 - Auto - INFO - <OMS.ElementKey.UIPage.Create_Warehousing_page.Create_ware_page object at 0x030316F0>页面执行js:document.documentElement.scrollTop = 100000成功
2017-09-06 13:27:41,085 - Auto - INFO - 截图成功，以保存到：F:\Automated_use_case\OMS\screenpicture
2017-09-06 13:27:41,101 - Auto - INFO - <OMS.ElementKey.UIPage.Create_Warehousing_page.Create_ware_page object at 0x030316F0> 页面中成功找到 ('id', 'create_feedback_div') 元素
2017-09-06 13:27:51,930 - Auto - INFO - 打开网页成功http://192.168.10.223:61604/
2017-09-06 13:27:52,098 - Auto - INFO - <OMS.ElementKey.UIPage.Create_Warehousing_page.Create_ware_page object at 0x031E6990> 页面中成功找到 ('id', 'userName') 元素
2017-09-06 13:27:52,175 - Auto - INFO - <OMS.ElementKey.UIPage.Create_Warehousing_page.Create_ware_page object at 0x031E6990> 页面中成功找到 ('id', 'userPass') 元素
2017-09-06 13:27:52,231 - Auto - INFO - <OMS.ElementKey.UIPage.Create_Warehousing_page.Create_ware_page object at 0x031E6990> 页面中成功找到 ('css selector', '.loginbtn.radius5') 元素
2017-09-06 13:27:53,444 - Auto - INFO - <OMS.ElementKey.UIPage.Create_Warehousing_page.Create_ware_page object at 0x031E6990>页面执行js:leftMenu('45','入库单管理','/receiving/receiving/index?quick=45')成功
2017-09-06 13:27:53,445 - Auto - INFO - <OMS.ElementKey.UIPage.Create_Warehousing_page.Create_ware_page object at 0x031E6990>切换frame:('id', 'iframe-container-45')成功
2017-09-06 13:27:53,498 - Auto - INFO - <OMS.ElementKey.UIPage.Create_Warehousing_page.Create_ware_page object at 0x031E6990> 页面中成功找到 ('id', 'iframe-container-45') 元素
