2017-09-05 18:30:20,531 - Auto - INFO - 打开网页成功http://192.168.10.223:61604/
2017-09-05 18:30:20,671 - Auto - INFO - <OMS.ElementKey.UIPage.Create_Warehousing_page.Create_ware_page object at 0x03022790> 页面中成功找到 ('id', 'userName') 元素
2017-09-05 18:30:20,786 - Auto - INFO - <OMS.ElementKey.UIPage.Create_Warehousing_page.Create_ware_page object at 0x03022790> 页面中成功找到 ('id', 'userPass') 元素
2017-09-05 18:30:20,864 - Auto - INFO - <OMS.ElementKey.UIPage.Create_Warehousing_page.Create_ware_page object at 0x03022790> 页面中成功找到 ('css selector', '.loginbtn.radius5') 元素
2017-09-05 18:30:22,908 - Auto - INFO - <OMS.ElementKey.UIPage.Create_Warehousing_page.Create_ware_page object at 0x03022790>页面执行js:leftMenu('54','创建入库单','/receiving/receiving/create?quick=54')成功
2017-09-05 18:30:22,908 - Auto - INFO - <OMS.ElementKey.UIPage.Create_Warehousing_page.Create_ware_page object at 0x03022790>切换frame:('id', 'iframe-container-54')成功
2017-09-05 18:30:23,020 - Auto - INFO - <OMS.ElementKey.UIPage.Create_Warehousing_page.Create_ware_page object at 0x03022790> 页面中成功找到 ('id', 'iframe-container-54') 元素
2017-09-05 18:30:23,583 - Auto - INFO - <OMS.ElementKey.UIPage.Create_Warehousing_page.Create_ware_page object at 0x03022790> 页面中成功找到 ('xpath', ".//*[@id='asnForm']/table/tbody/tr[1]/td[2]/div/div[2]") 元素
2017-09-05 18:30:23,847 - Auto - INFO - <OMS.ElementKey.UIPage.Create_Warehousing_page.Create_ware_page object at 0x03022790> 页面中成功找到 ('id', 'transit_warehouse') 元素
2017-09-05 18:30:24,130 - Auto - INFO - <OMS.ElementKey.UIPage.Create_Warehousing_page.Create_ware_page object at 0x03022790> 页面中成功找到 ('id', 'new_target_warehouse_code') 元素
2017-09-05 18:30:24,423 - Auto - INFO - <OMS.ElementKey.UIPage.Create_Warehousing_page.Create_ware_page object at 0x03022790> 页面中成功找到 ('name', 'volume') 元素
2017-09-05 18:30:24,465 - Auto - INFO - <OMS.ElementKey.UIPage.Create_Warehousing_page.Create_ware_page object at 0x03022790> 页面中成功找到 ('name', 'weight') 元素
2017-09-05 18:30:24,514 - Auto - INFO - <OMS.ElementKey.UIPage.Create_Warehousing_page.Create_ware_page object at 0x03022790> 页面中成功找到 ('id', 'sm_code') 元素
2017-09-05 18:30:25,456 - Auto - INFO - <OMS.ElementKey.UIPage.Create_Warehousing_page.Create_ware_page object at 0x03022790> 页面中成功找到 ('xpath', "(//select[@id='receiving_shipping_type'])[2]") 元素
2017-09-05 18:30:25,749 - Auto - INFO - <OMS.ElementKey.UIPage.Create_Warehousing_page.Create_ware_page object at 0x03022790> 页面中成功找到 ('name', 'tax_type') 元素
2017-09-05 18:30:26,040 - Auto - INFO - <OMS.ElementKey.UIPage.Create_Warehousing_page.Create_ware_page object at 0x03022790> 页面中成功找到 ('name', 'customer_type') 元素
2017-09-05 18:30:26,326 - Auto - INFO - <OMS.ElementKey.UIPage.Create_Warehousing_page.Create_ware_page object at 0x03022790> 页面中成功找到 ('xpath', "(//input[@id='refrence_no'])[2]") 元素
2017-09-05 18:30:26,380 - Auto - INFO - <OMS.ElementKey.UIPage.Create_Warehousing_page.Create_ware_page object at 0x03022790> 页面中成功找到 ('xpath', "(//input[@name='shipping_method'])[2]") 元素
2017-09-05 18:30:26,425 - Auto - INFO - <OMS.ElementKey.UIPage.Create_Warehousing_page.Create_ware_page object at 0x03022790> 页面中成功找到 ('xpath', "(//input[@name='tracking_no'])[2]") 元素
2017-09-05 18:30:26,469 - Auto - INFO - <OMS.ElementKey.UIPage.Create_Warehousing_page.Create_ware_page object at 0x03022790> 页面中成功找到 ('xpath', ".//*[@id='asnForm']/table/tbody/tr[12]/td[2]/input") 元素
2017-09-05 18:30:27,490 - Auto - INFO - 点击文本值为6的链接成功
2017-09-05 18:30:27,501 - Auto - INFO - <OMS.ElementKey.UIPage.Create_Warehousing_page.Create_ware_page object at 0x03022790>页面执行js:document.getElementById('fileField').click()成功
2017-09-05 18:30:28,541 - Auto - INFO - 上传文件成功
2017-09-05 18:30:28,677 - Auto - INFO - <OMS.ElementKey.UIPage.Create_Warehousing_page.Create_ware_page object at 0x03022790>页面执行js:document.getElementById('import_manufacture_datas').click()成功
2017-09-05 18:30:29,715 - Auto - INFO - 上传文件成功
2017-09-05 18:30:29,759 - Auto - INFO - <OMS.ElementKey.UIPage.Create_Warehousing_page.Create_ware_page object at 0x03022790>页面执行js:document.getElementById('customs_document').click()成功
2017-09-05 18:30:30,804 - Auto - INFO - 上传文件成功
2017-09-05 18:30:30,862 - Auto - INFO - <OMS.ElementKey.UIPage.Create_Warehousing_page.Create_ware_page object at 0x03022790> 页面中成功找到 ('id', 'imBoxNo') 元素
2017-09-05 18:30:30,946 - Auto - INFO - <OMS.ElementKey.UIPage.Create_Warehousing_page.Create_ware_page object at 0x03022790> 页面中成功找到 ('id', 'imCodeSearch') 元素
2017-09-05 18:30:31,029 - Auto - INFO - <OMS.ElementKey.UIPage.Create_Warehousing_page.Create_ware_page object at 0x03022790> 页面中成功找到 ('id', 'imQuantity') 元素
2017-09-05 18:30:31,075 - Auto - INFO - <OMS.ElementKey.UIPage.Create_Warehousing_page.Create_ware_page object at 0x03022790> 页面中成功找到 ('id', 'addItem') 元素
2017-09-05 18:30:31,460 - Auto - INFO - <OMS.ElementKey.UIPage.Create_Warehousing_page.Create_ware_page object at 0x03022790> 页面中成功找到 ('id', 'asnSubmitBtn') 元素
2017-09-05 18:30:31,761 - Auto - INFO - <OMS.ElementKey.UIPage.Create_Warehousing_page.Create_ware_page object at 0x03022790>页面执行js:document.documentElement.scrollTop = 100000成功
2017-09-05 18:30:33,880 - Auto - INFO - 截图成功，以保存到：F:\Automated_use_case\OMS\screenpicture
2017-09-05 18:30:33,896 - Auto - INFO - <OMS.ElementKey.UIPage.Create_Warehousing_page.Create_ware_page object at 0x03022790> 页面中成功找到 ('id', 'create_feedback_div') 元素
