2017-09-11 21:15:36,637 - Auto - INFO - 打开网页成功http://192.168.10.223:61604/
2017-09-11 21:15:36,881 - Auto - INFO - <OMS.ElementKey.UIPage.Create_Warehousing_page.Create_ware_page object at 0x031953F0> 页面中成功找到 ('id', 'userName') 元素
2017-09-11 21:15:37,001 - Auto - INFO - <OMS.ElementKey.UIPage.Create_Warehousing_page.Create_ware_page object at 0x031953F0> 页面中成功找到 ('id', 'userPass') 元素
2017-09-11 21:15:37,174 - Auto - INFO - <OMS.ElementKey.UIPage.Create_Warehousing_page.Create_ware_page object at 0x031953F0> 页面中成功找到 ('css selector', '.loginbtn.radius5') 元素
2017-09-11 21:15:38,508 - Auto - INFO - <OMS.ElementKey.UIPage.Create_Warehousing_page.Create_ware_page object at 0x031953F0>页面执行js:leftMenu('54','创建入库单','/receiving/receiving/create?quick=54')成功
2017-09-11 21:15:38,508 - Auto - INFO - <OMS.ElementKey.UIPage.Create_Warehousing_page.Create_ware_page object at 0x031953F0>切换frame:('id', 'iframe-container-54')成功
2017-09-11 21:15:38,593 - Auto - INFO - <OMS.ElementKey.UIPage.Create_Warehousing_page.Create_ware_page object at 0x031953F0> 页面中成功找到 ('id', 'iframe-container-54') 元素
2017-09-11 21:15:39,335 - Auto - INFO - <OMS.ElementKey.UIPage.Create_Warehousing_page.Create_ware_page object at 0x031953F0> 页面中成功找到 ('xpath', ".//*[@id='asnForm']/table/tbody/tr[1]/td[2]/div/div[2]") 元素
2017-09-11 21:15:39,628 - Auto - INFO - <OMS.ElementKey.UIPage.Create_Warehousing_page.Create_ware_page object at 0x031953F0> 页面中成功找到 ('id', 'transit_warehouse') 元素
2017-09-11 21:15:39,982 - Auto - INFO - <OMS.ElementKey.UIPage.Create_Warehousing_page.Create_ware_page object at 0x031953F0> 页面中成功找到 ('id', 'new_target_warehouse_code') 元素
2017-09-11 21:15:40,352 - Auto - INFO - <OMS.ElementKey.UIPage.Create_Warehousing_page.Create_ware_page object at 0x031953F0> 页面中成功找到 ('name', 'volume') 元素
2017-09-11 21:15:40,425 - Auto - INFO - <OMS.ElementKey.UIPage.Create_Warehousing_page.Create_ware_page object at 0x031953F0> 页面中成功找到 ('name', 'weight') 元素
2017-09-11 21:15:40,821 - Auto - INFO - <OMS.ElementKey.UIPage.Create_Warehousing_page.Create_ware_page object at 0x031953F0> 页面中成功找到 ('id', 'sm_code') 元素
2017-09-11 21:15:41,118 - Auto - INFO - <OMS.ElementKey.UIPage.Create_Warehousing_page.Create_ware_page object at 0x031953F0> 页面中成功找到 ('xpath', "(//select[@id='receiving_shipping_type'])[2]") 元素
2017-09-11 21:15:41,493 - Auto - INFO - <OMS.ElementKey.UIPage.Create_Warehousing_page.Create_ware_page object at 0x031953F0> 页面中成功找到 ('name', 'tax_type') 元素
2017-09-11 21:15:41,863 - Auto - INFO - <OMS.ElementKey.UIPage.Create_Warehousing_page.Create_ware_page object at 0x031953F0> 页面中成功找到 ('name', 'customer_type') 元素
2017-09-11 21:15:42,196 - Auto - INFO - <OMS.ElementKey.UIPage.Create_Warehousing_page.Create_ware_page object at 0x031953F0> 页面中成功找到 ('xpath', "(//input[@id='refrence_no'])[2]") 元素
2017-09-11 21:15:42,290 - Auto - INFO - <OMS.ElementKey.UIPage.Create_Warehousing_page.Create_ware_page object at 0x031953F0> 页面中成功找到 ('xpath', "(//input[@name='shipping_method'])[2]") 元素
2017-09-11 21:15:42,374 - Auto - INFO - <OMS.ElementKey.UIPage.Create_Warehousing_page.Create_ware_page object at 0x031953F0> 页面中成功找到 ('xpath', "(//input[@name='tracking_no'])[2]") 元素
2017-09-11 21:15:42,494 - Auto - INFO - <OMS.ElementKey.UIPage.Create_Warehousing_page.Create_ware_page object at 0x031953F0> 页面中成功找到 ('xpath', ".//*[@id='asnForm']/table/tbody/tr[12]/td[2]/input") 元素
2017-09-11 21:15:44,375 - Auto - INFO - 点击文本值为6的链接成功
2017-09-11 21:16:04,686 - Auto - ERROR - <OMS.ElementKey.UIPage.Create_Warehousing_page.Create_ware_page object at 0x031953F0>页面执行js:document.getElementById('fileField').click()失败
2017-09-11 21:16:05,687 - Auto - INFO - 上传文件成功
2017-09-11 21:16:05,690 - Auto - ERROR - <OMS.ElementKey.UIPage.Create_Warehousing_page.Create_ware_page object at 0x031953F0>页面执行js:document.getElementById('import_manufacture_datas').click()失败
2017-09-11 21:16:06,690 - Auto - INFO - 上传文件成功
2017-09-11 21:16:06,694 - Auto - ERROR - <OMS.ElementKey.UIPage.Create_Warehousing_page.Create_ware_page object at 0x031953F0>页面执行js:document.getElementById('customs_document').click()失败
2017-09-11 21:16:07,707 - Auto - INFO - 上传文件成功
2017-09-11 21:16:07,719 - Auto - ERROR - <OMS.ElementKey.UIPage.Create_Warehousing_page.Create_ware_page object at 0x031953F0>页面未能找到('id', 'imBoxNo')元素
