2017-09-06 13:29:26,564 - Auto - INFO - 打开网页成功http://192.168.10.223:61604/
2017-09-06 13:29:26,729 - Auto - INFO - <OMS.ElementKey.UIPage.Create_Warehousing_page.Create_ware_page object at 0x03021730> 页面中成功找到 ('id', 'userName') 元素
2017-09-06 13:29:26,813 - Auto - INFO - <OMS.ElementKey.UIPage.Create_Warehousing_page.Create_ware_page object at 0x03021730> 页面中成功找到 ('id', 'userPass') 元素
2017-09-06 13:29:26,886 - Auto - INFO - <OMS.ElementKey.UIPage.Create_Warehousing_page.Create_ware_page object at 0x03021730> 页面中成功找到 ('css selector', '.loginbtn.radius5') 元素
2017-09-06 13:29:28,094 - Auto - INFO - <OMS.ElementKey.UIPage.Create_Warehousing_page.Create_ware_page object at 0x03021730>页面执行js:leftMenu('54','创建入库单','/receiving/receiving/create?quick=54')成功
2017-09-06 13:29:28,095 - Auto - INFO - <OMS.ElementKey.UIPage.Create_Warehousing_page.Create_ware_page object at 0x03021730>切换frame:('id', 'iframe-container-54')成功
2017-09-06 13:29:28,167 - Auto - INFO - <OMS.ElementKey.UIPage.Create_Warehousing_page.Create_ware_page object at 0x03021730> 页面中成功找到 ('id', 'iframe-container-54') 元素
2017-09-06 13:29:28,864 - Auto - INFO - <OMS.ElementKey.UIPage.Create_Warehousing_page.Create_ware_page object at 0x03021730> 页面中成功找到 ('xpath', ".//*[@id='asnForm']/table/tbody/tr[1]/td[2]/div/div[2]") 元素
2017-09-06 13:29:29,182 - Auto - INFO - <OMS.ElementKey.UIPage.Create_Warehousing_page.Create_ware_page object at 0x03021730> 页面中成功找到 ('id', 'transit_warehouse') 元素
2017-09-06 13:29:29,487 - Auto - INFO - <OMS.ElementKey.UIPage.Create_Warehousing_page.Create_ware_page object at 0x03021730> 页面中成功找到 ('id', 'new_target_warehouse_code') 元素
2017-09-06 13:29:29,773 - Auto - INFO - <OMS.ElementKey.UIPage.Create_Warehousing_page.Create_ware_page object at 0x03021730> 页面中成功找到 ('name', 'volume') 元素
2017-09-06 13:29:29,818 - Auto - INFO - <OMS.ElementKey.UIPage.Create_Warehousing_page.Create_ware_page object at 0x03021730> 页面中成功找到 ('name', 'weight') 元素
2017-09-06 13:29:29,862 - Auto - INFO - <OMS.ElementKey.UIPage.Create_Warehousing_page.Create_ware_page object at 0x03021730> 页面中成功找到 ('id', 'sm_code') 元素
2017-09-06 13:29:30,363 - Auto - INFO - <OMS.ElementKey.UIPage.Create_Warehousing_page.Create_ware_page object at 0x03021730> 页面中成功找到 ('xpath', "(//select[@id='receiving_shipping_type'])[2]") 元素
2017-09-06 13:29:30,639 - Auto - INFO - <OMS.ElementKey.UIPage.Create_Warehousing_page.Create_ware_page object at 0x03021730> 页面中成功找到 ('name', 'tax_type') 元素
2017-09-06 13:29:30,929 - Auto - INFO - <OMS.ElementKey.UIPage.Create_Warehousing_page.Create_ware_page object at 0x03021730> 页面中成功找到 ('name', 'customer_type') 元素
2017-09-06 13:29:31,280 - Auto - INFO - <OMS.ElementKey.UIPage.Create_Warehousing_page.Create_ware_page object at 0x03021730> 页面中成功找到 ('xpath', "(//input[@id='refrence_no'])[2]") 元素
2017-09-06 13:29:31,339 - Auto - INFO - <OMS.ElementKey.UIPage.Create_Warehousing_page.Create_ware_page object at 0x03021730> 页面中成功找到 ('xpath', "(//input[@name='shipping_method'])[2]") 元素
2017-09-06 13:29:31,426 - Auto - INFO - <OMS.ElementKey.UIPage.Create_Warehousing_page.Create_ware_page object at 0x03021730> 页面中成功找到 ('xpath', "(//input[@name='tracking_no'])[2]") 元素
2017-09-06 13:29:31,483 - Auto - INFO - <OMS.ElementKey.UIPage.Create_Warehousing_page.Create_ware_page object at 0x03021730> 页面中成功找到 ('xpath', ".//*[@id='asnForm']/table/tbody/tr[12]/td[2]/input") 元素
2017-09-06 13:29:32,357 - Auto - INFO - 点击文本值为6的链接成功
2017-09-06 13:29:32,538 - Auto - INFO - <OMS.ElementKey.UIPage.Create_Warehousing_page.Create_ware_page object at 0x03021730>页面执行js:document.getElementById('fileField').click()成功
2017-09-06 13:29:33,573 - Auto - INFO - 上传文件成功
2017-09-06 13:29:33,717 - Auto - INFO - <OMS.ElementKey.UIPage.Create_Warehousing_page.Create_ware_page object at 0x03021730>页面执行js:document.getElementById('import_manufacture_datas').click()成功
2017-09-06 13:29:34,763 - Auto - INFO - 上传文件成功
2017-09-06 13:29:34,861 - Auto - INFO - <OMS.ElementKey.UIPage.Create_Warehousing_page.Create_ware_page object at 0x03021730>页面执行js:document.getElementById('customs_document').click()成功
2017-09-06 13:29:35,899 - Auto - INFO - 上传文件成功
2017-09-06 13:29:35,971 - Auto - INFO - <OMS.ElementKey.UIPage.Create_Warehousing_page.Create_ware_page object at 0x03021730> 页面中成功找到 ('id', 'imBoxNo') 元素
2017-09-06 13:29:36,064 - Auto - INFO - <OMS.ElementKey.UIPage.Create_Warehousing_page.Create_ware_page object at 0x03021730> 页面中成功找到 ('id', 'imCodeSearch') 元素
2017-09-06 13:29:36,145 - Auto - INFO - <OMS.ElementKey.UIPage.Create_Warehousing_page.Create_ware_page object at 0x03021730> 页面中成功找到 ('id', 'imQuantity') 元素
2017-09-06 13:29:36,190 - Auto - INFO - <OMS.ElementKey.UIPage.Create_Warehousing_page.Create_ware_page object at 0x03021730> 页面中成功找到 ('id', 'addItem') 元素
2017-09-06 13:29:36,504 - Auto - INFO - <OMS.ElementKey.UIPage.Create_Warehousing_page.Create_ware_page object at 0x03021730> 页面中成功找到 ('id', 'asnSubmitBtn') 元素
2017-09-06 13:29:36,805 - Auto - INFO - <OMS.ElementKey.UIPage.Create_Warehousing_page.Create_ware_page object at 0x03021730>页面执行js:document.documentElement.scrollTop = 100000成功
2017-09-06 13:29:38,919 - Auto - INFO - 截图成功，以保存到：F:\Automated_use_case\OMS\screenpicture
2017-09-06 13:29:38,934 - Auto - INFO - <OMS.ElementKey.UIPage.Create_Warehousing_page.Create_ware_page object at 0x03021730> 页面中成功找到 ('id', 'create_feedback_div') 元素
2017-09-06 13:29:49,782 - Auto - INFO - 打开网页成功http://192.168.10.223:61604/
2017-09-06 13:29:49,891 - Auto - INFO - <OMS.ElementKey.UIPage.Create_Warehousing_page.Create_ware_page object at 0x031969B0> 页面中成功找到 ('id', 'userName') 元素
2017-09-06 13:29:49,954 - Auto - INFO - <OMS.ElementKey.UIPage.Create_Warehousing_page.Create_ware_page object at 0x031969B0> 页面中成功找到 ('id', 'userPass') 元素
2017-09-06 13:29:50,013 - Auto - INFO - <OMS.ElementKey.UIPage.Create_Warehousing_page.Create_ware_page object at 0x031969B0> 页面中成功找到 ('css selector', '.loginbtn.radius5') 元素
2017-09-06 13:29:50,951 - Auto - INFO - <OMS.ElementKey.UIPage.Create_Warehousing_page.Create_ware_page object at 0x031969B0>页面执行js:leftMenu('45','入库单管理','/receiving/receiving/index?quick=45')成功
2017-09-06 13:29:50,951 - Auto - INFO - <OMS.ElementKey.UIPage.Create_Warehousing_page.Create_ware_page object at 0x031969B0>切换frame:('id', 'iframe-container-45')成功
2017-09-06 13:29:51,015 - Auto - INFO - <OMS.ElementKey.UIPage.Create_Warehousing_page.Create_ware_page object at 0x031969B0> 页面中成功找到 ('id', 'iframe-container-45') 元素
2017-09-06 13:29:53,733 - Auto - ERROR - 未找到文本值为xpath的元素
