2017-09-06 11:27:04,948 - Auto - INFO - 打开网页成功http://192.168.10.223:61604/
2017-09-06 11:27:05,140 - Auto - INFO - <OMS.ElementKey.UIPage.Create_Warehousing_page.Create_ware_page object at 0x03047450> 页面中成功找到 ('id', 'userName') 元素
2017-09-06 11:27:05,203 - Auto - INFO - <OMS.ElementKey.UIPage.Create_Warehousing_page.Create_ware_page object at 0x03047450> 页面中成功找到 ('id', 'userPass') 元素
2017-09-06 11:27:05,277 - Auto - INFO - <OMS.ElementKey.UIPage.Create_Warehousing_page.Create_ware_page object at 0x03047450> 页面中成功找到 ('css selector', '.loginbtn.radius5') 元素
2017-09-06 11:27:06,169 - Auto - INFO - <OMS.ElementKey.UIPage.Create_Warehousing_page.Create_ware_page object at 0x03047450>页面执行js:leftMenu('54','创建入库单','/receiving/receiving/create?quick=54')成功
2017-09-06 11:27:06,169 - Auto - INFO - <OMS.ElementKey.UIPage.Create_Warehousing_page.Create_ware_page object at 0x03047450>切换frame:('id', 'iframe-container-54')成功
2017-09-06 11:27:06,238 - Auto - INFO - <OMS.ElementKey.UIPage.Create_Warehousing_page.Create_ware_page object at 0x03047450> 页面中成功找到 ('id', 'iframe-container-54') 元素
2017-09-06 11:27:06,830 - Auto - INFO - <OMS.ElementKey.UIPage.Create_Warehousing_page.Create_ware_page object at 0x03047450> 页面中成功找到 ('xpath', ".//*[@id='asnForm']/table/tbody/tr[1]/td[2]/div/div[2]") 元素
2017-09-06 11:27:07,116 - Auto - INFO - <OMS.ElementKey.UIPage.Create_Warehousing_page.Create_ware_page object at 0x03047450> 页面中成功找到 ('id', 'transit_warehouse') 元素
2017-09-06 11:27:07,401 - Auto - INFO - <OMS.ElementKey.UIPage.Create_Warehousing_page.Create_ware_page object at 0x03047450> 页面中成功找到 ('id', 'new_target_warehouse_code') 元素
2017-09-06 11:27:07,680 - Auto - INFO - <OMS.ElementKey.UIPage.Create_Warehousing_page.Create_ware_page object at 0x03047450> 页面中成功找到 ('name', 'volume') 元素
2017-09-06 11:27:07,724 - Auto - INFO - <OMS.ElementKey.UIPage.Create_Warehousing_page.Create_ware_page object at 0x03047450> 页面中成功找到 ('name', 'weight') 元素
2017-09-06 11:27:07,771 - Auto - INFO - <OMS.ElementKey.UIPage.Create_Warehousing_page.Create_ware_page object at 0x03047450> 页面中成功找到 ('id', 'sm_code') 元素
2017-09-06 11:27:08,338 - Auto - INFO - <OMS.ElementKey.UIPage.Create_Warehousing_page.Create_ware_page object at 0x03047450> 页面中成功找到 ('xpath', "(//select[@id='receiving_shipping_type'])[2]") 元素
2017-09-06 11:27:08,633 - Auto - INFO - <OMS.ElementKey.UIPage.Create_Warehousing_page.Create_ware_page object at 0x03047450> 页面中成功找到 ('name', 'tax_type') 元素
2017-09-06 11:27:08,929 - Auto - INFO - <OMS.ElementKey.UIPage.Create_Warehousing_page.Create_ware_page object at 0x03047450> 页面中成功找到 ('name', 'customer_type') 元素
2017-09-06 11:27:09,227 - Auto - INFO - <OMS.ElementKey.UIPage.Create_Warehousing_page.Create_ware_page object at 0x03047450> 页面中成功找到 ('xpath', "(//input[@id='refrence_no'])[2]") 元素
2017-09-06 11:27:09,281 - Auto - INFO - <OMS.ElementKey.UIPage.Create_Warehousing_page.Create_ware_page object at 0x03047450> 页面中成功找到 ('xpath', "(//input[@name='shipping_method'])[2]") 元素
2017-09-06 11:27:09,333 - Auto - INFO - <OMS.ElementKey.UIPage.Create_Warehousing_page.Create_ware_page object at 0x03047450> 页面中成功找到 ('xpath', "(//input[@name='tracking_no'])[2]") 元素
2017-09-06 11:27:09,385 - Auto - INFO - <OMS.ElementKey.UIPage.Create_Warehousing_page.Create_ware_page object at 0x03047450> 页面中成功找到 ('xpath', ".//*[@id='asnForm']/table/tbody/tr[12]/td[2]/input") 元素
2017-09-06 11:27:10,219 - Auto - INFO - 点击文本值为6的链接成功
2017-09-06 11:27:10,233 - Auto - INFO - <OMS.ElementKey.UIPage.Create_Warehousing_page.Create_ware_page object at 0x03047450>页面执行js:document.getElementById('fileField').click()成功
2017-09-06 11:27:11,272 - Auto - INFO - 上传文件成功
2017-09-06 11:27:11,374 - Auto - INFO - <OMS.ElementKey.UIPage.Create_Warehousing_page.Create_ware_page object at 0x03047450>页面执行js:document.getElementById('import_manufacture_datas').click()成功
2017-09-06 11:27:12,400 - Auto - INFO - 上传文件成功
2017-09-06 11:27:12,539 - Auto - INFO - <OMS.ElementKey.UIPage.Create_Warehousing_page.Create_ware_page object at 0x03047450>页面执行js:document.getElementById('customs_document').click()成功
2017-09-06 11:27:13,569 - Auto - INFO - 上传文件成功
2017-09-06 11:27:13,627 - Auto - INFO - <OMS.ElementKey.UIPage.Create_Warehousing_page.Create_ware_page object at 0x03047450> 页面中成功找到 ('id', 'imBoxNo') 元素
2017-09-06 11:27:13,709 - Auto - INFO - <OMS.ElementKey.UIPage.Create_Warehousing_page.Create_ware_page object at 0x03047450> 页面中成功找到 ('id', 'imCodeSearch') 元素
2017-09-06 11:27:13,798 - Auto - INFO - <OMS.ElementKey.UIPage.Create_Warehousing_page.Create_ware_page object at 0x03047450> 页面中成功找到 ('id', 'imQuantity') 元素
2017-09-06 11:27:13,846 - Auto - INFO - <OMS.ElementKey.UIPage.Create_Warehousing_page.Create_ware_page object at 0x03047450> 页面中成功找到 ('id', 'addItem') 元素
2017-09-06 11:27:14,172 - Auto - INFO - <OMS.ElementKey.UIPage.Create_Warehousing_page.Create_ware_page object at 0x03047450> 页面中成功找到 ('id', 'asnSubmitBtn') 元素
2017-09-06 11:27:14,500 - Auto - INFO - <OMS.ElementKey.UIPage.Create_Warehousing_page.Create_ware_page object at 0x03047450>页面执行js:document.documentElement.scrollTop = 100000成功
2017-09-06 11:27:16,611 - Auto - INFO - 截图成功，以保存到：F:\Automated_use_case\OMS\screenpicture
2017-09-06 11:27:16,626 - Auto - INFO - <OMS.ElementKey.UIPage.Create_Warehousing_page.Create_ware_page object at 0x03047450> 页面中成功找到 ('id', 'create_feedback_div') 元素
2017-09-06 11:27:25,783 - Auto - INFO - 打开网页成功http://192.168.10.223:61604/
2017-09-06 11:27:25,897 - Auto - INFO - <OMS.ElementKey.UIPage.Create_Warehousing_page.Create_ware_page object at 0x031F65F0> 页面中成功找到 ('id', 'userName') 元素
2017-09-06 11:27:25,966 - Auto - INFO - <OMS.ElementKey.UIPage.Create_Warehousing_page.Create_ware_page object at 0x031F65F0> 页面中成功找到 ('id', 'userPass') 元素
2017-09-06 11:27:26,027 - Auto - INFO - <OMS.ElementKey.UIPage.Create_Warehousing_page.Create_ware_page object at 0x031F65F0> 页面中成功找到 ('css selector', '.loginbtn.radius5') 元素
2017-09-06 11:27:26,876 - Auto - INFO - <OMS.ElementKey.UIPage.Create_Warehousing_page.Create_ware_page object at 0x031F65F0>页面执行js:leftMenu('45','入库单管理','/receiving/receiving/index?quick=45')成功
2017-09-06 11:27:26,876 - Auto - INFO - <OMS.ElementKey.UIPage.Create_Warehousing_page.Create_ware_page object at 0x031F65F0>切换frame:('id', 'iframe-container-54')成功
2017-09-06 11:27:37,127 - Auto - ERROR - <OMS.ElementKey.UIPage.Create_Warehousing_page.Create_ware_page object at 0x031F65F0>页面未能找到('id', 'iframe-container-54')元素
