2017-09-06 10:43:30,915 - Auto - INFO - 打开网页成功http://192.168.10.223:61604/
2017-09-06 10:43:31,109 - Auto - INFO - <OMS.ElementKey.UIPage.Create_Warehousing_page.Create_ware_page object at 0x03021730> 页面中成功找到 ('id', 'userName') 元素
2017-09-06 10:43:31,182 - Auto - INFO - <OMS.ElementKey.UIPage.Create_Warehousing_page.Create_ware_page object at 0x03021730> 页面中成功找到 ('id', 'userPass') 元素
2017-09-06 10:43:31,246 - Auto - INFO - <OMS.ElementKey.UIPage.Create_Warehousing_page.Create_ware_page object at 0x03021730> 页面中成功找到 ('css selector', '.loginbtn.radius5') 元素
2017-09-06 10:43:32,147 - Auto - INFO - <OMS.ElementKey.UIPage.Create_Warehousing_page.Create_ware_page object at 0x03021730>页面执行js:leftMenu('54','创建入库单','/receiving/receiving/create?quick=54')成功
2017-09-06 10:43:32,148 - Auto - INFO - <OMS.ElementKey.UIPage.Create_Warehousing_page.Create_ware_page object at 0x03021730>切换frame:('id', 'iframe-container-54')成功
2017-09-06 10:43:32,207 - Auto - INFO - <OMS.ElementKey.UIPage.Create_Warehousing_page.Create_ware_page object at 0x03021730> 页面中成功找到 ('id', 'iframe-container-54') 元素
2017-09-06 10:43:32,766 - Auto - INFO - <OMS.ElementKey.UIPage.Create_Warehousing_page.Create_ware_page object at 0x03021730> 页面中成功找到 ('xpath', ".//*[@id='asnForm']/table/tbody/tr[1]/td[2]/div/div[2]") 元素
2017-09-06 10:43:33,045 - Auto - INFO - <OMS.ElementKey.UIPage.Create_Warehousing_page.Create_ware_page object at 0x03021730> 页面中成功找到 ('id', 'transit_warehouse') 元素
2017-09-06 10:43:33,337 - Auto - INFO - <OMS.ElementKey.UIPage.Create_Warehousing_page.Create_ware_page object at 0x03021730> 页面中成功找到 ('id', 'new_target_warehouse_code') 元素
2017-09-06 10:43:33,628 - Auto - INFO - <OMS.ElementKey.UIPage.Create_Warehousing_page.Create_ware_page object at 0x03021730> 页面中成功找到 ('name', 'volume') 元素
2017-09-06 10:43:33,675 - Auto - INFO - <OMS.ElementKey.UIPage.Create_Warehousing_page.Create_ware_page object at 0x03021730> 页面中成功找到 ('name', 'weight') 元素
2017-09-06 10:43:33,720 - Auto - INFO - <OMS.ElementKey.UIPage.Create_Warehousing_page.Create_ware_page object at 0x03021730> 页面中成功找到 ('id', 'sm_code') 元素
2017-09-06 10:43:34,351 - Auto - INFO - <OMS.ElementKey.UIPage.Create_Warehousing_page.Create_ware_page object at 0x03021730> 页面中成功找到 ('xpath', "(//select[@id='receiving_shipping_type'])[2]") 元素
2017-09-06 10:43:34,639 - Auto - INFO - <OMS.ElementKey.UIPage.Create_Warehousing_page.Create_ware_page object at 0x03021730> 页面中成功找到 ('name', 'tax_type') 元素
2017-09-06 10:43:34,930 - Auto - INFO - <OMS.ElementKey.UIPage.Create_Warehousing_page.Create_ware_page object at 0x03021730> 页面中成功找到 ('name', 'customer_type') 元素
2017-09-06 10:43:35,269 - Auto - INFO - <OMS.ElementKey.UIPage.Create_Warehousing_page.Create_ware_page object at 0x03021730> 页面中成功找到 ('xpath', "(//input[@id='refrence_no'])[2]") 元素
2017-09-06 10:43:35,332 - Auto - INFO - <OMS.ElementKey.UIPage.Create_Warehousing_page.Create_ware_page object at 0x03021730> 页面中成功找到 ('xpath', "(//input[@name='shipping_method'])[2]") 元素
2017-09-06 10:43:35,421 - Auto - INFO - <OMS.ElementKey.UIPage.Create_Warehousing_page.Create_ware_page object at 0x03021730> 页面中成功找到 ('xpath', "(//input[@name='tracking_no'])[2]") 元素
2017-09-06 10:43:35,494 - Auto - INFO - <OMS.ElementKey.UIPage.Create_Warehousing_page.Create_ware_page object at 0x03021730> 页面中成功找到 ('xpath', ".//*[@id='asnForm']/table/tbody/tr[12]/td[2]/input") 元素
2017-09-06 10:43:36,352 - Auto - INFO - 点击文本值为6的链接成功
2017-09-06 10:43:36,523 - Auto - INFO - <OMS.ElementKey.UIPage.Create_Warehousing_page.Create_ware_page object at 0x03021730>页面执行js:document.getElementById('fileField').click()成功
2017-09-06 10:43:37,547 - Auto - INFO - 上传文件成功
2017-09-06 10:43:37,651 - Auto - INFO - <OMS.ElementKey.UIPage.Create_Warehousing_page.Create_ware_page object at 0x03021730>页面执行js:document.getElementById('import_manufacture_datas').click()成功
2017-09-06 10:43:38,688 - Auto - INFO - 上传文件成功
2017-09-06 10:43:38,740 - Auto - INFO - <OMS.ElementKey.UIPage.Create_Warehousing_page.Create_ware_page object at 0x03021730>页面执行js:document.getElementById('customs_document').click()成功
2017-09-06 10:43:39,776 - Auto - INFO - 上传文件成功
2017-09-06 10:43:39,838 - Auto - INFO - <OMS.ElementKey.UIPage.Create_Warehousing_page.Create_ware_page object at 0x03021730> 页面中成功找到 ('id', 'imBoxNo') 元素
2017-09-06 10:43:39,925 - Auto - INFO - <OMS.ElementKey.UIPage.Create_Warehousing_page.Create_ware_page object at 0x03021730> 页面中成功找到 ('id', 'imCodeSearch') 元素
2017-09-06 10:43:40,013 - Auto - INFO - <OMS.ElementKey.UIPage.Create_Warehousing_page.Create_ware_page object at 0x03021730> 页面中成功找到 ('id', 'imQuantity') 元素
2017-09-06 10:43:40,058 - Auto - INFO - <OMS.ElementKey.UIPage.Create_Warehousing_page.Create_ware_page object at 0x03021730> 页面中成功找到 ('id', 'addItem') 元素
2017-09-06 10:43:40,384 - Auto - INFO - <OMS.ElementKey.UIPage.Create_Warehousing_page.Create_ware_page object at 0x03021730> 页面中成功找到 ('id', 'asnSubmitBtn') 元素
2017-09-06 10:43:40,686 - Auto - INFO - <OMS.ElementKey.UIPage.Create_Warehousing_page.Create_ware_page object at 0x03021730>页面执行js:document.documentElement.scrollTop = 100000成功
2017-09-06 10:43:42,793 - Auto - INFO - 截图成功，以保存到：F:\Automated_use_case\OMS\screenpicture
2017-09-06 10:43:42,809 - Auto - INFO - <OMS.ElementKey.UIPage.Create_Warehousing_page.Create_ware_page object at 0x03021730> 页面中成功找到 ('id', 'create_feedback_div') 元素
