2017-09-06 11:35:54,791 - Auto - INFO - 打开网页成功http://192.168.10.223:61604/
2017-09-06 11:35:54,938 - Auto - INFO - <OMS.ElementKey.UIPage.Create_Warehousing_page.Create_ware_page object at 0x03021730> 页面中成功找到 ('id', 'userName') 元素
2017-09-06 11:35:55,057 - Auto - INFO - <OMS.ElementKey.UIPage.Create_Warehousing_page.Create_ware_page object at 0x03021730> 页面中成功找到 ('id', 'userPass') 元素
2017-09-06 11:35:55,138 - Auto - INFO - <OMS.ElementKey.UIPage.Create_Warehousing_page.Create_ware_page object at 0x03021730> 页面中成功找到 ('css selector', '.loginbtn.radius5') 元素
2017-09-06 11:35:56,118 - Auto - INFO - <OMS.ElementKey.UIPage.Create_Warehousing_page.Create_ware_page object at 0x03021730>页面执行js:leftMenu('54','创建入库单','/receiving/receiving/create?quick=54')成功
2017-09-06 11:35:56,119 - Auto - INFO - <OMS.ElementKey.UIPage.Create_Warehousing_page.Create_ware_page object at 0x03021730>切换frame:('id', 'iframe-container-54')成功
2017-09-06 11:35:56,183 - Auto - INFO - <OMS.ElementKey.UIPage.Create_Warehousing_page.Create_ware_page object at 0x03021730> 页面中成功找到 ('id', 'iframe-container-54') 元素
2017-09-06 11:35:56,758 - Auto - INFO - <OMS.ElementKey.UIPage.Create_Warehousing_page.Create_ware_page object at 0x03021730> 页面中成功找到 ('xpath', ".//*[@id='asnForm']/table/tbody/tr[1]/td[2]/div/div[2]") 元素
2017-09-06 11:35:57,049 - Auto - INFO - <OMS.ElementKey.UIPage.Create_Warehousing_page.Create_ware_page object at 0x03021730> 页面中成功找到 ('id', 'transit_warehouse') 元素
2017-09-06 11:35:57,354 - Auto - INFO - <OMS.ElementKey.UIPage.Create_Warehousing_page.Create_ware_page object at 0x03021730> 页面中成功找到 ('id', 'new_target_warehouse_code') 元素
2017-09-06 11:35:57,650 - Auto - INFO - <OMS.ElementKey.UIPage.Create_Warehousing_page.Create_ware_page object at 0x03021730> 页面中成功找到 ('name', 'volume') 元素
2017-09-06 11:35:57,698 - Auto - INFO - <OMS.ElementKey.UIPage.Create_Warehousing_page.Create_ware_page object at 0x03021730> 页面中成功找到 ('name', 'weight') 元素
2017-09-06 11:35:57,750 - Auto - INFO - <OMS.ElementKey.UIPage.Create_Warehousing_page.Create_ware_page object at 0x03021730> 页面中成功找到 ('id', 'sm_code') 元素
2017-09-06 11:35:58,457 - Auto - INFO - <OMS.ElementKey.UIPage.Create_Warehousing_page.Create_ware_page object at 0x03021730> 页面中成功找到 ('xpath', "(//select[@id='receiving_shipping_type'])[2]") 元素
2017-09-06 11:35:58,755 - Auto - INFO - <OMS.ElementKey.UIPage.Create_Warehousing_page.Create_ware_page object at 0x03021730> 页面中成功找到 ('name', 'tax_type') 元素
2017-09-06 11:35:59,058 - Auto - INFO - <OMS.ElementKey.UIPage.Create_Warehousing_page.Create_ware_page object at 0x03021730> 页面中成功找到 ('name', 'customer_type') 元素
2017-09-06 11:35:59,348 - Auto - INFO - <OMS.ElementKey.UIPage.Create_Warehousing_page.Create_ware_page object at 0x03021730> 页面中成功找到 ('xpath', "(//input[@id='refrence_no'])[2]") 元素
2017-09-06 11:35:59,397 - Auto - INFO - <OMS.ElementKey.UIPage.Create_Warehousing_page.Create_ware_page object at 0x03021730> 页面中成功找到 ('xpath', "(//input[@name='shipping_method'])[2]") 元素
2017-09-06 11:35:59,445 - Auto - INFO - <OMS.ElementKey.UIPage.Create_Warehousing_page.Create_ware_page object at 0x03021730> 页面中成功找到 ('xpath', "(//input[@name='tracking_no'])[2]") 元素
2017-09-06 11:35:59,494 - Auto - INFO - <OMS.ElementKey.UIPage.Create_Warehousing_page.Create_ware_page object at 0x03021730> 页面中成功找到 ('xpath', ".//*[@id='asnForm']/table/tbody/tr[12]/td[2]/input") 元素
2017-09-06 11:36:00,320 - Auto - INFO - 点击文本值为6的链接成功
2017-09-06 11:36:00,338 - Auto - INFO - <OMS.ElementKey.UIPage.Create_Warehousing_page.Create_ware_page object at 0x03021730>页面执行js:document.getElementById('fileField').click()成功
2017-09-06 11:36:01,380 - Auto - INFO - 上传文件成功
2017-09-06 11:36:01,566 - Auto - INFO - <OMS.ElementKey.UIPage.Create_Warehousing_page.Create_ware_page object at 0x03021730>页面执行js:document.getElementById('import_manufacture_datas').click()成功
2017-09-06 11:36:02,612 - Auto - INFO - 上传文件成功
2017-09-06 11:36:02,773 - Auto - INFO - <OMS.ElementKey.UIPage.Create_Warehousing_page.Create_ware_page object at 0x03021730>页面执行js:document.getElementById('customs_document').click()成功
2017-09-06 11:36:03,824 - Auto - INFO - 上传文件成功
2017-09-06 11:36:03,886 - Auto - INFO - <OMS.ElementKey.UIPage.Create_Warehousing_page.Create_ware_page object at 0x03021730> 页面中成功找到 ('id', 'imBoxNo') 元素
2017-09-06 11:36:03,977 - Auto - INFO - <OMS.ElementKey.UIPage.Create_Warehousing_page.Create_ware_page object at 0x03021730> 页面中成功找到 ('id', 'imCodeSearch') 元素
2017-09-06 11:36:04,072 - Auto - INFO - <OMS.ElementKey.UIPage.Create_Warehousing_page.Create_ware_page object at 0x03021730> 页面中成功找到 ('id', 'imQuantity') 元素
2017-09-06 11:36:04,121 - Auto - INFO - <OMS.ElementKey.UIPage.Create_Warehousing_page.Create_ware_page object at 0x03021730> 页面中成功找到 ('id', 'addItem') 元素
2017-09-06 11:36:04,472 - Auto - INFO - <OMS.ElementKey.UIPage.Create_Warehousing_page.Create_ware_page object at 0x03021730> 页面中成功找到 ('id', 'asnSubmitBtn') 元素
2017-09-06 11:36:04,779 - Auto - INFO - <OMS.ElementKey.UIPage.Create_Warehousing_page.Create_ware_page object at 0x03021730>页面执行js:document.documentElement.scrollTop = 100000成功
2017-09-06 11:36:06,887 - Auto - INFO - 截图成功，以保存到：F:\Automated_use_case\OMS\screenpicture
2017-09-06 11:36:06,905 - Auto - INFO - <OMS.ElementKey.UIPage.Create_Warehousing_page.Create_ware_page object at 0x03021730> 页面中成功找到 ('id', 'create_feedback_div') 元素
2017-09-06 11:36:21,392 - Auto - INFO - 打开网页成功http://192.168.10.223:61604/
2017-09-06 11:36:21,476 - Auto - INFO - <OMS.ElementKey.UIPage.Create_Warehousing_page.Create_ware_page object at 0x031F69B0> 页面中成功找到 ('id', 'userName') 元素
2017-09-06 11:36:21,545 - Auto - INFO - <OMS.ElementKey.UIPage.Create_Warehousing_page.Create_ware_page object at 0x031F69B0> 页面中成功找到 ('id', 'userPass') 元素
2017-09-06 11:36:21,607 - Auto - INFO - <OMS.ElementKey.UIPage.Create_Warehousing_page.Create_ware_page object at 0x031F69B0> 页面中成功找到 ('css selector', '.loginbtn.radius5') 元素
2017-09-06 11:36:22,451 - Auto - INFO - <OMS.ElementKey.UIPage.Create_Warehousing_page.Create_ware_page object at 0x031F69B0>页面执行js:leftMenu('45','入库单管理','/receiving/receiving/index?quick=45')成功
2017-09-06 11:36:22,451 - Auto - INFO - <OMS.ElementKey.UIPage.Create_Warehousing_page.Create_ware_page object at 0x031F69B0>切换frame:('id', 'iframe-container-45')成功
2017-09-06 11:36:22,510 - Auto - INFO - <OMS.ElementKey.UIPage.Create_Warehousing_page.Create_ware_page object at 0x031F69B0> 页面中成功找到 ('id', 'iframe-container-45') 元素
