2017-09-10 16:51:54,665 - Auto - INFO - 打开网页成功http://192.168.10.223:61604/
2017-09-10 16:51:54,848 - Auto - INFO - <OMS.ElementKey.UIPage.Create_Warehousing_page.Create_ware_page object at 0x03171730> 页面中成功找到 ('id', 'userName') 元素
2017-09-10 16:51:54,980 - Auto - INFO - <OMS.ElementKey.UIPage.Create_Warehousing_page.Create_ware_page object at 0x03171730> 页面中成功找到 ('id', 'userPass') 元素
2017-09-10 16:51:55,072 - Auto - INFO - <OMS.ElementKey.UIPage.Create_Warehousing_page.Create_ware_page object at 0x03171730> 页面中成功找到 ('css selector', '.loginbtn.radius5') 元素
2017-09-10 16:51:57,608 - Auto - INFO - <OMS.ElementKey.UIPage.Create_Warehousing_page.Create_ware_page object at 0x03171730>页面执行js:leftMenu('54','创建入库单','/receiving/receiving/create?quick=54')成功
2017-09-10 16:51:57,608 - Auto - INFO - <OMS.ElementKey.UIPage.Create_Warehousing_page.Create_ware_page object at 0x03171730>切换frame:('id', 'iframe-container-54')成功
2017-09-10 16:51:57,702 - Auto - INFO - <OMS.ElementKey.UIPage.Create_Warehousing_page.Create_ware_page object at 0x03171730> 页面中成功找到 ('id', 'iframe-container-54') 元素
2017-09-10 16:51:58,477 - Auto - INFO - <OMS.ElementKey.UIPage.Create_Warehousing_page.Create_ware_page object at 0x03171730> 页面中成功找到 ('xpath', ".//*[@id='asnForm']/table/tbody/tr[1]/td[2]/div/div[2]") 元素
2017-09-10 16:51:58,785 - Auto - INFO - <OMS.ElementKey.UIPage.Create_Warehousing_page.Create_ware_page object at 0x03171730> 页面中成功找到 ('id', 'transit_warehouse') 元素
2017-09-10 16:51:59,094 - Auto - INFO - <OMS.ElementKey.UIPage.Create_Warehousing_page.Create_ware_page object at 0x03171730> 页面中成功找到 ('id', 'new_target_warehouse_code') 元素
2017-09-10 16:51:59,449 - Auto - INFO - <OMS.ElementKey.UIPage.Create_Warehousing_page.Create_ware_page object at 0x03171730> 页面中成功找到 ('name', 'volume') 元素
2017-09-10 16:51:59,522 - Auto - INFO - <OMS.ElementKey.UIPage.Create_Warehousing_page.Create_ware_page object at 0x03171730> 页面中成功找到 ('name', 'weight') 元素
2017-09-10 16:52:00,029 - Auto - INFO - <OMS.ElementKey.UIPage.Create_Warehousing_page.Create_ware_page object at 0x03171730> 页面中成功找到 ('id', 'sm_code') 元素
2017-09-10 16:52:00,342 - Auto - INFO - <OMS.ElementKey.UIPage.Create_Warehousing_page.Create_ware_page object at 0x03171730> 页面中成功找到 ('xpath', "(//select[@id='receiving_shipping_type'])[2]") 元素
2017-09-10 16:52:00,671 - Auto - INFO - <OMS.ElementKey.UIPage.Create_Warehousing_page.Create_ware_page object at 0x03171730> 页面中成功找到 ('name', 'tax_type') 元素
2017-09-10 16:52:00,988 - Auto - INFO - <OMS.ElementKey.UIPage.Create_Warehousing_page.Create_ware_page object at 0x03171730> 页面中成功找到 ('name', 'customer_type') 元素
2017-09-10 16:52:01,297 - Auto - INFO - <OMS.ElementKey.UIPage.Create_Warehousing_page.Create_ware_page object at 0x03171730> 页面中成功找到 ('xpath', "(//input[@id='refrence_no'])[2]") 元素
2017-09-10 16:52:01,379 - Auto - INFO - <OMS.ElementKey.UIPage.Create_Warehousing_page.Create_ware_page object at 0x03171730> 页面中成功找到 ('xpath', "(//input[@name='shipping_method'])[2]") 元素
2017-09-10 16:52:01,450 - Auto - INFO - <OMS.ElementKey.UIPage.Create_Warehousing_page.Create_ware_page object at 0x03171730> 页面中成功找到 ('xpath', "(//input[@name='tracking_no'])[2]") 元素
2017-09-10 16:52:01,514 - Auto - INFO - <OMS.ElementKey.UIPage.Create_Warehousing_page.Create_ware_page object at 0x03171730> 页面中成功找到 ('xpath', ".//*[@id='asnForm']/table/tbody/tr[12]/td[2]/input") 元素
2017-09-10 16:52:02,426 - Auto - INFO - 点击文本值为6的链接成功
2017-09-10 16:52:02,725 - Auto - INFO - <OMS.ElementKey.UIPage.Create_Warehousing_page.Create_ware_page object at 0x03171730>页面执行js:document.getElementById('fileField').click()成功
2017-09-10 16:52:03,758 - Auto - INFO - 上传文件成功
2017-09-10 16:52:04,027 - Auto - INFO - <OMS.ElementKey.UIPage.Create_Warehousing_page.Create_ware_page object at 0x03171730>页面执行js:document.getElementById('import_manufacture_datas').click()成功
2017-09-10 16:52:05,098 - Auto - INFO - 上传文件成功
2017-09-10 16:52:05,322 - Auto - INFO - <OMS.ElementKey.UIPage.Create_Warehousing_page.Create_ware_page object at 0x03171730>页面执行js:document.getElementById('customs_document').click()成功
2017-09-10 16:52:06,377 - Auto - INFO - 上传文件成功
2017-09-10 16:52:06,485 - Auto - INFO - <OMS.ElementKey.UIPage.Create_Warehousing_page.Create_ware_page object at 0x03171730> 页面中成功找到 ('id', 'imBoxNo') 元素
2017-09-10 16:52:06,685 - Auto - INFO - <OMS.ElementKey.UIPage.Create_Warehousing_page.Create_ware_page object at 0x03171730> 页面中成功找到 ('id', 'imCodeSearch') 元素
2017-09-10 16:52:06,802 - Auto - INFO - <OMS.ElementKey.UIPage.Create_Warehousing_page.Create_ware_page object at 0x03171730> 页面中成功找到 ('id', 'imQuantity') 元素
2017-09-10 16:52:06,878 - Auto - INFO - <OMS.ElementKey.UIPage.Create_Warehousing_page.Create_ware_page object at 0x03171730> 页面中成功找到 ('id', 'addItem') 元素
2017-09-10 16:52:07,213 - Auto - INFO - <OMS.ElementKey.UIPage.Create_Warehousing_page.Create_ware_page object at 0x03171730> 页面中成功找到 ('id', 'asnSubmitBtn') 元素
2017-09-10 16:52:07,652 - Auto - INFO - <OMS.ElementKey.UIPage.Create_Warehousing_page.Create_ware_page object at 0x03171730>页面执行js:document.documentElement.scrollTop = 100000成功
2017-09-10 16:52:09,777 - Auto - INFO - 截图成功，以保存到：F:\Automated_use_case\OMS\screenpicture
2017-09-10 16:52:09,805 - Auto - INFO - <OMS.ElementKey.UIPage.Create_Warehousing_page.Create_ware_page object at 0x03171730> 页面中成功找到 ('id', 'create_feedback_div') 元素
2017-09-10 16:52:19,108 - Auto - INFO - 打开网页成功http://192.168.10.223:61604/
2017-09-10 16:52:19,443 - Auto - INFO - <OMS.ElementKey.UIPage.Create_Warehousing_page.Create_ware_page object at 0x03276AB0> 页面中成功找到 ('id', 'userName') 元素
2017-09-10 16:52:19,578 - Auto - INFO - <OMS.ElementKey.UIPage.Create_Warehousing_page.Create_ware_page object at 0x03276AB0> 页面中成功找到 ('id', 'userPass') 元素
2017-09-10 16:52:19,673 - Auto - INFO - <OMS.ElementKey.UIPage.Create_Warehousing_page.Create_ware_page object at 0x03276AB0> 页面中成功找到 ('css selector', '.loginbtn.radius5') 元素
2017-09-10 16:52:20,885 - Auto - INFO - <OMS.ElementKey.UIPage.Create_Warehousing_page.Create_ware_page object at 0x03276AB0>页面执行js:leftMenu('45','入库单管理','/receiving/receiving/index?quick=45')成功
2017-09-10 16:52:20,886 - Auto - INFO - <OMS.ElementKey.UIPage.Create_Warehousing_page.Create_ware_page object at 0x03276AB0>切换frame:('id', 'iframe-container-45')成功
2017-09-10 16:52:21,026 - Auto - INFO - <OMS.ElementKey.UIPage.Create_Warehousing_page.Create_ware_page object at 0x03276AB0> 页面中成功找到 ('id', 'iframe-container-45') 元素
2017-09-10 16:52:23,810 - Auto - INFO - 点击元素成功
2017-09-10 16:52:23,845 - Auto - INFO - <OMS.ElementKey.UIPage.Create_Warehousing_page.Create_ware_page object at 0x03276AB0> 页面中成功找到 ('css selector', '.asnVerifyBtn.baseBtn.opBtn') 元素
2017-09-10 16:52:24,691 - Auto - INFO - <OMS.ElementKey.UIPage.Create_Warehousing_page.Create_ware_page object at 0x03276AB0> 页面中成功找到 ('xpath', 'html/body/div[5]/div[3]/div/button[1]') 元素
2017-09-10 16:52:29,097 - Auto - INFO - <OMS.ElementKey.UIPage.Create_Warehousing_page.Create_ware_page object at 0x03276AB0> 页面中成功找到 ('id', 'dialog-auto-alert-tip') 元素
