2017-09-05 16:17:23,164 - Auto - INFO - 打开网页成功http://192.168.10.223:61604/
2017-09-05 16:17:23,279 - Auto - INFO - <OMS.ElementKey.UIPage.Create_Warehousing_page.Create_ware_page object at 0x0303EE10> 页面中成功找到 ('id', 'userName') 元素
2017-09-05 16:17:23,343 - Auto - INFO - <OMS.ElementKey.UIPage.Create_Warehousing_page.Create_ware_page object at 0x0303EE10> 页面中成功找到 ('id', 'userPass') 元素
2017-09-05 16:17:23,412 - Auto - INFO - <OMS.ElementKey.UIPage.Create_Warehousing_page.Create_ware_page object at 0x0303EE10> 页面中成功找到 ('css selector', '.loginbtn.radius5') 元素
2017-09-05 16:17:24,279 - Auto - INFO - <OMS.ElementKey.UIPage.Create_Warehousing_page.Create_ware_page object at 0x0303EE10>页面执行js:leftMenu('54','创建入库单','/receiving/receiving/create?quick=54')成功
2017-09-05 16:17:24,279 - Auto - INFO - <OMS.ElementKey.UIPage.Create_Warehousing_page.Create_ware_page object at 0x0303EE10>切换frame:('id', 'iframe-container-54')成功
2017-09-05 16:17:24,337 - Auto - INFO - <OMS.ElementKey.UIPage.Create_Warehousing_page.Create_ware_page object at 0x0303EE10> 页面中成功找到 ('id', 'iframe-container-54') 元素
2017-09-05 16:17:24,906 - Auto - INFO - <OMS.ElementKey.UIPage.Create_Warehousing_page.Create_ware_page object at 0x0303EE10> 页面中成功找到 ('xpath', ".//*[@id='asnForm']/table/tbody/tr[1]/td[2]/div/div[2]") 元素
2017-09-05 16:17:25,172 - Auto - INFO - <OMS.ElementKey.UIPage.Create_Warehousing_page.Create_ware_page object at 0x0303EE10> 页面中成功找到 ('id', 'transit_warehouse') 元素
2017-09-05 16:17:25,458 - Auto - INFO - <OMS.ElementKey.UIPage.Create_Warehousing_page.Create_ware_page object at 0x0303EE10> 页面中成功找到 ('id', 'new_target_warehouse_code') 元素
2017-09-05 16:17:25,747 - Auto - INFO - <OMS.ElementKey.UIPage.Create_Warehousing_page.Create_ware_page object at 0x0303EE10> 页面中成功找到 ('name', 'volume') 元素
2017-09-05 16:17:25,793 - Auto - INFO - <OMS.ElementKey.UIPage.Create_Warehousing_page.Create_ware_page object at 0x0303EE10> 页面中成功找到 ('name', 'weight') 元素
2017-09-05 16:17:25,849 - Auto - INFO - <OMS.ElementKey.UIPage.Create_Warehousing_page.Create_ware_page object at 0x0303EE10> 页面中成功找到 ('id', 'sm_code') 元素
2017-09-05 16:17:26,372 - Auto - INFO - <OMS.ElementKey.UIPage.Create_Warehousing_page.Create_ware_page object at 0x0303EE10> 页面中成功找到 ('xpath', "(//select[@id='receiving_shipping_type'])[2]") 元素
2017-09-05 16:17:26,661 - Auto - INFO - <OMS.ElementKey.UIPage.Create_Warehousing_page.Create_ware_page object at 0x0303EE10> 页面中成功找到 ('name', 'tax_type') 元素
2017-09-05 16:17:26,950 - Auto - INFO - <OMS.ElementKey.UIPage.Create_Warehousing_page.Create_ware_page object at 0x0303EE10> 页面中成功找到 ('name', 'customer_type') 元素
2017-09-05 16:17:27,238 - Auto - INFO - <OMS.ElementKey.UIPage.Create_Warehousing_page.Create_ware_page object at 0x0303EE10> 页面中成功找到 ('xpath', "(//input[@id='refrence_no'])[2]") 元素
2017-09-05 16:17:27,286 - Auto - INFO - <OMS.ElementKey.UIPage.Create_Warehousing_page.Create_ware_page object at 0x0303EE10> 页面中成功找到 ('xpath', "(//input[@name='shipping_method'])[2]") 元素
2017-09-05 16:17:27,331 - Auto - INFO - <OMS.ElementKey.UIPage.Create_Warehousing_page.Create_ware_page object at 0x0303EE10> 页面中成功找到 ('xpath', "(//input[@name='tracking_no'])[2]") 元素
2017-09-05 16:17:35,848 - Auto - ERROR - <OMS.ElementKey.UIPage.Create_Warehousing_page.Create_ware_page object at 0x0303EE10>页面未能找到('xpath', ".//*[@id='asnForm']/table/tbody/tr[12]/td[2]@input")元素
2017-09-05 16:18:07,921 - Auto - INFO - 打开网页成功http://192.168.10.223:61604/
2017-09-05 16:18:08,039 - Auto - INFO - <OMS.ElementKey.UIPage.Create_Warehousing_page.Create_ware_page object at 0x02FEEE10> 页面中成功找到 ('id', 'userName') 元素
2017-09-05 16:18:08,205 - Auto - INFO - <OMS.ElementKey.UIPage.Create_Warehousing_page.Create_ware_page object at 0x02FEEE10> 页面中成功找到 ('id', 'userPass') 元素
2017-09-05 16:18:08,262 - Auto - INFO - <OMS.ElementKey.UIPage.Create_Warehousing_page.Create_ware_page object at 0x02FEEE10> 页面中成功找到 ('css selector', '.loginbtn.radius5') 元素
2017-09-05 16:18:09,110 - Auto - INFO - <OMS.ElementKey.UIPage.Create_Warehousing_page.Create_ware_page object at 0x02FEEE10>页面执行js:leftMenu('54','创建入库单','/receiving/receiving/create?quick=54')成功
2017-09-05 16:18:09,111 - Auto - INFO - <OMS.ElementKey.UIPage.Create_Warehousing_page.Create_ware_page object at 0x02FEEE10>切换frame:('id', 'iframe-container-54')成功
2017-09-05 16:18:09,171 - Auto - INFO - <OMS.ElementKey.UIPage.Create_Warehousing_page.Create_ware_page object at 0x02FEEE10> 页面中成功找到 ('id', 'iframe-container-54') 元素
2017-09-05 16:18:09,764 - Auto - INFO - <OMS.ElementKey.UIPage.Create_Warehousing_page.Create_ware_page object at 0x02FEEE10> 页面中成功找到 ('xpath', ".//*[@id='asnForm']/table/tbody/tr[1]/td[2]/div/div[2]") 元素
2017-09-05 16:18:10,040 - Auto - INFO - <OMS.ElementKey.UIPage.Create_Warehousing_page.Create_ware_page object at 0x02FEEE10> 页面中成功找到 ('id', 'transit_warehouse') 元素
2017-09-05 16:18:10,354 - Auto - INFO - <OMS.ElementKey.UIPage.Create_Warehousing_page.Create_ware_page object at 0x02FEEE10> 页面中成功找到 ('id', 'new_target_warehouse_code') 元素
2017-09-05 16:18:10,668 - Auto - INFO - <OMS.ElementKey.UIPage.Create_Warehousing_page.Create_ware_page object at 0x02FEEE10> 页面中成功找到 ('name', 'volume') 元素
2017-09-05 16:18:10,712 - Auto - INFO - <OMS.ElementKey.UIPage.Create_Warehousing_page.Create_ware_page object at 0x02FEEE10> 页面中成功找到 ('name', 'weight') 元素
2017-09-05 16:18:10,753 - Auto - INFO - <OMS.ElementKey.UIPage.Create_Warehousing_page.Create_ware_page object at 0x02FEEE10> 页面中成功找到 ('id', 'sm_code') 元素
2017-09-05 16:18:11,279 - Auto - INFO - <OMS.ElementKey.UIPage.Create_Warehousing_page.Create_ware_page object at 0x02FEEE10> 页面中成功找到 ('xpath', "(//select[@id='receiving_shipping_type'])[2]") 元素
2017-09-05 16:18:11,566 - Auto - INFO - <OMS.ElementKey.UIPage.Create_Warehousing_page.Create_ware_page object at 0x02FEEE10> 页面中成功找到 ('name', 'tax_type') 元素
2017-09-05 16:18:11,855 - Auto - INFO - <OMS.ElementKey.UIPage.Create_Warehousing_page.Create_ware_page object at 0x02FEEE10> 页面中成功找到 ('name', 'customer_type') 元素
2017-09-05 16:18:12,141 - Auto - INFO - <OMS.ElementKey.UIPage.Create_Warehousing_page.Create_ware_page object at 0x02FEEE10> 页面中成功找到 ('xpath', "(//input[@id='refrence_no'])[2]") 元素
2017-09-05 16:18:12,200 - Auto - INFO - <OMS.ElementKey.UIPage.Create_Warehousing_page.Create_ware_page object at 0x02FEEE10> 页面中成功找到 ('xpath', "(//input[@name='shipping_method'])[2]") 元素
2017-09-05 16:18:12,246 - Auto - INFO - <OMS.ElementKey.UIPage.Create_Warehousing_page.Create_ware_page object at 0x02FEEE10> 页面中成功找到 ('xpath', "(//input[@name='tracking_no'])[2]") 元素
2017-09-05 16:18:12,295 - Auto - INFO - <OMS.ElementKey.UIPage.Create_Warehousing_page.Create_ware_page object at 0x02FEEE10> 页面中成功找到 ('xpath', ".//*[@id='asnForm']/table/tbody/tr[12]/td[2]/input") 元素
2017-09-05 16:18:13,100 - Auto - INFO - 点击文本值为6的链接成功
2017-09-05 16:18:23,310 - Auto - INFO - <OMS.ElementKey.UIPage.Create_Warehousing_page.Create_ware_page object at 0x02FEEE10>页面执行js:document.getElementById('fileField').click()成功
2017-09-05 16:18:24,353 - Auto - INFO - 上传文件成功
2017-09-05 16:18:24,694 - Auto - INFO - <OMS.ElementKey.UIPage.Create_Warehousing_page.Create_ware_page object at 0x02FEEE10>页面执行js:document.getElementById('import_manufacture_datas').click()成功
2017-09-05 16:18:25,744 - Auto - INFO - 上传文件成功
2017-09-05 16:18:25,959 - Auto - INFO - <OMS.ElementKey.UIPage.Create_Warehousing_page.Create_ware_page object at 0x02FEEE10>页面执行js:document.getElementById('customs_document').click()成功
2017-09-05 16:18:27,020 - Auto - INFO - 上传文件成功
2017-09-05 16:18:27,063 - Auto - INFO - <OMS.ElementKey.UIPage.Create_Warehousing_page.Create_ware_page object at 0x02FEEE10> 页面中成功找到 ('id', 'imBoxNo') 元素
2017-09-05 16:18:27,158 - Auto - INFO - <OMS.ElementKey.UIPage.Create_Warehousing_page.Create_ware_page object at 0x02FEEE10> 页面中成功找到 ('id', 'imCodeSearch') 元素
2017-09-05 16:18:27,250 - Auto - INFO - <OMS.ElementKey.UIPage.Create_Warehousing_page.Create_ware_page object at 0x02FEEE10> 页面中成功找到 ('id', 'imQuantity') 元素
2017-09-05 16:18:27,299 - Auto - INFO - <OMS.ElementKey.UIPage.Create_Warehousing_page.Create_ware_page object at 0x02FEEE10> 页面中成功找到 ('id', 'addItem') 元素
2017-09-05 16:18:27,626 - Auto - INFO - <OMS.ElementKey.UIPage.Create_Warehousing_page.Create_ware_page object at 0x02FEEE10> 页面中成功找到 ('id', 'asnSubmitBtn') 元素
2017-09-05 16:18:27,953 - Auto - INFO - <OMS.ElementKey.UIPage.Create_Warehousing_page.Create_ware_page object at 0x02FEEE10>页面执行js:document.documentElement.scrollTop = 100000成功
2017-09-05 16:18:30,069 - Auto - INFO - 截图成功，以保存到：F:\Automated_use_case\OMS\screenpicture
2017-09-05 16:18:30,086 - Auto - INFO - <OMS.ElementKey.UIPage.Create_Warehousing_page.Create_ware_page object at 0x02FEEE10> 页面中成功找到 ('id', 'create_feedback_div') 元素
