2017-09-10 16:54:31,841 - Auto - INFO - 打开网页成功http://192.168.10.223:61604/
2017-09-10 16:54:31,997 - Auto - INFO - <OMS.ElementKey.UIPage.Create_Warehousing_page.Create_ware_page object at 0x03011730> 页面中成功找到 ('id', 'userName') 元素
2017-09-10 16:54:32,184 - Auto - INFO - <OMS.ElementKey.UIPage.Create_Warehousing_page.Create_ware_page object at 0x03011730> 页面中成功找到 ('id', 'userPass') 元素
2017-09-10 16:54:32,286 - Auto - INFO - <OMS.ElementKey.UIPage.Create_Warehousing_page.Create_ware_page object at 0x03011730> 页面中成功找到 ('css selector', '.loginbtn.radius5') 元素
2017-09-10 16:54:33,738 - Auto - INFO - <OMS.ElementKey.UIPage.Create_Warehousing_page.Create_ware_page object at 0x03011730>页面执行js:leftMenu('54','创建入库单','/receiving/receiving/create?quick=54')成功
2017-09-10 16:54:33,738 - Auto - INFO - <OMS.ElementKey.UIPage.Create_Warehousing_page.Create_ware_page object at 0x03011730>切换frame:('id', 'iframe-container-54')成功
2017-09-10 16:54:33,864 - Auto - INFO - <OMS.ElementKey.UIPage.Create_Warehousing_page.Create_ware_page object at 0x03011730> 页面中成功找到 ('id', 'iframe-container-54') 元素
2017-09-10 16:54:34,639 - Auto - INFO - <OMS.ElementKey.UIPage.Create_Warehousing_page.Create_ware_page object at 0x03011730> 页面中成功找到 ('xpath', ".//*[@id='asnForm']/table/tbody/tr[1]/td[2]/div/div[2]") 元素
2017-09-10 16:54:34,935 - Auto - INFO - <OMS.ElementKey.UIPage.Create_Warehousing_page.Create_ware_page object at 0x03011730> 页面中成功找到 ('id', 'transit_warehouse') 元素
2017-09-10 16:54:35,298 - Auto - INFO - <OMS.ElementKey.UIPage.Create_Warehousing_page.Create_ware_page object at 0x03011730> 页面中成功找到 ('id', 'new_target_warehouse_code') 元素
2017-09-10 16:54:35,747 - Auto - INFO - <OMS.ElementKey.UIPage.Create_Warehousing_page.Create_ware_page object at 0x03011730> 页面中成功找到 ('name', 'volume') 元素
2017-09-10 16:54:36,370 - Auto - INFO - <OMS.ElementKey.UIPage.Create_Warehousing_page.Create_ware_page object at 0x03011730> 页面中成功找到 ('name', 'weight') 元素
2017-09-10 16:54:36,428 - Auto - INFO - <OMS.ElementKey.UIPage.Create_Warehousing_page.Create_ware_page object at 0x03011730> 页面中成功找到 ('id', 'sm_code') 元素
2017-09-10 16:54:36,740 - Auto - INFO - <OMS.ElementKey.UIPage.Create_Warehousing_page.Create_ware_page object at 0x03011730> 页面中成功找到 ('xpath', "(//select[@id='receiving_shipping_type'])[2]") 元素
2017-09-10 16:54:37,070 - Auto - INFO - <OMS.ElementKey.UIPage.Create_Warehousing_page.Create_ware_page object at 0x03011730> 页面中成功找到 ('name', 'tax_type') 元素
2017-09-10 16:54:37,406 - Auto - INFO - <OMS.ElementKey.UIPage.Create_Warehousing_page.Create_ware_page object at 0x03011730> 页面中成功找到 ('name', 'customer_type') 元素
2017-09-10 16:54:37,733 - Auto - INFO - <OMS.ElementKey.UIPage.Create_Warehousing_page.Create_ware_page object at 0x03011730> 页面中成功找到 ('xpath', "(//input[@id='refrence_no'])[2]") 元素
2017-09-10 16:54:37,863 - Auto - INFO - <OMS.ElementKey.UIPage.Create_Warehousing_page.Create_ware_page object at 0x03011730> 页面中成功找到 ('xpath', "(//input[@name='shipping_method'])[2]") 元素
2017-09-10 16:54:37,965 - Auto - INFO - <OMS.ElementKey.UIPage.Create_Warehousing_page.Create_ware_page object at 0x03011730> 页面中成功找到 ('xpath', "(//input[@name='tracking_no'])[2]") 元素
2017-09-10 16:54:38,066 - Auto - INFO - <OMS.ElementKey.UIPage.Create_Warehousing_page.Create_ware_page object at 0x03011730> 页面中成功找到 ('xpath', ".//*[@id='asnForm']/table/tbody/tr[12]/td[2]/input") 元素
2017-09-10 16:54:39,013 - Auto - INFO - 点击文本值为6的链接成功
2017-09-10 16:54:39,045 - Auto - INFO - <OMS.ElementKey.UIPage.Create_Warehousing_page.Create_ware_page object at 0x03011730>页面执行js:document.getElementById('fileField').click()成功
2017-09-10 16:54:40,165 - Auto - INFO - 上传文件成功
2017-09-10 16:54:40,477 - Auto - INFO - <OMS.ElementKey.UIPage.Create_Warehousing_page.Create_ware_page object at 0x03011730>页面执行js:document.getElementById('import_manufacture_datas').click()成功
2017-09-10 16:54:41,526 - Auto - INFO - 上传文件成功
2017-09-10 16:54:41,870 - Auto - INFO - <OMS.ElementKey.UIPage.Create_Warehousing_page.Create_ware_page object at 0x03011730>页面执行js:document.getElementById('customs_document').click()成功
2017-09-10 16:54:42,925 - Auto - INFO - 上传文件成功
2017-09-10 16:54:43,056 - Auto - INFO - <OMS.ElementKey.UIPage.Create_Warehousing_page.Create_ware_page object at 0x03011730> 页面中成功找到 ('id', 'imBoxNo') 元素
2017-09-10 16:54:43,215 - Auto - INFO - <OMS.ElementKey.UIPage.Create_Warehousing_page.Create_ware_page object at 0x03011730> 页面中成功找到 ('id', 'imCodeSearch') 元素
2017-09-10 16:54:43,329 - Auto - INFO - <OMS.ElementKey.UIPage.Create_Warehousing_page.Create_ware_page object at 0x03011730> 页面中成功找到 ('id', 'imQuantity') 元素
2017-09-10 16:54:43,388 - Auto - INFO - <OMS.ElementKey.UIPage.Create_Warehousing_page.Create_ware_page object at 0x03011730> 页面中成功找到 ('id', 'addItem') 元素
2017-09-10 16:54:43,817 - Auto - INFO - <OMS.ElementKey.UIPage.Create_Warehousing_page.Create_ware_page object at 0x03011730> 页面中成功找到 ('id', 'asnSubmitBtn') 元素
2017-09-10 16:54:44,247 - Auto - INFO - <OMS.ElementKey.UIPage.Create_Warehousing_page.Create_ware_page object at 0x03011730>页面执行js:document.documentElement.scrollTop = 100000成功
2017-09-10 16:54:46,723 - Auto - ERROR - 截图失败
2017-09-10 16:54:46,729 - Auto - ERROR - <OMS.ElementKey.UIPage.Create_Warehousing_page.Create_ware_page object at 0x03011730>页面未能找到('id', 'create_feedback_div')元素
2017-09-10 16:54:46,729 - Auto - ERROR - <OMS.ElementKey.UIPage.Create_Warehousing_page.Create_ware_page object at 0x03011730>获取文本值未成功('id', 'create_feedback_div')元素
2017-09-10 16:54:57,144 - Auto - INFO - 打开网页成功http://192.168.10.223:61604/
2017-09-10 16:54:57,287 - Auto - INFO - <OMS.ElementKey.UIPage.Create_Warehousing_page.Create_ware_page object at 0x03024DB0> 页面中成功找到 ('id', 'userName') 元素
2017-09-10 16:54:57,402 - Auto - INFO - <OMS.ElementKey.UIPage.Create_Warehousing_page.Create_ware_page object at 0x03024DB0> 页面中成功找到 ('id', 'userPass') 元素
2017-09-10 16:54:57,698 - Auto - INFO - <OMS.ElementKey.UIPage.Create_Warehousing_page.Create_ware_page object at 0x03024DB0> 页面中成功找到 ('css selector', '.loginbtn.radius5') 元素
2017-09-10 16:54:58,835 - Auto - INFO - <OMS.ElementKey.UIPage.Create_Warehousing_page.Create_ware_page object at 0x03024DB0>页面执行js:leftMenu('45','入库单管理','/receiving/receiving/index?quick=45')成功
2017-09-10 16:54:58,835 - Auto - INFO - <OMS.ElementKey.UIPage.Create_Warehousing_page.Create_ware_page object at 0x03024DB0>切换frame:('id', 'iframe-container-45')成功
2017-09-10 16:54:58,935 - Auto - INFO - <OMS.ElementKey.UIPage.Create_Warehousing_page.Create_ware_page object at 0x03024DB0> 页面中成功找到 ('id', 'iframe-container-45') 元素
2017-09-10 16:55:01,278 - Auto - INFO - 点击元素成功
2017-09-10 16:55:01,311 - Auto - INFO - <OMS.ElementKey.UIPage.Create_Warehousing_page.Create_ware_page object at 0x03024DB0> 页面中成功找到 ('css selector', '.asnVerifyBtn.baseBtn.opBtn') 元素
2017-09-10 16:55:02,252 - Auto - INFO - <OMS.ElementKey.UIPage.Create_Warehousing_page.Create_ware_page object at 0x03024DB0> 页面中成功找到 ('xpath', 'html/body/div[5]/div[3]/div/button[1]') 元素
2017-09-10 16:55:08,286 - Auto - INFO - <OMS.ElementKey.UIPage.Create_Warehousing_page.Create_ware_page object at 0x03024DB0> 页面中成功找到 ('id', 'dialog-auto-alert-tip') 元素
2017-09-10 16:55:10,290 - Auto - INFO - 打开网页成功http://192.168.10.223:61604/
2017-09-10 16:55:10,421 - Auto - INFO - <OMS.ElementKey.UIPage.Create_Warehousing_page.Create_ware_page object at 0x03161730> 页面中成功找到 ('id', 'userName') 元素
2017-09-10 16:55:10,579 - Auto - INFO - <OMS.ElementKey.UIPage.Create_Warehousing_page.Create_ware_page object at 0x03161730> 页面中成功找到 ('id', 'userPass') 元素
2017-09-10 16:55:10,648 - Auto - INFO - <OMS.ElementKey.UIPage.Create_Warehousing_page.Create_ware_page object at 0x03161730> 页面中成功找到 ('css selector', '.loginbtn.radius5') 元素
2017-09-10 16:55:11,734 - Auto - INFO - <OMS.ElementKey.UIPage.Create_Warehousing_page.Create_ware_page object at 0x03161730>页面执行js:leftMenu('54','创建入库单','/receiving/receiving/create?quick=54')成功
2017-09-10 16:55:11,734 - Auto - INFO - <OMS.ElementKey.UIPage.Create_Warehousing_page.Create_ware_page object at 0x03161730>切换frame:('id', 'iframe-container-54')成功
2017-09-10 16:55:11,810 - Auto - INFO - <OMS.ElementKey.UIPage.Create_Warehousing_page.Create_ware_page object at 0x03161730> 页面中成功找到 ('id', 'iframe-container-54') 元素
2017-09-10 16:55:12,411 - Auto - INFO - <OMS.ElementKey.UIPage.Create_Warehousing_page.Create_ware_page object at 0x03161730> 页面中成功找到 ('xpath', ".//*[@id='asnForm']/table/tbody/tr[1]/td[2]/div/div[2]") 元素
2017-09-10 16:55:12,717 - Auto - INFO - <OMS.ElementKey.UIPage.Create_Warehousing_page.Create_ware_page object at 0x03161730> 页面中成功找到 ('id', 'transit_warehouse') 元素
2017-09-10 16:55:13,060 - Auto - INFO - <OMS.ElementKey.UIPage.Create_Warehousing_page.Create_ware_page object at 0x03161730> 页面中成功找到 ('id', 'new_target_warehouse_code') 元素
2017-09-10 16:55:13,354 - Auto - INFO - <OMS.ElementKey.UIPage.Create_Warehousing_page.Create_ware_page object at 0x03161730> 页面中成功找到 ('name', 'volume') 元素
2017-09-10 16:55:13,413 - Auto - INFO - <OMS.ElementKey.UIPage.Create_Warehousing_page.Create_ware_page object at 0x03161730> 页面中成功找到 ('name', 'weight') 元素
2017-09-10 16:55:13,456 - Auto - INFO - <OMS.ElementKey.UIPage.Create_Warehousing_page.Create_ware_page object at 0x03161730> 页面中成功找到 ('id', 'sm_code') 元素
2017-09-10 16:55:13,972 - Auto - INFO - <OMS.ElementKey.UIPage.Create_Warehousing_page.Create_ware_page object at 0x03161730> 页面中成功找到 ('xpath', "(//select[@id='receiving_shipping_type'])[2]") 元素
2017-09-10 16:55:14,287 - Auto - INFO - <OMS.ElementKey.UIPage.Create_Warehousing_page.Create_ware_page object at 0x03161730> 页面中成功找到 ('name', 'tax_type') 元素
2017-09-10 16:55:14,578 - Auto - INFO - <OMS.ElementKey.UIPage.Create_Warehousing_page.Create_ware_page object at 0x03161730> 页面中成功找到 ('name', 'customer_type') 元素
2017-09-10 16:55:14,899 - Auto - INFO - <OMS.ElementKey.UIPage.Create_Warehousing_page.Create_ware_page object at 0x03161730> 页面中成功找到 ('xpath', "(//input[@id='refrence_no'])[2]") 元素
2017-09-10 16:55:15,018 - Auto - INFO - <OMS.ElementKey.UIPage.Create_Warehousing_page.Create_ware_page object at 0x03161730> 页面中成功找到 ('xpath', "(//input[@name='shipping_method'])[2]") 元素
2017-09-10 16:55:15,079 - Auto - INFO - <OMS.ElementKey.UIPage.Create_Warehousing_page.Create_ware_page object at 0x03161730> 页面中成功找到 ('xpath', "(//input[@name='tracking_no'])[2]") 元素
2017-09-10 16:55:15,170 - Auto - INFO - <OMS.ElementKey.UIPage.Create_Warehousing_page.Create_ware_page object at 0x03161730> 页面中成功找到 ('xpath', ".//*[@id='asnForm']/table/tbody/tr[12]/td[2]/input") 元素
2017-09-10 16:55:16,179 - Auto - INFO - 点击文本值为6的链接成功
2017-09-10 16:55:16,454 - Auto - INFO - <OMS.ElementKey.UIPage.Create_Warehousing_page.Create_ware_page object at 0x03161730>页面执行js:document.getElementById('fileField').click()成功
2017-09-10 16:55:17,530 - Auto - INFO - 上传文件成功
2017-09-10 16:55:17,799 - Auto - INFO - <OMS.ElementKey.UIPage.Create_Warehousing_page.Create_ware_page object at 0x03161730>页面执行js:document.getElementById('import_manufacture_datas').click()成功
2017-09-10 16:55:18,842 - Auto - INFO - 上传文件成功
2017-09-10 16:55:18,916 - Auto - INFO - <OMS.ElementKey.UIPage.Create_Warehousing_page.Create_ware_page object at 0x03161730>页面执行js:document.getElementById('customs_document').click()成功
2017-09-10 16:55:19,963 - Auto - INFO - 上传文件成功
2017-09-10 16:55:20,027 - Auto - INFO - <OMS.ElementKey.UIPage.Create_Warehousing_page.Create_ware_page object at 0x03161730> 页面中成功找到 ('id', 'imBoxNo') 元素
2017-09-10 16:55:20,160 - Auto - INFO - <OMS.ElementKey.UIPage.Create_Warehousing_page.Create_ware_page object at 0x03161730> 页面中成功找到 ('id', 'imCodeSearch') 元素
2017-09-10 16:55:20,319 - Auto - INFO - <OMS.ElementKey.UIPage.Create_Warehousing_page.Create_ware_page object at 0x03161730> 页面中成功找到 ('id', 'imQuantity') 元素
2017-09-10 16:55:20,365 - Auto - INFO - <OMS.ElementKey.UIPage.Create_Warehousing_page.Create_ware_page object at 0x03161730> 页面中成功找到 ('id', 'addItem') 元素
2017-09-10 16:55:20,707 - Auto - INFO - <OMS.ElementKey.UIPage.Create_Warehousing_page.Create_ware_page object at 0x03161730> 页面中成功找到 ('id', 'asnSubmitBtn') 元素
2017-09-10 16:55:21,047 - Auto - INFO - <OMS.ElementKey.UIPage.Create_Warehousing_page.Create_ware_page object at 0x03161730>页面执行js:document.documentElement.scrollTop = 100000成功
2017-09-10 16:55:23,200 - Auto - INFO - 截图成功，以保存到：F:\Automated_use_case\OMS\screenpicture
2017-09-10 16:55:23,219 - Auto - INFO - <OMS.ElementKey.UIPage.Create_Warehousing_page.Create_ware_page object at 0x03161730> 页面中成功找到 ('id', 'create_feedback_div') 元素
2017-09-10 16:55:32,346 - Auto - INFO - 打开网页成功http://192.168.10.223:61604/
2017-09-10 16:55:32,512 - Auto - INFO - <OMS.ElementKey.UIPage.Create_Warehousing_page.Create_ware_page object at 0x031C5A90> 页面中成功找到 ('id', 'userName') 元素
2017-09-10 16:55:32,640 - Auto - INFO - <OMS.ElementKey.UIPage.Create_Warehousing_page.Create_ware_page object at 0x031C5A90> 页面中成功找到 ('id', 'userPass') 元素
2017-09-10 16:55:32,706 - Auto - INFO - <OMS.ElementKey.UIPage.Create_Warehousing_page.Create_ware_page object at 0x031C5A90> 页面中成功找到 ('css selector', '.loginbtn.radius5') 元素
2017-09-10 16:55:33,852 - Auto - INFO - <OMS.ElementKey.UIPage.Create_Warehousing_page.Create_ware_page object at 0x031C5A90>页面执行js:leftMenu('45','入库单管理','/receiving/receiving/index?quick=45')成功
2017-09-10 16:55:33,852 - Auto - INFO - <OMS.ElementKey.UIPage.Create_Warehousing_page.Create_ware_page object at 0x031C5A90>切换frame:('id', 'iframe-container-45')成功
2017-09-10 16:55:33,978 - Auto - INFO - <OMS.ElementKey.UIPage.Create_Warehousing_page.Create_ware_page object at 0x031C5A90> 页面中成功找到 ('id', 'iframe-container-45') 元素
2017-09-10 16:55:36,626 - Auto - INFO - 点击元素成功
2017-09-10 16:55:36,647 - Auto - INFO - <OMS.ElementKey.UIPage.Create_Warehousing_page.Create_ware_page object at 0x031C5A90> 页面中成功找到 ('css selector', '.asnVerifyBtn.baseBtn.opBtn') 元素
2017-09-10 16:55:37,523 - Auto - INFO - <OMS.ElementKey.UIPage.Create_Warehousing_page.Create_ware_page object at 0x031C5A90> 页面中成功找到 ('xpath', 'html/body/div[5]/div[3]/div/button[1]') 元素
2017-09-10 16:55:44,062 - Auto - INFO - <OMS.ElementKey.UIPage.Create_Warehousing_page.Create_ware_page object at 0x031C5A90> 页面中成功找到 ('id', 'dialog-auto-alert-tip') 元素
