2017-09-06 13:37:03,250 - Auto - INFO - 打开网页成功http://192.168.10.223:61604/
2017-09-06 13:37:03,344 - Auto - INFO - <OMS.ElementKey.UIPage.Create_Warehousing_page.Create_ware_page object at 0x03067450> 页面中成功找到 ('id', 'userName') 元素
2017-09-06 13:37:03,408 - Auto - INFO - <OMS.ElementKey.UIPage.Create_Warehousing_page.Create_ware_page object at 0x03067450> 页面中成功找到 ('id', 'userPass') 元素
2017-09-06 13:37:03,467 - Auto - INFO - <OMS.ElementKey.UIPage.Create_Warehousing_page.Create_ware_page object at 0x03067450> 页面中成功找到 ('css selector', '.loginbtn.radius5') 元素
2017-09-06 13:37:04,280 - Auto - INFO - <OMS.ElementKey.UIPage.Create_Warehousing_page.Create_ware_page object at 0x03067450>页面执行js:leftMenu('54','创建入库单','/receiving/receiving/create?quick=54')成功
2017-09-06 13:37:04,280 - Auto - INFO - <OMS.ElementKey.UIPage.Create_Warehousing_page.Create_ware_page object at 0x03067450>切换frame:('id', 'iframe-container-54')成功
2017-09-06 13:37:04,334 - Auto - INFO - <OMS.ElementKey.UIPage.Create_Warehousing_page.Create_ware_page object at 0x03067450> 页面中成功找到 ('id', 'iframe-container-54') 元素
2017-09-06 13:37:04,911 - Auto - INFO - <OMS.ElementKey.UIPage.Create_Warehousing_page.Create_ware_page object at 0x03067450> 页面中成功找到 ('xpath', ".//*[@id='asnForm']/table/tbody/tr[1]/td[2]/div/div[2]") 元素
2017-09-06 13:37:05,186 - Auto - INFO - <OMS.ElementKey.UIPage.Create_Warehousing_page.Create_ware_page object at 0x03067450> 页面中成功找到 ('id', 'transit_warehouse') 元素
2017-09-06 13:37:05,500 - Auto - INFO - <OMS.ElementKey.UIPage.Create_Warehousing_page.Create_ware_page object at 0x03067450> 页面中成功找到 ('id', 'new_target_warehouse_code') 元素
2017-09-06 13:37:05,809 - Auto - INFO - <OMS.ElementKey.UIPage.Create_Warehousing_page.Create_ware_page object at 0x03067450> 页面中成功找到 ('name', 'volume') 元素
2017-09-06 13:37:05,857 - Auto - INFO - <OMS.ElementKey.UIPage.Create_Warehousing_page.Create_ware_page object at 0x03067450> 页面中成功找到 ('name', 'weight') 元素
2017-09-06 13:37:05,901 - Auto - INFO - <OMS.ElementKey.UIPage.Create_Warehousing_page.Create_ware_page object at 0x03067450> 页面中成功找到 ('id', 'sm_code') 元素
2017-09-06 13:37:06,761 - Auto - INFO - <OMS.ElementKey.UIPage.Create_Warehousing_page.Create_ware_page object at 0x03067450> 页面中成功找到 ('xpath', "(//select[@id='receiving_shipping_type'])[2]") 元素
2017-09-06 13:37:07,108 - Auto - INFO - <OMS.ElementKey.UIPage.Create_Warehousing_page.Create_ware_page object at 0x03067450> 页面中成功找到 ('name', 'tax_type') 元素
2017-09-06 13:37:07,403 - Auto - INFO - <OMS.ElementKey.UIPage.Create_Warehousing_page.Create_ware_page object at 0x03067450> 页面中成功找到 ('name', 'customer_type') 元素
2017-09-06 13:37:07,706 - Auto - INFO - <OMS.ElementKey.UIPage.Create_Warehousing_page.Create_ware_page object at 0x03067450> 页面中成功找到 ('xpath', "(//input[@id='refrence_no'])[2]") 元素
2017-09-06 13:37:07,766 - Auto - INFO - <OMS.ElementKey.UIPage.Create_Warehousing_page.Create_ware_page object at 0x03067450> 页面中成功找到 ('xpath', "(//input[@name='shipping_method'])[2]") 元素
2017-09-06 13:37:07,819 - Auto - INFO - <OMS.ElementKey.UIPage.Create_Warehousing_page.Create_ware_page object at 0x03067450> 页面中成功找到 ('xpath', "(//input[@name='tracking_no'])[2]") 元素
2017-09-06 13:37:08,051 - Auto - INFO - <OMS.ElementKey.UIPage.Create_Warehousing_page.Create_ware_page object at 0x03067450> 页面中成功找到 ('xpath', ".//*[@id='asnForm']/table/tbody/tr[12]/td[2]/input") 元素
2017-09-06 13:37:08,883 - Auto - INFO - 点击文本值为6的链接成功
2017-09-06 13:37:08,902 - Auto - INFO - <OMS.ElementKey.UIPage.Create_Warehousing_page.Create_ware_page object at 0x03067450>页面执行js:document.getElementById('fileField').click()成功
2017-09-06 13:37:09,939 - Auto - INFO - 上传文件成功
2017-09-06 13:37:10,077 - Auto - INFO - <OMS.ElementKey.UIPage.Create_Warehousing_page.Create_ware_page object at 0x03067450>页面执行js:document.getElementById('import_manufacture_datas').click()成功
2017-09-06 13:37:11,133 - Auto - INFO - 上传文件成功
2017-09-06 13:37:11,235 - Auto - INFO - <OMS.ElementKey.UIPage.Create_Warehousing_page.Create_ware_page object at 0x03067450>页面执行js:document.getElementById('customs_document').click()成功
2017-09-06 13:37:12,282 - Auto - INFO - 上传文件成功
2017-09-06 13:37:12,329 - Auto - INFO - <OMS.ElementKey.UIPage.Create_Warehousing_page.Create_ware_page object at 0x03067450> 页面中成功找到 ('id', 'imBoxNo') 元素
2017-09-06 13:37:12,403 - Auto - INFO - <OMS.ElementKey.UIPage.Create_Warehousing_page.Create_ware_page object at 0x03067450> 页面中成功找到 ('id', 'imCodeSearch') 元素
2017-09-06 13:37:12,494 - Auto - INFO - <OMS.ElementKey.UIPage.Create_Warehousing_page.Create_ware_page object at 0x03067450> 页面中成功找到 ('id', 'imQuantity') 元素
2017-09-06 13:37:12,540 - Auto - INFO - <OMS.ElementKey.UIPage.Create_Warehousing_page.Create_ware_page object at 0x03067450> 页面中成功找到 ('id', 'addItem') 元素
2017-09-06 13:37:12,857 - Auto - INFO - <OMS.ElementKey.UIPage.Create_Warehousing_page.Create_ware_page object at 0x03067450> 页面中成功找到 ('id', 'asnSubmitBtn') 元素
2017-09-06 13:37:13,174 - Auto - INFO - <OMS.ElementKey.UIPage.Create_Warehousing_page.Create_ware_page object at 0x03067450>页面执行js:document.documentElement.scrollTop = 100000成功
2017-09-06 13:37:15,282 - Auto - INFO - 截图成功，以保存到：F:\Automated_use_case\OMS\screenpicture
2017-09-06 13:37:15,297 - Auto - INFO - <OMS.ElementKey.UIPage.Create_Warehousing_page.Create_ware_page object at 0x03067450> 页面中成功找到 ('id', 'create_feedback_div') 元素
2017-09-06 13:37:24,760 - Auto - INFO - 打开网页成功http://192.168.10.223:61604/
2017-09-06 13:37:24,863 - Auto - INFO - <OMS.ElementKey.UIPage.Create_Warehousing_page.Create_ware_page object at 0x03206550> 页面中成功找到 ('id', 'userName') 元素
2017-09-06 13:37:24,930 - Auto - INFO - <OMS.ElementKey.UIPage.Create_Warehousing_page.Create_ware_page object at 0x03206550> 页面中成功找到 ('id', 'userPass') 元素
2017-09-06 13:37:24,995 - Auto - INFO - <OMS.ElementKey.UIPage.Create_Warehousing_page.Create_ware_page object at 0x03206550> 页面中成功找到 ('css selector', '.loginbtn.radius5') 元素
2017-09-06 13:37:25,870 - Auto - INFO - <OMS.ElementKey.UIPage.Create_Warehousing_page.Create_ware_page object at 0x03206550>页面执行js:leftMenu('45','入库单管理','/receiving/receiving/index?quick=45')成功
2017-09-06 13:37:25,870 - Auto - INFO - <OMS.ElementKey.UIPage.Create_Warehousing_page.Create_ware_page object at 0x03206550>切换frame:('id', 'iframe-container-45')成功
2017-09-06 13:37:25,928 - Auto - INFO - <OMS.ElementKey.UIPage.Create_Warehousing_page.Create_ware_page object at 0x03206550> 页面中成功找到 ('id', 'iframe-container-45') 元素
2017-09-06 13:37:28,438 - Auto - ERROR - 未找到文本值为的元素
