2017-09-10 19:31:09,082 - Auto - INFO - 打开网页成功http://192.168.10.223:61604/
2017-09-10 19:31:09,260 - Auto - INFO - <OMS.ElementKey.UIPage.Create_Warehousing_page.Create_ware_page object at 0x031763F0> 页面中成功找到 ('id', 'userName') 元素
2017-09-10 19:31:09,369 - Auto - INFO - <OMS.ElementKey.UIPage.Create_Warehousing_page.Create_ware_page object at 0x031763F0> 页面中成功找到 ('id', 'userPass') 元素
2017-09-10 19:31:09,481 - Auto - INFO - <OMS.ElementKey.UIPage.Create_Warehousing_page.Create_ware_page object at 0x031763F0> 页面中成功找到 ('css selector', '.loginbtn.radius5') 元素
2017-09-10 19:31:10,963 - Auto - INFO - <OMS.ElementKey.UIPage.Create_Warehousing_page.Create_ware_page object at 0x031763F0>页面执行js:leftMenu('54','创建入库单','/receiving/receiving/create?quick=54')成功
2017-09-10 19:31:10,964 - Auto - INFO - <OMS.ElementKey.UIPage.Create_Warehousing_page.Create_ware_page object at 0x031763F0>切换frame:('id', 'iframe-container-54')成功
2017-09-10 19:31:11,029 - Auto - INFO - <OMS.ElementKey.UIPage.Create_Warehousing_page.Create_ware_page object at 0x031763F0> 页面中成功找到 ('id', 'iframe-container-54') 元素
2017-09-10 19:31:11,604 - Auto - INFO - <OMS.ElementKey.UIPage.Create_Warehousing_page.Create_ware_page object at 0x031763F0> 页面中成功找到 ('xpath', ".//*[@id='asnForm']/table/tbody/tr[1]/td[2]/div/div[2]") 元素
2017-09-10 19:31:11,897 - Auto - INFO - <OMS.ElementKey.UIPage.Create_Warehousing_page.Create_ware_page object at 0x031763F0> 页面中成功找到 ('id', 'transit_warehouse') 元素
2017-09-10 19:31:12,225 - Auto - INFO - <OMS.ElementKey.UIPage.Create_Warehousing_page.Create_ware_page object at 0x031763F0> 页面中成功找到 ('id', 'new_target_warehouse_code') 元素
2017-09-10 19:31:12,538 - Auto - INFO - <OMS.ElementKey.UIPage.Create_Warehousing_page.Create_ware_page object at 0x031763F0> 页面中成功找到 ('name', 'volume') 元素
2017-09-10 19:31:12,594 - Auto - INFO - <OMS.ElementKey.UIPage.Create_Warehousing_page.Create_ware_page object at 0x031763F0> 页面中成功找到 ('name', 'weight') 元素
2017-09-10 19:31:12,651 - Auto - INFO - <OMS.ElementKey.UIPage.Create_Warehousing_page.Create_ware_page object at 0x031763F0> 页面中成功找到 ('id', 'sm_code') 元素
2017-09-10 19:31:13,839 - Auto - INFO - <OMS.ElementKey.UIPage.Create_Warehousing_page.Create_ware_page object at 0x031763F0> 页面中成功找到 ('xpath', "(//select[@id='receiving_shipping_type'])[2]") 元素
2017-09-10 19:31:14,235 - Auto - INFO - <OMS.ElementKey.UIPage.Create_Warehousing_page.Create_ware_page object at 0x031763F0> 页面中成功找到 ('name', 'tax_type') 元素
2017-09-10 19:31:14,574 - Auto - INFO - <OMS.ElementKey.UIPage.Create_Warehousing_page.Create_ware_page object at 0x031763F0> 页面中成功找到 ('name', 'customer_type') 元素
2017-09-10 19:31:14,876 - Auto - INFO - <OMS.ElementKey.UIPage.Create_Warehousing_page.Create_ware_page object at 0x031763F0> 页面中成功找到 ('xpath', "(//input[@id='refrence_no'])[2]") 元素
2017-09-10 19:31:14,940 - Auto - INFO - <OMS.ElementKey.UIPage.Create_Warehousing_page.Create_ware_page object at 0x031763F0> 页面中成功找到 ('xpath', "(//input[@name='shipping_method'])[2]") 元素
2017-09-10 19:31:15,011 - Auto - INFO - <OMS.ElementKey.UIPage.Create_Warehousing_page.Create_ware_page object at 0x031763F0> 页面中成功找到 ('xpath', "(//input[@name='tracking_no'])[2]") 元素
2017-09-10 19:31:15,096 - Auto - INFO - <OMS.ElementKey.UIPage.Create_Warehousing_page.Create_ware_page object at 0x031763F0> 页面中成功找到 ('xpath', ".//*[@id='asnForm']/table/tbody/tr[12]/td[2]/input") 元素
2017-09-10 19:31:16,076 - Auto - INFO - 点击文本值为6的链接成功
2017-09-10 19:31:16,330 - Auto - INFO - <OMS.ElementKey.UIPage.Create_Warehousing_page.Create_ware_page object at 0x031763F0>页面执行js:document.getElementById('fileField').click()成功
2017-09-10 19:31:17,395 - Auto - INFO - 上传文件成功
2017-09-10 19:31:17,463 - Auto - INFO - <OMS.ElementKey.UIPage.Create_Warehousing_page.Create_ware_page object at 0x031763F0>页面执行js:document.getElementById('import_manufacture_datas').click()成功
2017-09-10 19:31:18,506 - Auto - INFO - 上传文件成功
2017-09-10 19:31:18,581 - Auto - INFO - <OMS.ElementKey.UIPage.Create_Warehousing_page.Create_ware_page object at 0x031763F0>页面执行js:document.getElementById('customs_document').click()成功
2017-09-10 19:31:19,645 - Auto - INFO - 上传文件成功
2017-09-10 19:31:19,744 - Auto - INFO - <OMS.ElementKey.UIPage.Create_Warehousing_page.Create_ware_page object at 0x031763F0> 页面中成功找到 ('id', 'imBoxNo') 元素
2017-09-10 19:31:19,800 - Auto - INFO - <OMS.ElementKey.UIPage.Create_Warehousing_page.Create_ware_page object at 0x031763F0> 页面中成功找到 ('id', 'imCodeSearch') 元素
2017-09-10 19:31:19,957 - Auto - INFO - <OMS.ElementKey.UIPage.Create_Warehousing_page.Create_ware_page object at 0x031763F0> 页面中成功找到 ('id', 'imQuantity') 元素
2017-09-10 19:31:20,012 - Auto - INFO - <OMS.ElementKey.UIPage.Create_Warehousing_page.Create_ware_page object at 0x031763F0> 页面中成功找到 ('id', 'addItem') 元素
2017-09-10 19:31:20,346 - Auto - INFO - <OMS.ElementKey.UIPage.Create_Warehousing_page.Create_ware_page object at 0x031763F0> 页面中成功找到 ('id', 'asnSubmitBtn') 元素
2017-09-10 19:31:20,775 - Auto - INFO - <OMS.ElementKey.UIPage.Create_Warehousing_page.Create_ware_page object at 0x031763F0>页面执行js:document.documentElement.scrollTop = 100000成功
2017-09-10 19:31:22,883 - Auto - INFO - 截图成功，以保存到：F:\Automated_use_case\OMS\screenpicture
2017-09-10 19:31:22,903 - Auto - INFO - <OMS.ElementKey.UIPage.Create_Warehousing_page.Create_ware_page object at 0x031763F0> 页面中成功找到 ('id', 'create_feedback_div') 元素
2017-09-10 19:31:33,299 - Auto - INFO - 打开网页成功http://192.168.10.223:61604/
2017-09-10 19:31:33,469 - Auto - INFO - <OMS.ElementKey.UIPage.Create_Warehousing_page.Create_ware_page object at 0x032566F0> 页面中成功找到 ('id', 'userName') 元素
2017-09-10 19:31:33,589 - Auto - INFO - <OMS.ElementKey.UIPage.Create_Warehousing_page.Create_ware_page object at 0x032566F0> 页面中成功找到 ('id', 'userPass') 元素
2017-09-10 19:31:33,676 - Auto - INFO - <OMS.ElementKey.UIPage.Create_Warehousing_page.Create_ware_page object at 0x032566F0> 页面中成功找到 ('css selector', '.loginbtn.radius5') 元素
2017-09-10 19:31:34,804 - Auto - INFO - <OMS.ElementKey.UIPage.Create_Warehousing_page.Create_ware_page object at 0x032566F0>页面执行js:leftMenu('45','入库单管理','/receiving/receiving/index?quick=45')成功
2017-09-10 19:31:34,804 - Auto - INFO - <OMS.ElementKey.UIPage.Create_Warehousing_page.Create_ware_page object at 0x032566F0>切换frame:('id', 'iframe-container-45')成功
2017-09-10 19:31:34,875 - Auto - INFO - <OMS.ElementKey.UIPage.Create_Warehousing_page.Create_ware_page object at 0x032566F0> 页面中成功找到 ('id', 'iframe-container-45') 元素
2017-09-10 19:31:37,238 - Auto - INFO - 点击元素成功
2017-09-10 19:31:37,261 - Auto - INFO - <OMS.ElementKey.UIPage.Create_Warehousing_page.Create_ware_page object at 0x032566F0> 页面中成功找到 ('css selector', '.asnVerifyBtn.baseBtn.opBtn') 元素
2017-09-10 19:31:38,164 - Auto - INFO - <OMS.ElementKey.UIPage.Create_Warehousing_page.Create_ware_page object at 0x032566F0> 页面中成功找到 ('xpath', 'html/body/div[5]/div[3]/div/button[1]') 元素
2017-09-10 19:31:44,173 - Auto - INFO - <OMS.ElementKey.UIPage.Create_Warehousing_page.Create_ware_page object at 0x032566F0> 页面中成功找到 ('id', 'dialog-auto-alert-tip') 元素
