2017-09-06 13:41:02,460 - Auto - INFO - 打开网页成功http://192.168.10.223:61604/
2017-09-06 13:41:02,578 - Auto - INFO - <OMS.ElementKey.UIPage.Create_Warehousing_page.Create_ware_page object at 0x03057430> 页面中成功找到 ('id', 'userName') 元素
2017-09-06 13:41:02,656 - Auto - INFO - <OMS.ElementKey.UIPage.Create_Warehousing_page.Create_ware_page object at 0x03057430> 页面中成功找到 ('id', 'userPass') 元素
2017-09-06 13:41:02,776 - Auto - INFO - <OMS.ElementKey.UIPage.Create_Warehousing_page.Create_ware_page object at 0x03057430> 页面中成功找到 ('css selector', '.loginbtn.radius5') 元素
2017-09-06 13:41:03,685 - Auto - INFO - <OMS.ElementKey.UIPage.Create_Warehousing_page.Create_ware_page object at 0x03057430>页面执行js:leftMenu('54','创建入库单','/receiving/receiving/create?quick=54')成功
2017-09-06 13:41:03,685 - Auto - INFO - <OMS.ElementKey.UIPage.Create_Warehousing_page.Create_ware_page object at 0x03057430>切换frame:('id', 'iframe-container-54')成功
2017-09-06 13:41:03,759 - Auto - INFO - <OMS.ElementKey.UIPage.Create_Warehousing_page.Create_ware_page object at 0x03057430> 页面中成功找到 ('id', 'iframe-container-54') 元素
2017-09-06 13:41:04,332 - Auto - INFO - <OMS.ElementKey.UIPage.Create_Warehousing_page.Create_ware_page object at 0x03057430> 页面中成功找到 ('xpath', ".//*[@id='asnForm']/table/tbody/tr[1]/td[2]/div/div[2]") 元素
2017-09-06 13:41:04,610 - Auto - INFO - <OMS.ElementKey.UIPage.Create_Warehousing_page.Create_ware_page object at 0x03057430> 页面中成功找到 ('id', 'transit_warehouse') 元素
2017-09-06 13:41:04,914 - Auto - INFO - <OMS.ElementKey.UIPage.Create_Warehousing_page.Create_ware_page object at 0x03057430> 页面中成功找到 ('id', 'new_target_warehouse_code') 元素
2017-09-06 13:41:05,207 - Auto - INFO - <OMS.ElementKey.UIPage.Create_Warehousing_page.Create_ware_page object at 0x03057430> 页面中成功找到 ('name', 'volume') 元素
2017-09-06 13:41:05,257 - Auto - INFO - <OMS.ElementKey.UIPage.Create_Warehousing_page.Create_ware_page object at 0x03057430> 页面中成功找到 ('name', 'weight') 元素
2017-09-06 13:41:05,302 - Auto - INFO - <OMS.ElementKey.UIPage.Create_Warehousing_page.Create_ware_page object at 0x03057430> 页面中成功找到 ('id', 'sm_code') 元素
2017-09-06 13:41:05,863 - Auto - INFO - <OMS.ElementKey.UIPage.Create_Warehousing_page.Create_ware_page object at 0x03057430> 页面中成功找到 ('xpath', "(//select[@id='receiving_shipping_type'])[2]") 元素
2017-09-06 13:41:06,159 - Auto - INFO - <OMS.ElementKey.UIPage.Create_Warehousing_page.Create_ware_page object at 0x03057430> 页面中成功找到 ('name', 'tax_type') 元素
2017-09-06 13:41:06,457 - Auto - INFO - <OMS.ElementKey.UIPage.Create_Warehousing_page.Create_ware_page object at 0x03057430> 页面中成功找到 ('name', 'customer_type') 元素
2017-09-06 13:41:06,753 - Auto - INFO - <OMS.ElementKey.UIPage.Create_Warehousing_page.Create_ware_page object at 0x03057430> 页面中成功找到 ('xpath', "(//input[@id='refrence_no'])[2]") 元素
2017-09-06 13:41:06,804 - Auto - INFO - <OMS.ElementKey.UIPage.Create_Warehousing_page.Create_ware_page object at 0x03057430> 页面中成功找到 ('xpath', "(//input[@name='shipping_method'])[2]") 元素
2017-09-06 13:41:06,850 - Auto - INFO - <OMS.ElementKey.UIPage.Create_Warehousing_page.Create_ware_page object at 0x03057430> 页面中成功找到 ('xpath', "(//input[@name='tracking_no'])[2]") 元素
2017-09-06 13:41:06,896 - Auto - INFO - <OMS.ElementKey.UIPage.Create_Warehousing_page.Create_ware_page object at 0x03057430> 页面中成功找到 ('xpath', ".//*[@id='asnForm']/table/tbody/tr[12]/td[2]/input") 元素
2017-09-06 13:41:07,926 - Auto - INFO - 点击文本值为6的链接成功
2017-09-06 13:41:08,112 - Auto - INFO - <OMS.ElementKey.UIPage.Create_Warehousing_page.Create_ware_page object at 0x03057430>页面执行js:document.getElementById('fileField').click()成功
2017-09-06 13:41:09,149 - Auto - INFO - 上传文件成功
2017-09-06 13:41:09,300 - Auto - INFO - <OMS.ElementKey.UIPage.Create_Warehousing_page.Create_ware_page object at 0x03057430>页面执行js:document.getElementById('import_manufacture_datas').click()成功
2017-09-06 13:41:10,346 - Auto - INFO - 上传文件成功
2017-09-06 13:41:10,441 - Auto - INFO - <OMS.ElementKey.UIPage.Create_Warehousing_page.Create_ware_page object at 0x03057430>页面执行js:document.getElementById('customs_document').click()成功
2017-09-06 13:41:11,467 - Auto - INFO - 上传文件成功
2017-09-06 13:41:11,522 - Auto - INFO - <OMS.ElementKey.UIPage.Create_Warehousing_page.Create_ware_page object at 0x03057430> 页面中成功找到 ('id', 'imBoxNo') 元素
2017-09-06 13:41:11,609 - Auto - INFO - <OMS.ElementKey.UIPage.Create_Warehousing_page.Create_ware_page object at 0x03057430> 页面中成功找到 ('id', 'imCodeSearch') 元素
2017-09-06 13:41:11,705 - Auto - INFO - <OMS.ElementKey.UIPage.Create_Warehousing_page.Create_ware_page object at 0x03057430> 页面中成功找到 ('id', 'imQuantity') 元素
2017-09-06 13:41:11,754 - Auto - INFO - <OMS.ElementKey.UIPage.Create_Warehousing_page.Create_ware_page object at 0x03057430> 页面中成功找到 ('id', 'addItem') 元素
2017-09-06 13:41:12,092 - Auto - INFO - <OMS.ElementKey.UIPage.Create_Warehousing_page.Create_ware_page object at 0x03057430> 页面中成功找到 ('id', 'asnSubmitBtn') 元素
2017-09-06 13:41:12,416 - Auto - INFO - <OMS.ElementKey.UIPage.Create_Warehousing_page.Create_ware_page object at 0x03057430>页面执行js:document.documentElement.scrollTop = 100000成功
2017-09-06 13:41:14,528 - Auto - INFO - 截图成功，以保存到：F:\Automated_use_case\OMS\screenpicture
2017-09-06 13:41:14,546 - Auto - INFO - <OMS.ElementKey.UIPage.Create_Warehousing_page.Create_ware_page object at 0x03057430> 页面中成功找到 ('id', 'create_feedback_div') 元素
2017-09-06 13:41:22,776 - Auto - INFO - 打开网页成功http://192.168.10.223:61604/
2017-09-06 13:41:22,908 - Auto - INFO - <OMS.ElementKey.UIPage.Create_Warehousing_page.Create_ware_page object at 0x031B65D0> 页面中成功找到 ('id', 'userName') 元素
2017-09-06 13:41:23,031 - Auto - INFO - <OMS.ElementKey.UIPage.Create_Warehousing_page.Create_ware_page object at 0x031B65D0> 页面中成功找到 ('id', 'userPass') 元素
2017-09-06 13:41:23,129 - Auto - INFO - <OMS.ElementKey.UIPage.Create_Warehousing_page.Create_ware_page object at 0x031B65D0> 页面中成功找到 ('css selector', '.loginbtn.radius5') 元素
2017-09-06 13:41:24,038 - Auto - INFO - <OMS.ElementKey.UIPage.Create_Warehousing_page.Create_ware_page object at 0x031B65D0>页面执行js:leftMenu('45','入库单管理','/receiving/receiving/index?quick=45')成功
2017-09-06 13:41:24,039 - Auto - INFO - <OMS.ElementKey.UIPage.Create_Warehousing_page.Create_ware_page object at 0x031B65D0>切换frame:('id', 'iframe-container-45')成功
2017-09-06 13:41:24,110 - Auto - INFO - <OMS.ElementKey.UIPage.Create_Warehousing_page.Create_ware_page object at 0x031B65D0> 页面中成功找到 ('id', 'iframe-container-45') 元素
2017-09-06 13:41:26,626 - Auto - ERROR - 未找到文本值为的元素
