2017-09-10 16:50:01,842 - Auto - INFO - 打开网页成功http://192.168.10.223:61604/
2017-09-10 16:50:02,075 - Auto - INFO - <OMS.ElementKey.UIPage.Create_Warehousing_page.Create_ware_page object at 0x03011730> 页面中成功找到 ('id', 'userName') 元素
2017-09-10 16:50:02,253 - Auto - INFO - <OMS.ElementKey.UIPage.Create_Warehousing_page.Create_ware_page object at 0x03011730> 页面中成功找到 ('id', 'userPass') 元素
2017-09-10 16:50:02,324 - Auto - INFO - <OMS.ElementKey.UIPage.Create_Warehousing_page.Create_ware_page object at 0x03011730> 页面中成功找到 ('css selector', '.loginbtn.radius5') 元素
2017-09-10 16:50:03,396 - Auto - INFO - <OMS.ElementKey.UIPage.Create_Warehousing_page.Create_ware_page object at 0x03011730>页面执行js:leftMenu('54','创建入库单','/receiving/receiving/create?quick=54')成功
2017-09-10 16:50:03,397 - Auto - INFO - <OMS.ElementKey.UIPage.Create_Warehousing_page.Create_ware_page object at 0x03011730>切换frame:('id', 'iframe-container-54')成功
2017-09-10 16:50:03,474 - Auto - INFO - <OMS.ElementKey.UIPage.Create_Warehousing_page.Create_ware_page object at 0x03011730> 页面中成功找到 ('id', 'iframe-container-54') 元素
2017-09-10 16:50:04,101 - Auto - INFO - <OMS.ElementKey.UIPage.Create_Warehousing_page.Create_ware_page object at 0x03011730> 页面中成功找到 ('xpath', ".//*[@id='asnForm']/table/tbody/tr[1]/td[2]/div/div[2]") 元素
2017-09-10 16:50:04,436 - Auto - INFO - <OMS.ElementKey.UIPage.Create_Warehousing_page.Create_ware_page object at 0x03011730> 页面中成功找到 ('id', 'transit_warehouse') 元素
2017-09-10 16:50:04,761 - Auto - INFO - <OMS.ElementKey.UIPage.Create_Warehousing_page.Create_ware_page object at 0x03011730> 页面中成功找到 ('id', 'new_target_warehouse_code') 元素
2017-09-10 16:50:05,058 - Auto - INFO - <OMS.ElementKey.UIPage.Create_Warehousing_page.Create_ware_page object at 0x03011730> 页面中成功找到 ('name', 'volume') 元素
2017-09-10 16:50:05,100 - Auto - INFO - <OMS.ElementKey.UIPage.Create_Warehousing_page.Create_ware_page object at 0x03011730> 页面中成功找到 ('name', 'weight') 元素
2017-09-10 16:50:05,152 - Auto - INFO - <OMS.ElementKey.UIPage.Create_Warehousing_page.Create_ware_page object at 0x03011730> 页面中成功找到 ('id', 'sm_code') 元素
2017-09-10 16:50:05,622 - Auto - INFO - <OMS.ElementKey.UIPage.Create_Warehousing_page.Create_ware_page object at 0x03011730> 页面中成功找到 ('xpath', "(//select[@id='receiving_shipping_type'])[2]") 元素
2017-09-10 16:50:05,944 - Auto - INFO - <OMS.ElementKey.UIPage.Create_Warehousing_page.Create_ware_page object at 0x03011730> 页面中成功找到 ('name', 'tax_type') 元素
2017-09-10 16:50:06,236 - Auto - INFO - <OMS.ElementKey.UIPage.Create_Warehousing_page.Create_ware_page object at 0x03011730> 页面中成功找到 ('name', 'customer_type') 元素
2017-09-10 16:50:06,535 - Auto - INFO - <OMS.ElementKey.UIPage.Create_Warehousing_page.Create_ware_page object at 0x03011730> 页面中成功找到 ('xpath', "(//input[@id='refrence_no'])[2]") 元素
2017-09-10 16:50:06,592 - Auto - INFO - <OMS.ElementKey.UIPage.Create_Warehousing_page.Create_ware_page object at 0x03011730> 页面中成功找到 ('xpath', "(//input[@name='shipping_method'])[2]") 元素
2017-09-10 16:50:06,644 - Auto - INFO - <OMS.ElementKey.UIPage.Create_Warehousing_page.Create_ware_page object at 0x03011730> 页面中成功找到 ('xpath', "(//input[@name='tracking_no'])[2]") 元素
2017-09-10 16:50:06,695 - Auto - INFO - <OMS.ElementKey.UIPage.Create_Warehousing_page.Create_ware_page object at 0x03011730> 页面中成功找到 ('xpath', ".//*[@id='asnForm']/table/tbody/tr[12]/td[2]/input") 元素
2017-09-10 16:50:07,894 - Auto - INFO - 点击文本值为6的链接成功
2017-09-10 16:50:08,180 - Auto - INFO - <OMS.ElementKey.UIPage.Create_Warehousing_page.Create_ware_page object at 0x03011730>页面执行js:document.getElementById('fileField').click()成功
2017-09-10 16:50:09,263 - Auto - INFO - 上传文件成功
2017-09-10 16:50:09,592 - Auto - INFO - <OMS.ElementKey.UIPage.Create_Warehousing_page.Create_ware_page object at 0x03011730>页面执行js:document.getElementById('import_manufacture_datas').click()成功
2017-09-10 16:50:10,656 - Auto - INFO - 上传文件成功
2017-09-10 16:50:10,729 - Auto - INFO - <OMS.ElementKey.UIPage.Create_Warehousing_page.Create_ware_page object at 0x03011730>页面执行js:document.getElementById('customs_document').click()成功
2017-09-10 16:50:11,782 - Auto - INFO - 上传文件成功
2017-09-10 16:50:11,893 - Auto - INFO - <OMS.ElementKey.UIPage.Create_Warehousing_page.Create_ware_page object at 0x03011730> 页面中成功找到 ('id', 'imBoxNo') 元素
2017-09-10 16:50:12,029 - Auto - INFO - <OMS.ElementKey.UIPage.Create_Warehousing_page.Create_ware_page object at 0x03011730> 页面中成功找到 ('id', 'imCodeSearch') 元素
2017-09-10 16:50:12,115 - Auto - INFO - <OMS.ElementKey.UIPage.Create_Warehousing_page.Create_ware_page object at 0x03011730> 页面中成功找到 ('id', 'imQuantity') 元素
2017-09-10 16:50:12,171 - Auto - INFO - <OMS.ElementKey.UIPage.Create_Warehousing_page.Create_ware_page object at 0x03011730> 页面中成功找到 ('id', 'addItem') 元素
2017-09-10 16:50:12,620 - Auto - INFO - <OMS.ElementKey.UIPage.Create_Warehousing_page.Create_ware_page object at 0x03011730> 页面中成功找到 ('id', 'asnSubmitBtn') 元素
2017-09-10 16:50:12,949 - Auto - INFO - <OMS.ElementKey.UIPage.Create_Warehousing_page.Create_ware_page object at 0x03011730>页面执行js:document.documentElement.scrollTop = 100000成功
2017-09-10 16:50:15,056 - Auto - INFO - 截图成功，以保存到：F:\Automated_use_case\OMS\screenpicture
2017-09-10 16:50:15,080 - Auto - INFO - <OMS.ElementKey.UIPage.Create_Warehousing_page.Create_ware_page object at 0x03011730> 页面中成功找到 ('id', 'create_feedback_div') 元素
2017-09-10 16:50:22,892 - Auto - INFO - 打开网页成功http://192.168.10.223:61604/
2017-09-10 16:50:23,081 - Auto - INFO - <OMS.ElementKey.UIPage.Create_Warehousing_page.Create_ware_page object at 0x031E5A90> 页面中成功找到 ('id', 'userName') 元素
2017-09-10 16:50:23,244 - Auto - INFO - <OMS.ElementKey.UIPage.Create_Warehousing_page.Create_ware_page object at 0x031E5A90> 页面中成功找到 ('id', 'userPass') 元素
2017-09-10 16:50:23,335 - Auto - INFO - <OMS.ElementKey.UIPage.Create_Warehousing_page.Create_ware_page object at 0x031E5A90> 页面中成功找到 ('css selector', '.loginbtn.radius5') 元素
2017-09-10 16:50:24,429 - Auto - INFO - <OMS.ElementKey.UIPage.Create_Warehousing_page.Create_ware_page object at 0x031E5A90>页面执行js:leftMenu('45','入库单管理','/receiving/receiving/index?quick=45')成功
2017-09-10 16:50:24,429 - Auto - INFO - <OMS.ElementKey.UIPage.Create_Warehousing_page.Create_ware_page object at 0x031E5A90>切换frame:('id', 'iframe-container-45')成功
2017-09-10 16:50:24,564 - Auto - INFO - <OMS.ElementKey.UIPage.Create_Warehousing_page.Create_ware_page object at 0x031E5A90> 页面中成功找到 ('id', 'iframe-container-45') 元素
2017-09-10 16:50:27,222 - Auto - INFO - 点击元素成功
2017-09-10 16:50:27,251 - Auto - INFO - <OMS.ElementKey.UIPage.Create_Warehousing_page.Create_ware_page object at 0x031E5A90> 页面中成功找到 ('css selector', '.asnVerifyBtn.baseBtn.opBtn') 元素
2017-09-10 16:50:28,120 - Auto - INFO - <OMS.ElementKey.UIPage.Create_Warehousing_page.Create_ware_page object at 0x031E5A90> 页面中成功找到 ('xpath', 'html/body/div[5]/div[3]/div/button[1]') 元素
2017-09-10 16:50:35,146 - Auto - INFO - <OMS.ElementKey.UIPage.Create_Warehousing_page.Create_ware_page object at 0x031E5A90> 页面中成功找到 ('id', 'dialog-auto-alert-tip') 元素
