2017-09-06 13:26:15,261 - Auto - INFO - 打开网页成功http://192.168.10.223:61604/
2017-09-06 13:26:15,431 - Auto - INFO - <OMS.ElementKey.UIPage.Create_Warehousing_page.Create_ware_page object at 0x03047450> 页面中成功找到 ('id', 'userName') 元素
2017-09-06 13:26:15,516 - Auto - INFO - <OMS.ElementKey.UIPage.Create_Warehousing_page.Create_ware_page object at 0x03047450> 页面中成功找到 ('id', 'userPass') 元素
2017-09-06 13:26:15,576 - Auto - INFO - <OMS.ElementKey.UIPage.Create_Warehousing_page.Create_ware_page object at 0x03047450> 页面中成功找到 ('css selector', '.loginbtn.radius5') 元素
2017-09-06 13:26:16,629 - Auto - INFO - <OMS.ElementKey.UIPage.Create_Warehousing_page.Create_ware_page object at 0x03047450>页面执行js:leftMenu('54','创建入库单','/receiving/receiving/create?quick=54')成功
2017-09-06 13:26:16,629 - Auto - INFO - <OMS.ElementKey.UIPage.Create_Warehousing_page.Create_ware_page object at 0x03047450>切换frame:('id', 'iframe-container-54')成功
2017-09-06 13:26:16,689 - Auto - INFO - <OMS.ElementKey.UIPage.Create_Warehousing_page.Create_ware_page object at 0x03047450> 页面中成功找到 ('id', 'iframe-container-54') 元素
2017-09-06 13:26:17,248 - Auto - INFO - <OMS.ElementKey.UIPage.Create_Warehousing_page.Create_ware_page object at 0x03047450> 页面中成功找到 ('xpath', ".//*[@id='asnForm']/table/tbody/tr[1]/td[2]/div/div[2]") 元素
2017-09-06 13:26:17,525 - Auto - INFO - <OMS.ElementKey.UIPage.Create_Warehousing_page.Create_ware_page object at 0x03047450> 页面中成功找到 ('id', 'transit_warehouse') 元素
2017-09-06 13:26:17,821 - Auto - INFO - <OMS.ElementKey.UIPage.Create_Warehousing_page.Create_ware_page object at 0x03047450> 页面中成功找到 ('id', 'new_target_warehouse_code') 元素
2017-09-06 13:26:18,108 - Auto - INFO - <OMS.ElementKey.UIPage.Create_Warehousing_page.Create_ware_page object at 0x03047450> 页面中成功找到 ('name', 'volume') 元素
2017-09-06 13:26:18,152 - Auto - INFO - <OMS.ElementKey.UIPage.Create_Warehousing_page.Create_ware_page object at 0x03047450> 页面中成功找到 ('name', 'weight') 元素
2017-09-06 13:26:18,198 - Auto - INFO - <OMS.ElementKey.UIPage.Create_Warehousing_page.Create_ware_page object at 0x03047450> 页面中成功找到 ('id', 'sm_code') 元素
2017-09-06 13:26:19,222 - Auto - INFO - <OMS.ElementKey.UIPage.Create_Warehousing_page.Create_ware_page object at 0x03047450> 页面中成功找到 ('xpath', "(//select[@id='receiving_shipping_type'])[2]") 元素
2017-09-06 13:26:19,579 - Auto - INFO - <OMS.ElementKey.UIPage.Create_Warehousing_page.Create_ware_page object at 0x03047450> 页面中成功找到 ('name', 'tax_type') 元素
2017-09-06 13:26:19,884 - Auto - INFO - <OMS.ElementKey.UIPage.Create_Warehousing_page.Create_ware_page object at 0x03047450> 页面中成功找到 ('name', 'customer_type') 元素
2017-09-06 13:26:20,181 - Auto - INFO - <OMS.ElementKey.UIPage.Create_Warehousing_page.Create_ware_page object at 0x03047450> 页面中成功找到 ('xpath', "(//input[@id='refrence_no'])[2]") 元素
2017-09-06 13:26:20,235 - Auto - INFO - <OMS.ElementKey.UIPage.Create_Warehousing_page.Create_ware_page object at 0x03047450> 页面中成功找到 ('xpath', "(//input[@name='shipping_method'])[2]") 元素
2017-09-06 13:26:20,290 - Auto - INFO - <OMS.ElementKey.UIPage.Create_Warehousing_page.Create_ware_page object at 0x03047450> 页面中成功找到 ('xpath', "(//input[@name='tracking_no'])[2]") 元素
2017-09-06 13:26:20,342 - Auto - INFO - <OMS.ElementKey.UIPage.Create_Warehousing_page.Create_ware_page object at 0x03047450> 页面中成功找到 ('xpath', ".//*[@id='asnForm']/table/tbody/tr[12]/td[2]/input") 元素
2017-09-06 13:26:21,243 - Auto - INFO - 点击文本值为6的链接成功
2017-09-06 13:26:21,422 - Auto - INFO - <OMS.ElementKey.UIPage.Create_Warehousing_page.Create_ware_page object at 0x03047450>页面执行js:document.getElementById('fileField').click()成功
2017-09-06 13:26:22,456 - Auto - INFO - 上传文件成功
2017-09-06 13:26:22,508 - Auto - INFO - <OMS.ElementKey.UIPage.Create_Warehousing_page.Create_ware_page object at 0x03047450>页面执行js:document.getElementById('import_manufacture_datas').click()成功
2017-09-06 13:26:23,552 - Auto - INFO - 上传文件成功
2017-09-06 13:26:23,758 - Auto - INFO - <OMS.ElementKey.UIPage.Create_Warehousing_page.Create_ware_page object at 0x03047450>页面执行js:document.getElementById('customs_document').click()成功
2017-09-06 13:26:24,790 - Auto - INFO - 上传文件成功
2017-09-06 13:26:24,853 - Auto - INFO - <OMS.ElementKey.UIPage.Create_Warehousing_page.Create_ware_page object at 0x03047450> 页面中成功找到 ('id', 'imBoxNo') 元素
2017-09-06 13:26:24,934 - Auto - INFO - <OMS.ElementKey.UIPage.Create_Warehousing_page.Create_ware_page object at 0x03047450> 页面中成功找到 ('id', 'imCodeSearch') 元素
2017-09-06 13:26:25,022 - Auto - INFO - <OMS.ElementKey.UIPage.Create_Warehousing_page.Create_ware_page object at 0x03047450> 页面中成功找到 ('id', 'imQuantity') 元素
2017-09-06 13:26:25,069 - Auto - INFO - <OMS.ElementKey.UIPage.Create_Warehousing_page.Create_ware_page object at 0x03047450> 页面中成功找到 ('id', 'addItem') 元素
2017-09-06 13:26:25,417 - Auto - INFO - <OMS.ElementKey.UIPage.Create_Warehousing_page.Create_ware_page object at 0x03047450> 页面中成功找到 ('id', 'asnSubmitBtn') 元素
2017-09-06 13:26:25,737 - Auto - INFO - <OMS.ElementKey.UIPage.Create_Warehousing_page.Create_ware_page object at 0x03047450>页面执行js:document.documentElement.scrollTop = 100000成功
2017-09-06 13:26:27,856 - Auto - INFO - 截图成功，以保存到：F:\Automated_use_case\OMS\screenpicture
2017-09-06 13:26:27,870 - Auto - INFO - <OMS.ElementKey.UIPage.Create_Warehousing_page.Create_ware_page object at 0x03047450> 页面中成功找到 ('id', 'create_feedback_div') 元素
2017-09-06 13:26:39,547 - Auto - INFO - 打开网页成功http://192.168.10.223:61604/
2017-09-06 13:26:39,627 - Auto - INFO - <OMS.ElementKey.UIPage.Create_Warehousing_page.Create_ware_page object at 0x031F65F0> 页面中成功找到 ('id', 'userName') 元素
2017-09-06 13:26:39,703 - Auto - INFO - <OMS.ElementKey.UIPage.Create_Warehousing_page.Create_ware_page object at 0x031F65F0> 页面中成功找到 ('id', 'userPass') 元素
2017-09-06 13:26:39,766 - Auto - INFO - <OMS.ElementKey.UIPage.Create_Warehousing_page.Create_ware_page object at 0x031F65F0> 页面中成功找到 ('css selector', '.loginbtn.radius5') 元素
2017-09-06 13:26:40,575 - Auto - INFO - <OMS.ElementKey.UIPage.Create_Warehousing_page.Create_ware_page object at 0x031F65F0>页面执行js:leftMenu('45','入库单管理','/receiving/receiving/index?quick=45')成功
2017-09-06 13:26:40,576 - Auto - INFO - <OMS.ElementKey.UIPage.Create_Warehousing_page.Create_ware_page object at 0x031F65F0>切换frame:('id', 'iframe-container-45')成功
2017-09-06 13:26:40,647 - Auto - INFO - <OMS.ElementKey.UIPage.Create_Warehousing_page.Create_ware_page object at 0x031F65F0> 页面中成功找到 ('id', 'iframe-container-45') 元素
