2017-09-11 21:14:31,818 - Auto - INFO - 打开网页成功http://192.168.10.223:61604/
2017-09-11 21:14:31,974 - Auto - INFO - <OMS.ElementKey.UIPage.Create_Warehousing_page.Create_ware_page object at 0x03185410> 页面中成功找到 ('id', 'userName') 元素
2017-09-11 21:14:32,079 - Auto - INFO - <OMS.ElementKey.UIPage.Create_Warehousing_page.Create_ware_page object at 0x03185410> 页面中成功找到 ('id', 'userPass') 元素
2017-09-11 21:14:32,163 - Auto - INFO - <OMS.ElementKey.UIPage.Create_Warehousing_page.Create_ware_page object at 0x03185410> 页面中成功找到 ('css selector', '.loginbtn.radius5') 元素
2017-09-11 21:14:33,315 - Auto - INFO - <OMS.ElementKey.UIPage.Create_Warehousing_page.Create_ware_page object at 0x03185410>页面执行js:leftMenu('54','创建入库单','/receiving/receiving/create?quick=54')成功
2017-09-11 21:14:33,316 - Auto - INFO - <OMS.ElementKey.UIPage.Create_Warehousing_page.Create_ware_page object at 0x03185410>切换frame:('id', 'iframe-container-54')成功
2017-09-11 21:14:33,472 - Auto - INFO - <OMS.ElementKey.UIPage.Create_Warehousing_page.Create_ware_page object at 0x03185410> 页面中成功找到 ('id', 'iframe-container-54') 元素
2017-09-11 21:14:34,226 - Auto - INFO - <OMS.ElementKey.UIPage.Create_Warehousing_page.Create_ware_page object at 0x03185410> 页面中成功找到 ('xpath', ".//*[@id='asnForm']/table/tbody/tr[1]/td[2]/div/div[2]") 元素
2017-09-11 21:14:34,547 - Auto - INFO - <OMS.ElementKey.UIPage.Create_Warehousing_page.Create_ware_page object at 0x03185410> 页面中成功找到 ('id', 'transit_warehouse') 元素
2017-09-11 21:14:34,895 - Auto - INFO - <OMS.ElementKey.UIPage.Create_Warehousing_page.Create_ware_page object at 0x03185410> 页面中成功找到 ('id', 'new_target_warehouse_code') 元素
2017-09-11 21:14:35,265 - Auto - INFO - <OMS.ElementKey.UIPage.Create_Warehousing_page.Create_ware_page object at 0x03185410> 页面中成功找到 ('name', 'volume') 元素
2017-09-11 21:14:35,317 - Auto - INFO - <OMS.ElementKey.UIPage.Create_Warehousing_page.Create_ware_page object at 0x03185410> 页面中成功找到 ('name', 'weight') 元素
2017-09-11 21:14:35,369 - Auto - INFO - <OMS.ElementKey.UIPage.Create_Warehousing_page.Create_ware_page object at 0x03185410> 页面中成功找到 ('id', 'sm_code') 元素
2017-09-11 21:14:35,900 - Auto - INFO - <OMS.ElementKey.UIPage.Create_Warehousing_page.Create_ware_page object at 0x03185410> 页面中成功找到 ('xpath', "(//select[@id='receiving_shipping_type'])[2]") 元素
2017-09-11 21:14:36,190 - Auto - INFO - <OMS.ElementKey.UIPage.Create_Warehousing_page.Create_ware_page object at 0x03185410> 页面中成功找到 ('name', 'tax_type') 元素
2017-09-11 21:14:36,552 - Auto - INFO - <OMS.ElementKey.UIPage.Create_Warehousing_page.Create_ware_page object at 0x03185410> 页面中成功找到 ('name', 'customer_type') 元素
2017-09-11 21:14:36,877 - Auto - INFO - <OMS.ElementKey.UIPage.Create_Warehousing_page.Create_ware_page object at 0x03185410> 页面中成功找到 ('xpath', "(//input[@id='refrence_no'])[2]") 元素
2017-09-11 21:14:36,981 - Auto - INFO - <OMS.ElementKey.UIPage.Create_Warehousing_page.Create_ware_page object at 0x03185410> 页面中成功找到 ('xpath', "(//input[@name='shipping_method'])[2]") 元素
2017-09-11 21:14:37,052 - Auto - INFO - <OMS.ElementKey.UIPage.Create_Warehousing_page.Create_ware_page object at 0x03185410> 页面中成功找到 ('xpath', "(//input[@name='tracking_no'])[2]") 元素
2017-09-11 21:14:37,157 - Auto - INFO - <OMS.ElementKey.UIPage.Create_Warehousing_page.Create_ware_page object at 0x03185410> 页面中成功找到 ('xpath', ".//*[@id='asnForm']/table/tbody/tr[12]/td[2]/input") 元素
2017-09-11 21:14:58,908 - Auto - INFO - <OMS.ElementKey.UIPage.Create_Warehousing_page.Create_ware_page object at 0x03185410>页面执行js:document.getElementById('fileField').click()成功
2017-09-11 21:14:59,976 - Auto - INFO - 上传文件成功
2017-09-11 21:15:00,370 - Auto - INFO - <OMS.ElementKey.UIPage.Create_Warehousing_page.Create_ware_page object at 0x03185410>页面执行js:document.getElementById('import_manufacture_datas').click()成功
2017-09-11 21:15:01,425 - Auto - INFO - 上传文件成功
2017-09-11 21:15:01,689 - Auto - INFO - <OMS.ElementKey.UIPage.Create_Warehousing_page.Create_ware_page object at 0x03185410>页面执行js:document.getElementById('customs_document').click()成功
2017-09-11 21:15:02,733 - Auto - INFO - 上传文件成功
2017-09-11 21:15:02,839 - Auto - INFO - <OMS.ElementKey.UIPage.Create_Warehousing_page.Create_ware_page object at 0x03185410> 页面中成功找到 ('id', 'imBoxNo') 元素
2017-09-11 21:15:03,021 - Auto - INFO - <OMS.ElementKey.UIPage.Create_Warehousing_page.Create_ware_page object at 0x03185410> 页面中成功找到 ('id', 'imCodeSearch') 元素
2017-09-11 21:15:03,211 - Auto - INFO - <OMS.ElementKey.UIPage.Create_Warehousing_page.Create_ware_page object at 0x03185410> 页面中成功找到 ('id', 'imQuantity') 元素
2017-09-11 21:15:03,596 - Auto - ERROR - <OMS.ElementKey.UIPage.Create_Warehousing_page.Create_ware_page object at 0x03185410>页面未能找到('id', 'addItem')元素
