2017-09-10 16:48:13,004 - Auto - INFO - 打开网页成功http://192.168.10.223:61604/
2017-09-10 16:48:13,163 - Auto - INFO - <OMS.ElementKey.UIPage.Create_Warehousing_page.Create_ware_page object at 0x031963D0> 页面中成功找到 ('id', 'userName') 元素
2017-09-10 16:48:13,266 - Auto - INFO - <OMS.ElementKey.UIPage.Create_Warehousing_page.Create_ware_page object at 0x031963D0> 页面中成功找到 ('id', 'userPass') 元素
2017-09-10 16:48:13,333 - Auto - INFO - <OMS.ElementKey.UIPage.Create_Warehousing_page.Create_ware_page object at 0x031963D0> 页面中成功找到 ('css selector', '.loginbtn.radius5') 元素
2017-09-10 16:48:14,390 - Auto - INFO - <OMS.ElementKey.UIPage.Create_Warehousing_page.Create_ware_page object at 0x031963D0>页面执行js:leftMenu('54','创建入库单','/receiving/receiving/create?quick=54')成功
2017-09-10 16:48:14,391 - Auto - INFO - <OMS.ElementKey.UIPage.Create_Warehousing_page.Create_ware_page object at 0x031963D0>切换frame:('id', 'iframe-container-54')成功
2017-09-10 16:48:14,487 - Auto - INFO - <OMS.ElementKey.UIPage.Create_Warehousing_page.Create_ware_page object at 0x031963D0> 页面中成功找到 ('id', 'iframe-container-54') 元素
2017-09-10 16:48:15,152 - Auto - INFO - <OMS.ElementKey.UIPage.Create_Warehousing_page.Create_ware_page object at 0x031963D0> 页面中成功找到 ('xpath', ".//*[@id='asnForm']/table/tbody/tr[1]/td[2]/div/div[2]") 元素
2017-09-10 16:48:15,476 - Auto - INFO - <OMS.ElementKey.UIPage.Create_Warehousing_page.Create_ware_page object at 0x031963D0> 页面中成功找到 ('id', 'transit_warehouse') 元素
2017-09-10 16:48:15,799 - Auto - INFO - <OMS.ElementKey.UIPage.Create_Warehousing_page.Create_ware_page object at 0x031963D0> 页面中成功找到 ('id', 'new_target_warehouse_code') 元素
2017-09-10 16:48:16,165 - Auto - INFO - <OMS.ElementKey.UIPage.Create_Warehousing_page.Create_ware_page object at 0x031963D0> 页面中成功找到 ('name', 'volume') 元素
2017-09-10 16:48:16,527 - Auto - INFO - <OMS.ElementKey.UIPage.Create_Warehousing_page.Create_ware_page object at 0x031963D0> 页面中成功找到 ('name', 'weight') 元素
2017-09-10 16:48:16,586 - Auto - INFO - <OMS.ElementKey.UIPage.Create_Warehousing_page.Create_ware_page object at 0x031963D0> 页面中成功找到 ('id', 'sm_code') 元素
2017-09-10 16:48:16,908 - Auto - INFO - <OMS.ElementKey.UIPage.Create_Warehousing_page.Create_ware_page object at 0x031963D0> 页面中成功找到 ('xpath', "(//select[@id='receiving_shipping_type'])[2]") 元素
2017-09-10 16:48:17,225 - Auto - INFO - <OMS.ElementKey.UIPage.Create_Warehousing_page.Create_ware_page object at 0x031963D0> 页面中成功找到 ('name', 'tax_type') 元素
2017-09-10 16:48:17,529 - Auto - INFO - <OMS.ElementKey.UIPage.Create_Warehousing_page.Create_ware_page object at 0x031963D0> 页面中成功找到 ('name', 'customer_type') 元素
2017-09-10 16:48:17,847 - Auto - INFO - <OMS.ElementKey.UIPage.Create_Warehousing_page.Create_ware_page object at 0x031963D0> 页面中成功找到 ('xpath', "(//input[@id='refrence_no'])[2]") 元素
2017-09-10 16:48:17,908 - Auto - INFO - <OMS.ElementKey.UIPage.Create_Warehousing_page.Create_ware_page object at 0x031963D0> 页面中成功找到 ('xpath', "(//input[@name='shipping_method'])[2]") 元素
2017-09-10 16:48:17,955 - Auto - INFO - <OMS.ElementKey.UIPage.Create_Warehousing_page.Create_ware_page object at 0x031963D0> 页面中成功找到 ('xpath', "(//input[@name='tracking_no'])[2]") 元素
2017-09-10 16:48:18,024 - Auto - INFO - <OMS.ElementKey.UIPage.Create_Warehousing_page.Create_ware_page object at 0x031963D0> 页面中成功找到 ('xpath', ".//*[@id='asnForm']/table/tbody/tr[12]/td[2]/input") 元素
2017-09-10 16:48:19,049 - Auto - INFO - 点击文本值为6的链接成功
2017-09-10 16:48:19,332 - Auto - INFO - <OMS.ElementKey.UIPage.Create_Warehousing_page.Create_ware_page object at 0x031963D0>页面执行js:document.getElementById('fileField').click()成功
2017-09-10 16:48:20,387 - Auto - INFO - 上传文件成功
2017-09-10 16:48:20,904 - Auto - INFO - <OMS.ElementKey.UIPage.Create_Warehousing_page.Create_ware_page object at 0x031963D0>页面执行js:document.getElementById('import_manufacture_datas').click()成功
2017-09-10 16:48:21,948 - Auto - INFO - 上传文件成功
2017-09-10 16:48:22,474 - Auto - INFO - <OMS.ElementKey.UIPage.Create_Warehousing_page.Create_ware_page object at 0x031963D0>页面执行js:document.getElementById('customs_document').click()成功
2017-09-10 16:48:23,556 - Auto - INFO - 上传文件成功
2017-09-10 16:48:23,850 - Auto - INFO - <OMS.ElementKey.UIPage.Create_Warehousing_page.Create_ware_page object at 0x031963D0> 页面中成功找到 ('id', 'imBoxNo') 元素
2017-09-10 16:48:24,029 - Auto - INFO - <OMS.ElementKey.UIPage.Create_Warehousing_page.Create_ware_page object at 0x031963D0> 页面中成功找到 ('id', 'imCodeSearch') 元素
2017-09-10 16:48:24,179 - Auto - INFO - <OMS.ElementKey.UIPage.Create_Warehousing_page.Create_ware_page object at 0x031963D0> 页面中成功找到 ('id', 'imQuantity') 元素
2017-09-10 16:48:24,249 - Auto - INFO - <OMS.ElementKey.UIPage.Create_Warehousing_page.Create_ware_page object at 0x031963D0> 页面中成功找到 ('id', 'addItem') 元素
2017-09-10 16:48:24,592 - Auto - INFO - <OMS.ElementKey.UIPage.Create_Warehousing_page.Create_ware_page object at 0x031963D0> 页面中成功找到 ('id', 'asnSubmitBtn') 元素
2017-09-10 16:48:24,922 - Auto - INFO - <OMS.ElementKey.UIPage.Create_Warehousing_page.Create_ware_page object at 0x031963D0>页面执行js:document.documentElement.scrollTop = 100000成功
2017-09-10 16:48:27,069 - Auto - INFO - 截图成功，以保存到：F:\Automated_use_case\OMS\screenpicture
2017-09-10 16:48:27,087 - Auto - INFO - <OMS.ElementKey.UIPage.Create_Warehousing_page.Create_ware_page object at 0x031963D0> 页面中成功找到 ('id', 'create_feedback_div') 元素
2017-09-10 16:48:37,593 - Auto - INFO - 打开网页成功http://192.168.10.223:61604/
2017-09-10 16:48:37,835 - Auto - INFO - <OMS.ElementKey.UIPage.Create_Warehousing_page.Create_ware_page object at 0x031E66B0> 页面中成功找到 ('id', 'userName') 元素
2017-09-10 16:48:38,024 - Auto - INFO - <OMS.ElementKey.UIPage.Create_Warehousing_page.Create_ware_page object at 0x031E66B0> 页面中成功找到 ('id', 'userPass') 元素
2017-09-10 16:48:38,276 - Auto - INFO - <OMS.ElementKey.UIPage.Create_Warehousing_page.Create_ware_page object at 0x031E66B0> 页面中成功找到 ('css selector', '.loginbtn.radius5') 元素
2017-09-10 16:48:39,400 - Auto - INFO - <OMS.ElementKey.UIPage.Create_Warehousing_page.Create_ware_page object at 0x031E66B0>页面执行js:leftMenu('45','入库单管理','/receiving/receiving/index?quick=45')成功
2017-09-10 16:48:39,400 - Auto - INFO - <OMS.ElementKey.UIPage.Create_Warehousing_page.Create_ware_page object at 0x031E66B0>切换frame:('id', 'iframe-container-45')成功
2017-09-10 16:48:39,464 - Auto - INFO - <OMS.ElementKey.UIPage.Create_Warehousing_page.Create_ware_page object at 0x031E66B0> 页面中成功找到 ('id', 'iframe-container-45') 元素
2017-09-10 16:48:41,811 - Auto - INFO - 点击元素成功
2017-09-10 16:48:41,848 - Auto - INFO - <OMS.ElementKey.UIPage.Create_Warehousing_page.Create_ware_page object at 0x031E66B0> 页面中成功找到 ('css selector', '.asnVerifyBtn.baseBtn.opBtn') 元素
2017-09-10 16:48:42,745 - Auto - INFO - <OMS.ElementKey.UIPage.Create_Warehousing_page.Create_ware_page object at 0x031E66B0> 页面中成功找到 ('xpath', 'html/body/div[5]/div[3]/div/button[1]') 元素
2017-09-10 16:48:48,799 - Auto - INFO - <OMS.ElementKey.UIPage.Create_Warehousing_page.Create_ware_page object at 0x031E66B0> 页面中成功找到 ('id', 'dialog-auto-alert-tip') 元素
