2017-09-10 16:40:46,221 - Auto - INFO - 打开网页成功http://192.168.10.223:61604/
2017-09-10 16:40:46,482 - Auto - INFO - <OMS.ElementKey.UIPage.Create_Warehousing_page.Create_ware_page object at 0x03151710> 页面中成功找到 ('id', 'userName') 元素
2017-09-10 16:40:46,680 - Auto - INFO - <OMS.ElementKey.UIPage.Create_Warehousing_page.Create_ware_page object at 0x03151710> 页面中成功找到 ('id', 'userPass') 元素
2017-09-10 16:40:46,898 - Auto - INFO - <OMS.ElementKey.UIPage.Create_Warehousing_page.Create_ware_page object at 0x03151710> 页面中成功找到 ('css selector', '.loginbtn.radius5') 元素
2017-09-10 16:40:49,471 - Auto - INFO - <OMS.ElementKey.UIPage.Create_Warehousing_page.Create_ware_page object at 0x03151710>页面执行js:leftMenu('45','入库单管理','/receiving/receiving/index?quick=45')成功
2017-09-10 16:40:49,472 - Auto - INFO - <OMS.ElementKey.UIPage.Create_Warehousing_page.Create_ware_page object at 0x03151710>切换frame:('id', 'iframe-container-45')成功
2017-09-10 16:40:49,577 - Auto - INFO - <OMS.ElementKey.UIPage.Create_Warehousing_page.Create_ware_page object at 0x03151710> 页面中成功找到 ('id', 'iframe-container-45') 元素
2017-09-10 16:40:51,984 - Auto - INFO - 点击元素成功
2017-09-10 16:40:52,014 - Auto - INFO - <OMS.ElementKey.UIPage.Create_Warehousing_page.Create_ware_page object at 0x03151710> 页面中成功找到 ('css selector', '.asnVerifyBtn.baseBtn.opBtn') 元素
2017-09-10 16:40:52,860 - Auto - INFO - <OMS.ElementKey.UIPage.Create_Warehousing_page.Create_ware_page object at 0x03151710> 页面中成功找到 ('xpath', 'html/body/div[5]/div[3]/div/button[1]') 元素
2017-09-10 16:40:57,806 - Auto - INFO - <OMS.ElementKey.UIPage.Create_Warehousing_page.Create_ware_page object at 0x03151710> 页面中成功找到 ('id', 'dialog-auto-alert-tip') 元素
2017-09-10 16:41:12,599 - Auto - INFO - 打开网页成功http://192.168.10.223:61604/
2017-09-10 16:41:12,802 - Auto - INFO - <OMS.ElementKey.UIPage.Create_Warehousing_page.Create_ware_page object at 0x03164A90> 页面中成功找到 ('id', 'userName') 元素
2017-09-10 16:41:12,953 - Auto - INFO - <OMS.ElementKey.UIPage.Create_Warehousing_page.Create_ware_page object at 0x03164A90> 页面中成功找到 ('id', 'userPass') 元素
2017-09-10 16:41:13,054 - Auto - INFO - <OMS.ElementKey.UIPage.Create_Warehousing_page.Create_ware_page object at 0x03164A90> 页面中成功找到 ('css selector', '.loginbtn.radius5') 元素
2017-09-10 16:41:14,205 - Auto - INFO - <OMS.ElementKey.UIPage.Create_Warehousing_page.Create_ware_page object at 0x03164A90>页面执行js:leftMenu('54','创建入库单','/receiving/receiving/create?quick=54')成功
2017-09-10 16:41:14,206 - Auto - INFO - <OMS.ElementKey.UIPage.Create_Warehousing_page.Create_ware_page object at 0x03164A90>切换frame:('id', 'iframe-container-54')成功
2017-09-10 16:41:14,317 - Auto - INFO - <OMS.ElementKey.UIPage.Create_Warehousing_page.Create_ware_page object at 0x03164A90> 页面中成功找到 ('id', 'iframe-container-54') 元素
2017-09-10 16:41:15,221 - Auto - INFO - <OMS.ElementKey.UIPage.Create_Warehousing_page.Create_ware_page object at 0x03164A90> 页面中成功找到 ('xpath', ".//*[@id='asnForm']/table/tbody/tr[1]/td[2]/div/div[2]") 元素
2017-09-10 16:41:15,560 - Auto - INFO - <OMS.ElementKey.UIPage.Create_Warehousing_page.Create_ware_page object at 0x03164A90> 页面中成功找到 ('id', 'transit_warehouse') 元素
2017-09-10 16:41:16,112 - Auto - INFO - <OMS.ElementKey.UIPage.Create_Warehousing_page.Create_ware_page object at 0x03164A90> 页面中成功找到 ('id', 'new_target_warehouse_code') 元素
2017-09-10 16:41:16,438 - Auto - INFO - <OMS.ElementKey.UIPage.Create_Warehousing_page.Create_ware_page object at 0x03164A90> 页面中成功找到 ('name', 'volume') 元素
2017-09-10 16:41:16,795 - Auto - INFO - <OMS.ElementKey.UIPage.Create_Warehousing_page.Create_ware_page object at 0x03164A90> 页面中成功找到 ('name', 'weight') 元素
2017-09-10 16:41:16,872 - Auto - INFO - <OMS.ElementKey.UIPage.Create_Warehousing_page.Create_ware_page object at 0x03164A90> 页面中成功找到 ('id', 'sm_code') 元素
2017-09-10 16:41:17,171 - Auto - INFO - <OMS.ElementKey.UIPage.Create_Warehousing_page.Create_ware_page object at 0x03164A90> 页面中成功找到 ('xpath', "(//select[@id='receiving_shipping_type'])[2]") 元素
2017-09-10 16:41:17,541 - Auto - INFO - <OMS.ElementKey.UIPage.Create_Warehousing_page.Create_ware_page object at 0x03164A90> 页面中成功找到 ('name', 'tax_type') 元素
2017-09-10 16:41:17,862 - Auto - INFO - <OMS.ElementKey.UIPage.Create_Warehousing_page.Create_ware_page object at 0x03164A90> 页面中成功找到 ('name', 'customer_type') 元素
2017-09-10 16:41:18,175 - Auto - INFO - <OMS.ElementKey.UIPage.Create_Warehousing_page.Create_ware_page object at 0x03164A90> 页面中成功找到 ('xpath', "(//input[@id='refrence_no'])[2]") 元素
2017-09-10 16:41:18,239 - Auto - INFO - <OMS.ElementKey.UIPage.Create_Warehousing_page.Create_ware_page object at 0x03164A90> 页面中成功找到 ('xpath', "(//input[@name='shipping_method'])[2]") 元素
2017-09-10 16:41:18,298 - Auto - INFO - <OMS.ElementKey.UIPage.Create_Warehousing_page.Create_ware_page object at 0x03164A90> 页面中成功找到 ('xpath', "(//input[@name='tracking_no'])[2]") 元素
2017-09-10 16:41:18,404 - Auto - INFO - <OMS.ElementKey.UIPage.Create_Warehousing_page.Create_ware_page object at 0x03164A90> 页面中成功找到 ('xpath', ".//*[@id='asnForm']/table/tbody/tr[12]/td[2]/input") 元素
2017-09-10 16:41:19,202 - Auto - INFO - 点击元素失败
2017-09-10 16:41:27,606 - Auto - INFO - <OMS.ElementKey.UIPage.Create_Warehousing_page.Create_ware_page object at 0x03164A90>页面执行js:document.getElementById('fileField').click()成功
2017-09-10 16:41:31,595 - Auto - INFO - 上传文件成功
2017-09-10 16:41:34,731 - Auto - INFO - <OMS.ElementKey.UIPage.Create_Warehousing_page.Create_ware_page object at 0x03164A90>页面执行js:document.getElementById('import_manufacture_datas').click()成功
2017-09-10 16:41:40,088 - Auto - INFO - 上传文件成功
2017-09-10 16:41:42,620 - Auto - INFO - <OMS.ElementKey.UIPage.Create_Warehousing_page.Create_ware_page object at 0x03164A90>页面执行js:document.getElementById('customs_document').click()成功
2017-09-10 16:41:43,784 - Auto - INFO - 上传文件成功
2017-09-10 16:41:43,915 - Auto - INFO - <OMS.ElementKey.UIPage.Create_Warehousing_page.Create_ware_page object at 0x03164A90> 页面中成功找到 ('id', 'imBoxNo') 元素
2017-09-10 16:41:44,273 - Auto - INFO - <OMS.ElementKey.UIPage.Create_Warehousing_page.Create_ware_page object at 0x03164A90> 页面中成功找到 ('id', 'imCodeSearch') 元素
2017-09-10 16:41:44,354 - Auto - INFO - <OMS.ElementKey.UIPage.Create_Warehousing_page.Create_ware_page object at 0x03164A90> 页面中成功找到 ('id', 'imQuantity') 元素
2017-09-10 16:41:44,602 - Auto - INFO - <OMS.ElementKey.UIPage.Create_Warehousing_page.Create_ware_page object at 0x03164A90> 页面中成功找到 ('id', 'addItem') 元素
2017-09-10 16:41:44,959 - Auto - INFO - <OMS.ElementKey.UIPage.Create_Warehousing_page.Create_ware_page object at 0x03164A90> 页面中成功找到 ('id', 'asnSubmitBtn') 元素
2017-09-10 16:41:45,805 - Auto - INFO - <OMS.ElementKey.UIPage.Create_Warehousing_page.Create_ware_page object at 0x03164A90>页面执行js:document.documentElement.scrollTop = 100000成功
2017-09-10 16:41:48,439 - Auto - ERROR - 截图失败
2017-09-10 16:41:48,445 - Auto - ERROR - <OMS.ElementKey.UIPage.Create_Warehousing_page.Create_ware_page object at 0x03164A90>页面未能找到('id', 'create_feedback_div')元素
2017-09-10 16:41:48,447 - Auto - ERROR - <OMS.ElementKey.UIPage.Create_Warehousing_page.Create_ware_page object at 0x03164A90>获取文本值未成功('id', 'create_feedback_div')元素
