2017-09-05 17:21:34,075 - Auto - INFO - 打开网页成功http://192.168.10.223:61604/
2017-09-05 17:21:34,181 - Auto - INFO - <OMS.ElementKey.UIPage.Create_Warehousing_page.Create_ware_page object at 0x03003910> 页面中成功找到 ('id', 'userName') 元素
2017-09-05 17:21:34,257 - Auto - INFO - <OMS.ElementKey.UIPage.Create_Warehousing_page.Create_ware_page object at 0x03003910> 页面中成功找到 ('id', 'userPass') 元素
2017-09-05 17:21:34,318 - Auto - INFO - <OMS.ElementKey.UIPage.Create_Warehousing_page.Create_ware_page object at 0x03003910> 页面中成功找到 ('css selector', '.loginbtn.radius5') 元素
2017-09-05 17:21:35,250 - Auto - INFO - <OMS.ElementKey.UIPage.Create_Warehousing_page.Create_ware_page object at 0x03003910>页面执行js:leftMenu('54','创建入库单','/receiving/receiving/create?quick=54')成功
2017-09-05 17:21:35,250 - Auto - INFO - <OMS.ElementKey.UIPage.Create_Warehousing_page.Create_ware_page object at 0x03003910>切换frame:('id', 'iframe-container-54')成功
2017-09-05 17:21:35,306 - Auto - INFO - <OMS.ElementKey.UIPage.Create_Warehousing_page.Create_ware_page object at 0x03003910> 页面中成功找到 ('id', 'iframe-container-54') 元素
2017-09-05 17:21:35,880 - Auto - INFO - <OMS.ElementKey.UIPage.Create_Warehousing_page.Create_ware_page object at 0x03003910> 页面中成功找到 ('xpath', ".//*[@id='asnForm']/table/tbody/tr[1]/td[2]/div/div[2]") 元素
2017-09-05 17:21:36,155 - Auto - INFO - <OMS.ElementKey.UIPage.Create_Warehousing_page.Create_ware_page object at 0x03003910> 页面中成功找到 ('id', 'transit_warehouse') 元素
2017-09-05 17:21:36,453 - Auto - INFO - <OMS.ElementKey.UIPage.Create_Warehousing_page.Create_ware_page object at 0x03003910> 页面中成功找到 ('id', 'new_target_warehouse_code') 元素
2017-09-05 17:21:36,745 - Auto - INFO - <OMS.ElementKey.UIPage.Create_Warehousing_page.Create_ware_page object at 0x03003910> 页面中成功找到 ('name', 'volume') 元素
2017-09-05 17:21:36,789 - Auto - INFO - <OMS.ElementKey.UIPage.Create_Warehousing_page.Create_ware_page object at 0x03003910> 页面中成功找到 ('name', 'weight') 元素
2017-09-05 17:21:36,832 - Auto - INFO - <OMS.ElementKey.UIPage.Create_Warehousing_page.Create_ware_page object at 0x03003910> 页面中成功找到 ('id', 'sm_code') 元素
2017-09-05 17:21:37,643 - Auto - INFO - <OMS.ElementKey.UIPage.Create_Warehousing_page.Create_ware_page object at 0x03003910> 页面中成功找到 ('xpath', "(//select[@id='receiving_shipping_type'])[2]") 元素
2017-09-05 17:21:37,933 - Auto - INFO - <OMS.ElementKey.UIPage.Create_Warehousing_page.Create_ware_page object at 0x03003910> 页面中成功找到 ('name', 'tax_type') 元素
2017-09-05 17:21:38,220 - Auto - INFO - <OMS.ElementKey.UIPage.Create_Warehousing_page.Create_ware_page object at 0x03003910> 页面中成功找到 ('name', 'customer_type') 元素
2017-09-05 17:21:38,491 - Auto - INFO - <OMS.ElementKey.UIPage.Create_Warehousing_page.Create_ware_page object at 0x03003910> 页面中成功找到 ('xpath', "(//input[@id='refrence_no'])[2]") 元素
2017-09-05 17:21:38,535 - Auto - INFO - <OMS.ElementKey.UIPage.Create_Warehousing_page.Create_ware_page object at 0x03003910> 页面中成功找到 ('xpath', "(//input[@name='shipping_method'])[2]") 元素
2017-09-05 17:21:38,581 - Auto - INFO - <OMS.ElementKey.UIPage.Create_Warehousing_page.Create_ware_page object at 0x03003910> 页面中成功找到 ('xpath', "(//input[@name='tracking_no'])[2]") 元素
2017-09-05 17:21:38,627 - Auto - INFO - <OMS.ElementKey.UIPage.Create_Warehousing_page.Create_ware_page object at 0x03003910> 页面中成功找到 ('xpath', ".//*[@id='asnForm']/table/tbody/tr[12]/td[2]/input") 元素
2017-09-05 17:21:39,539 - Auto - INFO - 点击文本值为6的链接成功
2017-09-05 17:21:39,705 - Auto - INFO - <OMS.ElementKey.UIPage.Create_Warehousing_page.Create_ware_page object at 0x03003910>页面执行js:document.getElementById('fileField').click()成功
2017-09-05 17:21:40,740 - Auto - INFO - 上传文件成功
2017-09-05 17:21:40,838 - Auto - INFO - <OMS.ElementKey.UIPage.Create_Warehousing_page.Create_ware_page object at 0x03003910>页面执行js:document.getElementById('import_manufacture_datas').click()成功
2017-09-05 17:21:41,879 - Auto - INFO - 上传文件成功
2017-09-05 17:21:41,920 - Auto - INFO - <OMS.ElementKey.UIPage.Create_Warehousing_page.Create_ware_page object at 0x03003910>页面执行js:document.getElementById('customs_document').click()成功
2017-09-05 17:21:42,964 - Auto - INFO - 上传文件成功
2017-09-05 17:21:43,023 - Auto - INFO - <OMS.ElementKey.UIPage.Create_Warehousing_page.Create_ware_page object at 0x03003910> 页面中成功找到 ('id', 'imBoxNo') 元素
2017-09-05 17:21:43,112 - Auto - INFO - <OMS.ElementKey.UIPage.Create_Warehousing_page.Create_ware_page object at 0x03003910> 页面中成功找到 ('id', 'imCodeSearch') 元素
2017-09-05 17:21:43,217 - Auto - INFO - <OMS.ElementKey.UIPage.Create_Warehousing_page.Create_ware_page object at 0x03003910> 页面中成功找到 ('id', 'imQuantity') 元素
2017-09-05 17:21:43,266 - Auto - INFO - <OMS.ElementKey.UIPage.Create_Warehousing_page.Create_ware_page object at 0x03003910> 页面中成功找到 ('id', 'addItem') 元素
2017-09-05 17:21:43,593 - Auto - INFO - <OMS.ElementKey.UIPage.Create_Warehousing_page.Create_ware_page object at 0x03003910> 页面中成功找到 ('id', 'asnSubmitBtn') 元素
2017-09-05 17:21:43,898 - Auto - INFO - <OMS.ElementKey.UIPage.Create_Warehousing_page.Create_ware_page object at 0x03003910>页面执行js:document.documentElement.scrollTop = 100000成功
2017-09-05 17:21:46,009 - Auto - INFO - 截图成功，以保存到：F:\Automated_use_case\OMS\screenpicture
2017-09-05 17:21:46,027 - Auto - INFO - <OMS.ElementKey.UIPage.Create_Warehousing_page.Create_ware_page object at 0x03003910> 页面中成功找到 ('id', 'create_feedback_div') 元素
2017-09-05 17:21:53,999 - Auto - INFO - 打开网页成功http://192.168.10.223:61604/
2017-09-05 17:21:54,089 - Auto - INFO - <OMS.ElementKey.UIPage.Create_Warehousing_page.Create_ware_page object at 0x03017C90> 页面中成功找到 ('id', 'userName') 元素
2017-09-05 17:21:54,170 - Auto - INFO - <OMS.ElementKey.UIPage.Create_Warehousing_page.Create_ware_page object at 0x03017C90> 页面中成功找到 ('id', 'userPass') 元素
2017-09-05 17:21:54,234 - Auto - INFO - <OMS.ElementKey.UIPage.Create_Warehousing_page.Create_ware_page object at 0x03017C90> 页面中成功找到 ('css selector', '.loginbtn.radius5') 元素
