2017-09-06 10:44:16,828 - Auto - INFO - 打开网页成功http://192.168.10.223:61604/
2017-09-06 10:44:16,977 - Auto - INFO - <OMS.ElementKey.UIPage.Create_Warehousing_page.Create_ware_page object at 0x02FE1730> 页面中成功找到 ('id', 'userName') 元素
2017-09-06 10:44:17,108 - Auto - INFO - <OMS.ElementKey.UIPage.Create_Warehousing_page.Create_ware_page object at 0x02FE1730> 页面中成功找到 ('id', 'userPass') 元素
2017-09-06 10:44:17,171 - Auto - INFO - <OMS.ElementKey.UIPage.Create_Warehousing_page.Create_ware_page object at 0x02FE1730> 页面中成功找到 ('css selector', '.loginbtn.radius5') 元素
2017-09-06 10:44:18,027 - Auto - INFO - <OMS.ElementKey.UIPage.Create_Warehousing_page.Create_ware_page object at 0x02FE1730>页面执行js:leftMenu('54','创建入库单','/receiving/receiving/create?quick=54')成功
2017-09-06 10:44:18,027 - Auto - INFO - <OMS.ElementKey.UIPage.Create_Warehousing_page.Create_ware_page object at 0x02FE1730>切换frame:('id', 'iframe-container-54')成功
2017-09-06 10:44:18,083 - Auto - INFO - <OMS.ElementKey.UIPage.Create_Warehousing_page.Create_ware_page object at 0x02FE1730> 页面中成功找到 ('id', 'iframe-container-54') 元素
2017-09-06 10:44:18,657 - Auto - INFO - <OMS.ElementKey.UIPage.Create_Warehousing_page.Create_ware_page object at 0x02FE1730> 页面中成功找到 ('xpath', ".//*[@id='asnForm']/table/tbody/tr[1]/td[2]/div/div[2]") 元素
2017-09-06 10:44:18,954 - Auto - INFO - <OMS.ElementKey.UIPage.Create_Warehousing_page.Create_ware_page object at 0x02FE1730> 页面中成功找到 ('id', 'transit_warehouse') 元素
2017-09-06 10:44:19,252 - Auto - INFO - <OMS.ElementKey.UIPage.Create_Warehousing_page.Create_ware_page object at 0x02FE1730> 页面中成功找到 ('id', 'new_target_warehouse_code') 元素
2017-09-06 10:44:19,549 - Auto - INFO - <OMS.ElementKey.UIPage.Create_Warehousing_page.Create_ware_page object at 0x02FE1730> 页面中成功找到 ('name', 'volume') 元素
2017-09-06 10:44:19,597 - Auto - INFO - <OMS.ElementKey.UIPage.Create_Warehousing_page.Create_ware_page object at 0x02FE1730> 页面中成功找到 ('name', 'weight') 元素
2017-09-06 10:44:19,943 - Auto - INFO - <OMS.ElementKey.UIPage.Create_Warehousing_page.Create_ware_page object at 0x02FE1730> 页面中成功找到 ('id', 'sm_code') 元素
2017-09-06 10:44:20,224 - Auto - INFO - <OMS.ElementKey.UIPage.Create_Warehousing_page.Create_ware_page object at 0x02FE1730> 页面中成功找到 ('xpath', "(//select[@id='receiving_shipping_type'])[2]") 元素
2017-09-06 10:44:20,526 - Auto - INFO - <OMS.ElementKey.UIPage.Create_Warehousing_page.Create_ware_page object at 0x02FE1730> 页面中成功找到 ('name', 'tax_type') 元素
2017-09-06 10:44:20,806 - Auto - INFO - <OMS.ElementKey.UIPage.Create_Warehousing_page.Create_ware_page object at 0x02FE1730> 页面中成功找到 ('name', 'customer_type') 元素
2017-09-06 10:44:21,094 - Auto - INFO - <OMS.ElementKey.UIPage.Create_Warehousing_page.Create_ware_page object at 0x02FE1730> 页面中成功找到 ('xpath', "(//input[@id='refrence_no'])[2]") 元素
2017-09-06 10:44:21,139 - Auto - INFO - <OMS.ElementKey.UIPage.Create_Warehousing_page.Create_ware_page object at 0x02FE1730> 页面中成功找到 ('xpath', "(//input[@name='shipping_method'])[2]") 元素
2017-09-06 10:44:21,184 - Auto - INFO - <OMS.ElementKey.UIPage.Create_Warehousing_page.Create_ware_page object at 0x02FE1730> 页面中成功找到 ('xpath', "(//input[@name='tracking_no'])[2]") 元素
2017-09-06 10:44:21,230 - Auto - INFO - <OMS.ElementKey.UIPage.Create_Warehousing_page.Create_ware_page object at 0x02FE1730> 页面中成功找到 ('xpath', ".//*[@id='asnForm']/table/tbody/tr[12]/td[2]/input") 元素
2017-09-06 10:44:22,248 - Auto - INFO - 点击文本值为6的链接成功
2017-09-06 10:44:22,443 - Auto - INFO - <OMS.ElementKey.UIPage.Create_Warehousing_page.Create_ware_page object at 0x02FE1730>页面执行js:document.getElementById('fileField').click()成功
2017-09-06 10:44:23,475 - Auto - INFO - 上传文件成功
2017-09-06 10:44:23,609 - Auto - INFO - <OMS.ElementKey.UIPage.Create_Warehousing_page.Create_ware_page object at 0x02FE1730>页面执行js:document.getElementById('import_manufacture_datas').click()成功
2017-09-06 10:44:24,647 - Auto - INFO - 上传文件成功
2017-09-06 10:44:24,751 - Auto - INFO - <OMS.ElementKey.UIPage.Create_Warehousing_page.Create_ware_page object at 0x02FE1730>页面执行js:document.getElementById('customs_document').click()成功
2017-09-06 10:44:25,788 - Auto - INFO - 上传文件成功
2017-09-06 10:44:25,849 - Auto - INFO - <OMS.ElementKey.UIPage.Create_Warehousing_page.Create_ware_page object at 0x02FE1730> 页面中成功找到 ('id', 'imBoxNo') 元素
2017-09-06 10:44:25,935 - Auto - INFO - <OMS.ElementKey.UIPage.Create_Warehousing_page.Create_ware_page object at 0x02FE1730> 页面中成功找到 ('id', 'imCodeSearch') 元素
2017-09-06 10:44:26,023 - Auto - INFO - <OMS.ElementKey.UIPage.Create_Warehousing_page.Create_ware_page object at 0x02FE1730> 页面中成功找到 ('id', 'imQuantity') 元素
2017-09-06 10:44:26,069 - Auto - INFO - <OMS.ElementKey.UIPage.Create_Warehousing_page.Create_ware_page object at 0x02FE1730> 页面中成功找到 ('id', 'addItem') 元素
2017-09-06 10:44:26,494 - Auto - INFO - <OMS.ElementKey.UIPage.Create_Warehousing_page.Create_ware_page object at 0x02FE1730> 页面中成功找到 ('id', 'asnSubmitBtn') 元素
2017-09-06 10:44:26,799 - Auto - INFO - <OMS.ElementKey.UIPage.Create_Warehousing_page.Create_ware_page object at 0x02FE1730>页面执行js:document.documentElement.scrollTop = 100000成功
2017-09-06 10:44:28,909 - Auto - INFO - 截图成功，以保存到：F:\Automated_use_case\OMS\screenpicture
2017-09-06 10:44:28,927 - Auto - INFO - <OMS.ElementKey.UIPage.Create_Warehousing_page.Create_ware_page object at 0x02FE1730> 页面中成功找到 ('id', 'create_feedback_div') 元素
