2017-09-06 13:44:45,894 - Auto - INFO - 打开网页成功http://192.168.10.223:61604/
2017-09-06 13:44:46,007 - Auto - INFO - <OMS.ElementKey.UIPage.Create_Warehousing_page.Create_ware_page object at 0x03047430> 页面中成功找到 ('id', 'userName') 元素
2017-09-06 13:44:46,075 - Auto - INFO - <OMS.ElementKey.UIPage.Create_Warehousing_page.Create_ware_page object at 0x03047430> 页面中成功找到 ('id', 'userPass') 元素
2017-09-06 13:44:46,141 - Auto - INFO - <OMS.ElementKey.UIPage.Create_Warehousing_page.Create_ware_page object at 0x03047430> 页面中成功找到 ('css selector', '.loginbtn.radius5') 元素
2017-09-06 13:44:47,030 - Auto - INFO - <OMS.ElementKey.UIPage.Create_Warehousing_page.Create_ware_page object at 0x03047430>页面执行js:leftMenu('54','创建入库单','/receiving/receiving/create?quick=54')成功
2017-09-06 13:44:47,030 - Auto - INFO - <OMS.ElementKey.UIPage.Create_Warehousing_page.Create_ware_page object at 0x03047430>切换frame:('id', 'iframe-container-54')成功
2017-09-06 13:44:47,096 - Auto - INFO - <OMS.ElementKey.UIPage.Create_Warehousing_page.Create_ware_page object at 0x03047430> 页面中成功找到 ('id', 'iframe-container-54') 元素
2017-09-06 13:44:47,669 - Auto - INFO - <OMS.ElementKey.UIPage.Create_Warehousing_page.Create_ware_page object at 0x03047430> 页面中成功找到 ('xpath', ".//*[@id='asnForm']/table/tbody/tr[1]/td[2]/div/div[2]") 元素
2017-09-06 13:44:47,941 - Auto - INFO - <OMS.ElementKey.UIPage.Create_Warehousing_page.Create_ware_page object at 0x03047430> 页面中成功找到 ('id', 'transit_warehouse') 元素
2017-09-06 13:44:48,251 - Auto - INFO - <OMS.ElementKey.UIPage.Create_Warehousing_page.Create_ware_page object at 0x03047430> 页面中成功找到 ('id', 'new_target_warehouse_code') 元素
2017-09-06 13:44:48,555 - Auto - INFO - <OMS.ElementKey.UIPage.Create_Warehousing_page.Create_ware_page object at 0x03047430> 页面中成功找到 ('name', 'volume') 元素
2017-09-06 13:44:48,597 - Auto - INFO - <OMS.ElementKey.UIPage.Create_Warehousing_page.Create_ware_page object at 0x03047430> 页面中成功找到 ('name', 'weight') 元素
2017-09-06 13:44:48,643 - Auto - INFO - <OMS.ElementKey.UIPage.Create_Warehousing_page.Create_ware_page object at 0x03047430> 页面中成功找到 ('id', 'sm_code') 元素
2017-09-06 13:44:49,511 - Auto - INFO - <OMS.ElementKey.UIPage.Create_Warehousing_page.Create_ware_page object at 0x03047430> 页面中成功找到 ('xpath', "(//select[@id='receiving_shipping_type'])[2]") 元素
2017-09-06 13:44:49,804 - Auto - INFO - <OMS.ElementKey.UIPage.Create_Warehousing_page.Create_ware_page object at 0x03047430> 页面中成功找到 ('name', 'tax_type') 元素
2017-09-06 13:44:50,087 - Auto - INFO - <OMS.ElementKey.UIPage.Create_Warehousing_page.Create_ware_page object at 0x03047430> 页面中成功找到 ('name', 'customer_type') 元素
2017-09-06 13:44:50,380 - Auto - INFO - <OMS.ElementKey.UIPage.Create_Warehousing_page.Create_ware_page object at 0x03047430> 页面中成功找到 ('xpath', "(//input[@id='refrence_no'])[2]") 元素
2017-09-06 13:44:50,437 - Auto - INFO - <OMS.ElementKey.UIPage.Create_Warehousing_page.Create_ware_page object at 0x03047430> 页面中成功找到 ('xpath', "(//input[@name='shipping_method'])[2]") 元素
2017-09-06 13:44:50,484 - Auto - INFO - <OMS.ElementKey.UIPage.Create_Warehousing_page.Create_ware_page object at 0x03047430> 页面中成功找到 ('xpath', "(//input[@name='tracking_no'])[2]") 元素
2017-09-06 13:44:50,531 - Auto - INFO - <OMS.ElementKey.UIPage.Create_Warehousing_page.Create_ware_page object at 0x03047430> 页面中成功找到 ('xpath', ".//*[@id='asnForm']/table/tbody/tr[12]/td[2]/input") 元素
2017-09-06 13:44:51,374 - Auto - INFO - 点击文本值为6的链接成功
2017-09-06 13:44:51,560 - Auto - INFO - <OMS.ElementKey.UIPage.Create_Warehousing_page.Create_ware_page object at 0x03047430>页面执行js:document.getElementById('fileField').click()成功
2017-09-06 13:44:52,598 - Auto - INFO - 上传文件成功
2017-09-06 13:44:52,732 - Auto - INFO - <OMS.ElementKey.UIPage.Create_Warehousing_page.Create_ware_page object at 0x03047430>页面执行js:document.getElementById('import_manufacture_datas').click()成功
2017-09-06 13:44:53,764 - Auto - INFO - 上传文件成功
2017-09-06 13:44:53,866 - Auto - INFO - <OMS.ElementKey.UIPage.Create_Warehousing_page.Create_ware_page object at 0x03047430>页面执行js:document.getElementById('customs_document').click()成功
2017-09-06 13:44:54,904 - Auto - INFO - 上传文件成功
2017-09-06 13:44:54,973 - Auto - INFO - <OMS.ElementKey.UIPage.Create_Warehousing_page.Create_ware_page object at 0x03047430> 页面中成功找到 ('id', 'imBoxNo') 元素
2017-09-06 13:44:55,065 - Auto - INFO - <OMS.ElementKey.UIPage.Create_Warehousing_page.Create_ware_page object at 0x03047430> 页面中成功找到 ('id', 'imCodeSearch') 元素
2017-09-06 13:44:55,167 - Auto - INFO - <OMS.ElementKey.UIPage.Create_Warehousing_page.Create_ware_page object at 0x03047430> 页面中成功找到 ('id', 'imQuantity') 元素
2017-09-06 13:44:55,218 - Auto - INFO - <OMS.ElementKey.UIPage.Create_Warehousing_page.Create_ware_page object at 0x03047430> 页面中成功找到 ('id', 'addItem') 元素
2017-09-06 13:44:55,551 - Auto - INFO - <OMS.ElementKey.UIPage.Create_Warehousing_page.Create_ware_page object at 0x03047430> 页面中成功找到 ('id', 'asnSubmitBtn') 元素
2017-09-06 13:44:55,866 - Auto - INFO - <OMS.ElementKey.UIPage.Create_Warehousing_page.Create_ware_page object at 0x03047430>页面执行js:document.documentElement.scrollTop = 100000成功
2017-09-06 13:44:57,975 - Auto - INFO - 截图成功，以保存到：F:\Automated_use_case\OMS\screenpicture
2017-09-06 13:44:57,992 - Auto - INFO - <OMS.ElementKey.UIPage.Create_Warehousing_page.Create_ware_page object at 0x03047430> 页面中成功找到 ('id', 'create_feedback_div') 元素
2017-09-06 13:45:07,004 - Auto - INFO - 打开网页成功http://192.168.10.223:61604/
2017-09-06 13:45:07,105 - Auto - INFO - <OMS.ElementKey.UIPage.Create_Warehousing_page.Create_ware_page object at 0x031B65F0> 页面中成功找到 ('id', 'userName') 元素
2017-09-06 13:45:07,188 - Auto - INFO - <OMS.ElementKey.UIPage.Create_Warehousing_page.Create_ware_page object at 0x031B65F0> 页面中成功找到 ('id', 'userPass') 元素
2017-09-06 13:45:07,266 - Auto - INFO - <OMS.ElementKey.UIPage.Create_Warehousing_page.Create_ware_page object at 0x031B65F0> 页面中成功找到 ('css selector', '.loginbtn.radius5') 元素
2017-09-06 13:45:08,211 - Auto - INFO - <OMS.ElementKey.UIPage.Create_Warehousing_page.Create_ware_page object at 0x031B65F0>页面执行js:leftMenu('45','入库单管理','/receiving/receiving/index?quick=45')成功
2017-09-06 13:45:08,212 - Auto - INFO - <OMS.ElementKey.UIPage.Create_Warehousing_page.Create_ware_page object at 0x031B65F0>切换frame:('id', 'iframe-container-45')成功
2017-09-06 13:45:08,265 - Auto - INFO - <OMS.ElementKey.UIPage.Create_Warehousing_page.Create_ware_page object at 0x031B65F0> 页面中成功找到 ('id', 'iframe-container-45') 元素
2017-09-06 13:45:10,773 - Auto - ERROR - 未找到文本值为RV000028-170906-0020的元素
