2017-09-11 20:45:52,074 - Auto - INFO - 打开网页成功http://192.168.10.223:61604/
2017-09-11 20:45:52,300 - Auto - INFO - <OMS.ElementKey.UIPage.Create_Warehousing_page.Create_ware_page object at 0x031753B0> 页面中成功找到 ('id', 'userName') 元素
2017-09-11 20:45:52,405 - Auto - INFO - <OMS.ElementKey.UIPage.Create_Warehousing_page.Create_ware_page object at 0x031753B0> 页面中成功找到 ('id', 'userPass') 元素
2017-09-11 20:45:52,474 - Auto - INFO - <OMS.ElementKey.UIPage.Create_Warehousing_page.Create_ware_page object at 0x031753B0> 页面中成功找到 ('css selector', '.loginbtn.radius5') 元素
2017-09-11 20:45:53,625 - Auto - INFO - <OMS.ElementKey.UIPage.Create_Warehousing_page.Create_ware_page object at 0x031753B0>页面执行js:leftMenu('54','创建入库单','/receiving/receiving/create?quick=54')成功
2017-09-11 20:45:53,626 - Auto - INFO - <OMS.ElementKey.UIPage.Create_Warehousing_page.Create_ware_page object at 0x031753B0>切换frame:('id', 'iframe-container-54')成功
2017-09-11 20:45:53,731 - Auto - INFO - <OMS.ElementKey.UIPage.Create_Warehousing_page.Create_ware_page object at 0x031753B0> 页面中成功找到 ('id', 'iframe-container-54') 元素
2017-09-11 20:45:54,343 - Auto - INFO - <OMS.ElementKey.UIPage.Create_Warehousing_page.Create_ware_page object at 0x031753B0> 页面中成功找到 ('xpath', ".//*[@id='asnForm']/table/tbody/tr[1]/td[2]/div/div[2]") 元素
2017-09-11 20:45:54,640 - Auto - INFO - <OMS.ElementKey.UIPage.Create_Warehousing_page.Create_ware_page object at 0x031753B0> 页面中成功找到 ('id', 'transit_warehouse') 元素
2017-09-11 20:45:54,942 - Auto - INFO - <OMS.ElementKey.UIPage.Create_Warehousing_page.Create_ware_page object at 0x031753B0> 页面中成功找到 ('id', 'new_target_warehouse_code') 元素
2017-09-11 20:45:55,252 - Auto - INFO - <OMS.ElementKey.UIPage.Create_Warehousing_page.Create_ware_page object at 0x031753B0> 页面中成功找到 ('name', 'volume') 元素
2017-09-11 20:45:55,313 - Auto - INFO - <OMS.ElementKey.UIPage.Create_Warehousing_page.Create_ware_page object at 0x031753B0> 页面中成功找到 ('name', 'weight') 元素
2017-09-11 20:45:55,357 - Auto - INFO - <OMS.ElementKey.UIPage.Create_Warehousing_page.Create_ware_page object at 0x031753B0> 页面中成功找到 ('id', 'sm_code') 元素
2017-09-11 20:45:55,900 - Auto - INFO - <OMS.ElementKey.UIPage.Create_Warehousing_page.Create_ware_page object at 0x031753B0> 页面中成功找到 ('xpath', "(//select[@id='receiving_shipping_type'])[2]") 元素
2017-09-11 20:45:56,191 - Auto - INFO - <OMS.ElementKey.UIPage.Create_Warehousing_page.Create_ware_page object at 0x031753B0> 页面中成功找到 ('name', 'tax_type') 元素
2017-09-11 20:45:56,482 - Auto - INFO - <OMS.ElementKey.UIPage.Create_Warehousing_page.Create_ware_page object at 0x031753B0> 页面中成功找到 ('name', 'customer_type') 元素
2017-09-11 20:45:56,795 - Auto - INFO - <OMS.ElementKey.UIPage.Create_Warehousing_page.Create_ware_page object at 0x031753B0> 页面中成功找到 ('xpath', "(//input[@id='refrence_no'])[2]") 元素
2017-09-11 20:45:56,860 - Auto - INFO - <OMS.ElementKey.UIPage.Create_Warehousing_page.Create_ware_page object at 0x031753B0> 页面中成功找到 ('xpath', "(//input[@name='shipping_method'])[2]") 元素
2017-09-11 20:45:56,940 - Auto - INFO - <OMS.ElementKey.UIPage.Create_Warehousing_page.Create_ware_page object at 0x031753B0> 页面中成功找到 ('xpath', "(//input[@name='tracking_no'])[2]") 元素
2017-09-11 20:45:57,040 - Auto - INFO - <OMS.ElementKey.UIPage.Create_Warehousing_page.Create_ware_page object at 0x031753B0> 页面中成功找到 ('xpath', ".//*[@id='asnForm']/table/tbody/tr[12]/td[2]/input") 元素
2017-09-11 20:45:59,597 - Auto - ERROR - 未找到文本值为5的元素
2017-09-11 20:46:01,656 - Auto - ERROR - 未找到文本值为5的元素
2017-09-11 20:46:03,870 - Auto - ERROR - 未找到文本值为5的元素
2017-09-11 20:46:05,919 - Auto - ERROR - 未找到文本值为5的元素
2017-09-11 20:46:08,440 - Auto - ERROR - 未找到文本值为5的元素
2017-09-11 20:46:10,615 - Auto - ERROR - 未找到文本值为5的元素
2017-09-11 20:46:12,947 - Auto - ERROR - 未找到文本值为5的元素
