2017-09-05 17:14:06,306 - Auto - INFO - 打开网页成功http://192.168.10.223:61604/
2017-09-05 17:14:06,408 - Auto - INFO - <OMS.ElementKey.UIPage.Create_Warehousing_page.Create_ware_page object at 0x02EEDA50> 页面中成功找到 ('id', 'userName') 元素
2017-09-05 17:14:06,493 - Auto - INFO - <OMS.ElementKey.UIPage.Create_Warehousing_page.Create_ware_page object at 0x02EEDA50> 页面中成功找到 ('id', 'userPass') 元素
2017-09-05 17:14:06,552 - Auto - INFO - <OMS.ElementKey.UIPage.Create_Warehousing_page.Create_ware_page object at 0x02EEDA50> 页面中成功找到 ('css selector', '.loginbtn.radius5') 元素
2017-09-05 17:14:07,651 - Auto - INFO - <OMS.ElementKey.UIPage.Create_Warehousing_page.Create_ware_page object at 0x02EEDA50>页面执行js:leftMenu('54','创建入库单','/receiving/receiving/create?quick=54')成功
2017-09-05 17:14:07,651 - Auto - INFO - <OMS.ElementKey.UIPage.Create_Warehousing_page.Create_ware_page object at 0x02EEDA50>切换frame:('id', 'iframe-container-54')成功
2017-09-05 17:14:07,737 - Auto - INFO - <OMS.ElementKey.UIPage.Create_Warehousing_page.Create_ware_page object at 0x02EEDA50> 页面中成功找到 ('id', 'iframe-container-54') 元素
2017-09-05 17:14:08,305 - Auto - INFO - <OMS.ElementKey.UIPage.Create_Warehousing_page.Create_ware_page object at 0x02EEDA50> 页面中成功找到 ('xpath', ".//*[@id='asnForm']/table/tbody/tr[1]/td[2]/div/div[2]") 元素
2017-09-05 17:14:08,568 - Auto - INFO - <OMS.ElementKey.UIPage.Create_Warehousing_page.Create_ware_page object at 0x02EEDA50> 页面中成功找到 ('id', 'transit_warehouse') 元素
2017-09-05 17:14:08,866 - Auto - INFO - <OMS.ElementKey.UIPage.Create_Warehousing_page.Create_ware_page object at 0x02EEDA50> 页面中成功找到 ('id', 'new_target_warehouse_code') 元素
2017-09-05 17:14:09,152 - Auto - INFO - <OMS.ElementKey.UIPage.Create_Warehousing_page.Create_ware_page object at 0x02EEDA50> 页面中成功找到 ('name', 'volume') 元素
2017-09-05 17:14:09,197 - Auto - INFO - <OMS.ElementKey.UIPage.Create_Warehousing_page.Create_ware_page object at 0x02EEDA50> 页面中成功找到 ('name', 'weight') 元素
2017-09-05 17:14:09,243 - Auto - INFO - <OMS.ElementKey.UIPage.Create_Warehousing_page.Create_ware_page object at 0x02EEDA50> 页面中成功找到 ('id', 'sm_code') 元素
2017-09-05 17:14:09,758 - Auto - INFO - <OMS.ElementKey.UIPage.Create_Warehousing_page.Create_ware_page object at 0x02EEDA50> 页面中成功找到 ('xpath', "(//select[@id='receiving_shipping_type'])[2]") 元素
2017-09-05 17:14:10,051 - Auto - INFO - <OMS.ElementKey.UIPage.Create_Warehousing_page.Create_ware_page object at 0x02EEDA50> 页面中成功找到 ('name', 'tax_type') 元素
2017-09-05 17:14:10,328 - Auto - INFO - <OMS.ElementKey.UIPage.Create_Warehousing_page.Create_ware_page object at 0x02EEDA50> 页面中成功找到 ('name', 'customer_type') 元素
2017-09-05 17:14:10,617 - Auto - INFO - <OMS.ElementKey.UIPage.Create_Warehousing_page.Create_ware_page object at 0x02EEDA50> 页面中成功找到 ('xpath', "(//input[@id='refrence_no'])[2]") 元素
2017-09-05 17:14:10,684 - Auto - INFO - <OMS.ElementKey.UIPage.Create_Warehousing_page.Create_ware_page object at 0x02EEDA50> 页面中成功找到 ('xpath', "(//input[@name='shipping_method'])[2]") 元素
2017-09-05 17:14:10,731 - Auto - INFO - <OMS.ElementKey.UIPage.Create_Warehousing_page.Create_ware_page object at 0x02EEDA50> 页面中成功找到 ('xpath', "(//input[@name='tracking_no'])[2]") 元素
2017-09-05 17:14:10,778 - Auto - INFO - <OMS.ElementKey.UIPage.Create_Warehousing_page.Create_ware_page object at 0x02EEDA50> 页面中成功找到 ('xpath', ".//*[@id='asnForm']/table/tbody/tr[12]/td[2]/input") 元素
2017-09-05 17:14:11,606 - Auto - INFO - 点击文本值为6的链接成功
2017-09-05 17:14:11,622 - Auto - INFO - <OMS.ElementKey.UIPage.Create_Warehousing_page.Create_ware_page object at 0x02EEDA50>页面执行js:document.getElementById('fileField').click()成功
2017-09-05 17:14:12,645 - Auto - INFO - 上传文件成功
2017-09-05 17:14:12,778 - Auto - INFO - <OMS.ElementKey.UIPage.Create_Warehousing_page.Create_ware_page object at 0x02EEDA50>页面执行js:document.getElementById('import_manufacture_datas').click()成功
2017-09-05 17:14:13,806 - Auto - INFO - 上传文件成功
2017-09-05 17:14:13,904 - Auto - INFO - <OMS.ElementKey.UIPage.Create_Warehousing_page.Create_ware_page object at 0x02EEDA50>页面执行js:document.getElementById('customs_document').click()成功
2017-09-05 17:14:14,937 - Auto - INFO - 上传文件成功
2017-09-05 17:14:15,008 - Auto - INFO - <OMS.ElementKey.UIPage.Create_Warehousing_page.Create_ware_page object at 0x02EEDA50> 页面中成功找到 ('id', 'imBoxNo') 元素
2017-09-05 17:14:15,097 - Auto - INFO - <OMS.ElementKey.UIPage.Create_Warehousing_page.Create_ware_page object at 0x02EEDA50> 页面中成功找到 ('id', 'imCodeSearch') 元素
2017-09-05 17:14:15,189 - Auto - INFO - <OMS.ElementKey.UIPage.Create_Warehousing_page.Create_ware_page object at 0x02EEDA50> 页面中成功找到 ('id', 'imQuantity') 元素
2017-09-05 17:14:15,241 - Auto - INFO - <OMS.ElementKey.UIPage.Create_Warehousing_page.Create_ware_page object at 0x02EEDA50> 页面中成功找到 ('id', 'addItem') 元素
2017-09-05 17:14:15,645 - Auto - INFO - <OMS.ElementKey.UIPage.Create_Warehousing_page.Create_ware_page object at 0x02EEDA50> 页面中成功找到 ('id', 'asnSubmitBtn') 元素
2017-09-05 17:14:15,961 - Auto - INFO - <OMS.ElementKey.UIPage.Create_Warehousing_page.Create_ware_page object at 0x02EEDA50>页面执行js:document.documentElement.scrollTop = 100000成功
2017-09-05 17:14:18,077 - Auto - INFO - 截图成功，以保存到：F:\Automated_use_case\OMS\screenpicture
2017-09-05 17:14:18,096 - Auto - INFO - <OMS.ElementKey.UIPage.Create_Warehousing_page.Create_ware_page object at 0x02EEDA50> 页面中成功找到 ('id', 'create_feedback_div') 元素
