2017-09-11 20:54:53,413 - Auto - INFO - 打开网页成功http://192.168.10.223:61604/
2017-09-11 20:54:53,599 - Auto - INFO - <OMS.ElementKey.UIPage.Create_Warehousing_page.Create_ware_page object at 0x031753B0> 页面中成功找到 ('id', 'userName') 元素
2017-09-11 20:54:53,759 - Auto - INFO - <OMS.ElementKey.UIPage.Create_Warehousing_page.Create_ware_page object at 0x031753B0> 页面中成功找到 ('id', 'userPass') 元素
2017-09-11 20:54:54,159 - Auto - INFO - <OMS.ElementKey.UIPage.Create_Warehousing_page.Create_ware_page object at 0x031753B0> 页面中成功找到 ('css selector', '.loginbtn.radius5') 元素
2017-09-11 20:54:55,392 - Auto - INFO - <OMS.ElementKey.UIPage.Create_Warehousing_page.Create_ware_page object at 0x031753B0>页面执行js:leftMenu('54','创建入库单','/receiving/receiving/create?quick=54')成功
2017-09-11 20:54:55,392 - Auto - INFO - <OMS.ElementKey.UIPage.Create_Warehousing_page.Create_ware_page object at 0x031753B0>切换frame:('id', 'iframe-container-54')成功
2017-09-11 20:54:55,465 - Auto - INFO - <OMS.ElementKey.UIPage.Create_Warehousing_page.Create_ware_page object at 0x031753B0> 页面中成功找到 ('id', 'iframe-container-54') 元素
2017-09-11 20:54:56,060 - Auto - INFO - <OMS.ElementKey.UIPage.Create_Warehousing_page.Create_ware_page object at 0x031753B0> 页面中成功找到 ('xpath', ".//*[@id='asnForm']/table/tbody/tr[1]/td[2]/div/div[2]") 元素
2017-09-11 20:54:56,355 - Auto - INFO - <OMS.ElementKey.UIPage.Create_Warehousing_page.Create_ware_page object at 0x031753B0> 页面中成功找到 ('id', 'transit_warehouse') 元素
2017-09-11 20:54:56,678 - Auto - INFO - <OMS.ElementKey.UIPage.Create_Warehousing_page.Create_ware_page object at 0x031753B0> 页面中成功找到 ('id', 'new_target_warehouse_code') 元素
2017-09-11 20:54:56,974 - Auto - INFO - <OMS.ElementKey.UIPage.Create_Warehousing_page.Create_ware_page object at 0x031753B0> 页面中成功找到 ('name', 'volume') 元素
2017-09-11 20:54:57,031 - Auto - INFO - <OMS.ElementKey.UIPage.Create_Warehousing_page.Create_ware_page object at 0x031753B0> 页面中成功找到 ('name', 'weight') 元素
2017-09-11 20:54:57,095 - Auto - INFO - <OMS.ElementKey.UIPage.Create_Warehousing_page.Create_ware_page object at 0x031753B0> 页面中成功找到 ('id', 'sm_code') 元素
2017-09-11 20:54:57,657 - Auto - INFO - <OMS.ElementKey.UIPage.Create_Warehousing_page.Create_ware_page object at 0x031753B0> 页面中成功找到 ('xpath', "(//select[@id='receiving_shipping_type'])[2]") 元素
2017-09-11 20:54:57,972 - Auto - INFO - <OMS.ElementKey.UIPage.Create_Warehousing_page.Create_ware_page object at 0x031753B0> 页面中成功找到 ('name', 'tax_type') 元素
2017-09-11 20:54:58,299 - Auto - INFO - <OMS.ElementKey.UIPage.Create_Warehousing_page.Create_ware_page object at 0x031753B0> 页面中成功找到 ('name', 'customer_type') 元素
2017-09-11 20:54:58,617 - Auto - INFO - <OMS.ElementKey.UIPage.Create_Warehousing_page.Create_ware_page object at 0x031753B0> 页面中成功找到 ('xpath', "(//input[@id='refrence_no'])[2]") 元素
2017-09-11 20:54:58,700 - Auto - INFO - <OMS.ElementKey.UIPage.Create_Warehousing_page.Create_ware_page object at 0x031753B0> 页面中成功找到 ('xpath', "(//input[@name='shipping_method'])[2]") 元素
2017-09-11 20:54:58,784 - Auto - INFO - <OMS.ElementKey.UIPage.Create_Warehousing_page.Create_ware_page object at 0x031753B0> 页面中成功找到 ('xpath', "(//input[@name='tracking_no'])[2]") 元素
2017-09-11 20:54:58,885 - Auto - INFO - <OMS.ElementKey.UIPage.Create_Warehousing_page.Create_ware_page object at 0x031753B0> 页面中成功找到 ('xpath', ".//*[@id='asnForm']/table/tbody/tr[12]/td[2]/input") 元素
2017-09-11 20:55:01,316 - Auto - ERROR - 未找到文本值为5的元素
2017-09-11 20:55:03,372 - Auto - ERROR - 未找到文本值为5的元素
2017-09-11 20:55:05,433 - Auto - ERROR - 未找到文本值为5的元素
