2017-09-05 17:14:41,694 - Auto - INFO - 打开网页成功http://192.168.10.223:61604/
2017-09-05 17:14:41,945 - Auto - INFO - <OMS.ElementKey.UIPage.Create_Warehousing_page.Create_ware_page object at 0x02FD58F0> 页面中成功找到 ('id', 'userName') 元素
2017-09-05 17:14:42,013 - Auto - INFO - <OMS.ElementKey.UIPage.Create_Warehousing_page.Create_ware_page object at 0x02FD58F0> 页面中成功找到 ('id', 'userPass') 元素
2017-09-05 17:14:42,078 - Auto - INFO - <OMS.ElementKey.UIPage.Create_Warehousing_page.Create_ware_page object at 0x02FD58F0> 页面中成功找到 ('css selector', '.loginbtn.radius5') 元素
2017-09-05 17:14:42,906 - Auto - INFO - <OMS.ElementKey.UIPage.Create_Warehousing_page.Create_ware_page object at 0x02FD58F0>页面执行js:leftMenu('54','创建入库单','/receiving/receiving/create?quick=54')成功
2017-09-05 17:14:42,906 - Auto - INFO - <OMS.ElementKey.UIPage.Create_Warehousing_page.Create_ware_page object at 0x02FD58F0>切换frame:('id', 'iframe-container-54')成功
2017-09-05 17:14:42,965 - Auto - INFO - <OMS.ElementKey.UIPage.Create_Warehousing_page.Create_ware_page object at 0x02FD58F0> 页面中成功找到 ('id', 'iframe-container-54') 元素
2017-09-05 17:14:43,534 - Auto - INFO - <OMS.ElementKey.UIPage.Create_Warehousing_page.Create_ware_page object at 0x02FD58F0> 页面中成功找到 ('xpath', ".//*[@id='asnForm']/table/tbody/tr[1]/td[2]/div/div[2]") 元素
2017-09-05 17:14:43,806 - Auto - INFO - <OMS.ElementKey.UIPage.Create_Warehousing_page.Create_ware_page object at 0x02FD58F0> 页面中成功找到 ('id', 'transit_warehouse') 元素
2017-09-05 17:14:44,091 - Auto - INFO - <OMS.ElementKey.UIPage.Create_Warehousing_page.Create_ware_page object at 0x02FD58F0> 页面中成功找到 ('id', 'new_target_warehouse_code') 元素
2017-09-05 17:14:44,386 - Auto - INFO - <OMS.ElementKey.UIPage.Create_Warehousing_page.Create_ware_page object at 0x02FD58F0> 页面中成功找到 ('name', 'volume') 元素
2017-09-05 17:14:44,437 - Auto - INFO - <OMS.ElementKey.UIPage.Create_Warehousing_page.Create_ware_page object at 0x02FD58F0> 页面中成功找到 ('name', 'weight') 元素
2017-09-05 17:14:44,487 - Auto - INFO - <OMS.ElementKey.UIPage.Create_Warehousing_page.Create_ware_page object at 0x02FD58F0> 页面中成功找到 ('id', 'sm_code') 元素
2017-09-05 17:14:44,973 - Auto - INFO - <OMS.ElementKey.UIPage.Create_Warehousing_page.Create_ware_page object at 0x02FD58F0> 页面中成功找到 ('xpath', "(//select[@id='receiving_shipping_type'])[2]") 元素
2017-09-05 17:14:45,267 - Auto - INFO - <OMS.ElementKey.UIPage.Create_Warehousing_page.Create_ware_page object at 0x02FD58F0> 页面中成功找到 ('name', 'tax_type') 元素
2017-09-05 17:14:45,559 - Auto - INFO - <OMS.ElementKey.UIPage.Create_Warehousing_page.Create_ware_page object at 0x02FD58F0> 页面中成功找到 ('name', 'customer_type') 元素
2017-09-05 17:14:45,862 - Auto - INFO - <OMS.ElementKey.UIPage.Create_Warehousing_page.Create_ware_page object at 0x02FD58F0> 页面中成功找到 ('xpath', "(//input[@id='refrence_no'])[2]") 元素
2017-09-05 17:14:45,912 - Auto - INFO - <OMS.ElementKey.UIPage.Create_Warehousing_page.Create_ware_page object at 0x02FD58F0> 页面中成功找到 ('xpath', "(//input[@name='shipping_method'])[2]") 元素
2017-09-05 17:14:45,957 - Auto - INFO - <OMS.ElementKey.UIPage.Create_Warehousing_page.Create_ware_page object at 0x02FD58F0> 页面中成功找到 ('xpath', "(//input[@name='tracking_no'])[2]") 元素
2017-09-05 17:14:46,001 - Auto - INFO - <OMS.ElementKey.UIPage.Create_Warehousing_page.Create_ware_page object at 0x02FD58F0> 页面中成功找到 ('xpath', ".//*[@id='asnForm']/table/tbody/tr[12]/td[2]/input") 元素
2017-09-05 17:14:46,845 - Auto - INFO - 点击文本值为6的链接成功
2017-09-05 17:14:46,860 - Auto - INFO - <OMS.ElementKey.UIPage.Create_Warehousing_page.Create_ware_page object at 0x02FD58F0>页面执行js:document.getElementById('fileField').click()成功
2017-09-05 17:14:47,886 - Auto - INFO - 上传文件成功
2017-09-05 17:14:48,025 - Auto - INFO - <OMS.ElementKey.UIPage.Create_Warehousing_page.Create_ware_page object at 0x02FD58F0>页面执行js:document.getElementById('import_manufacture_datas').click()成功
2017-09-05 17:14:49,055 - Auto - INFO - 上传文件成功
2017-09-05 17:14:49,200 - Auto - INFO - <OMS.ElementKey.UIPage.Create_Warehousing_page.Create_ware_page object at 0x02FD58F0>页面执行js:document.getElementById('customs_document').click()成功
2017-09-05 17:14:50,247 - Auto - INFO - 上传文件成功
2017-09-05 17:14:50,309 - Auto - INFO - <OMS.ElementKey.UIPage.Create_Warehousing_page.Create_ware_page object at 0x02FD58F0> 页面中成功找到 ('id', 'imBoxNo') 元素
2017-09-05 17:14:50,397 - Auto - INFO - <OMS.ElementKey.UIPage.Create_Warehousing_page.Create_ware_page object at 0x02FD58F0> 页面中成功找到 ('id', 'imCodeSearch') 元素
2017-09-05 17:14:50,495 - Auto - INFO - <OMS.ElementKey.UIPage.Create_Warehousing_page.Create_ware_page object at 0x02FD58F0> 页面中成功找到 ('id', 'imQuantity') 元素
2017-09-05 17:14:50,543 - Auto - INFO - <OMS.ElementKey.UIPage.Create_Warehousing_page.Create_ware_page object at 0x02FD58F0> 页面中成功找到 ('id', 'addItem') 元素
2017-09-05 17:14:50,896 - Auto - INFO - <OMS.ElementKey.UIPage.Create_Warehousing_page.Create_ware_page object at 0x02FD58F0> 页面中成功找到 ('id', 'asnSubmitBtn') 元素
2017-09-05 17:14:51,211 - Auto - INFO - <OMS.ElementKey.UIPage.Create_Warehousing_page.Create_ware_page object at 0x02FD58F0>页面执行js:document.documentElement.scrollTop = 100000成功
2017-09-05 17:14:53,305 - Auto - INFO - 截图成功，以保存到：F:\Automated_use_case\OMS\screenpicture
2017-09-05 17:14:53,323 - Auto - INFO - <OMS.ElementKey.UIPage.Create_Warehousing_page.Create_ware_page object at 0x02FD58F0> 页面中成功找到 ('id', 'create_feedback_div') 元素
2017-09-05 17:14:59,586 - Auto - ERROR - <OMS.ElementKey.UIPage.Create_Warehousing_page.Create_ware_page object at 0x02FE7C70>页面执行js:leftMenu('45','入库单管理','/receiving/receiving/index?quick=45')失败
