2017-09-05 16:37:57,749 - Auto - INFO - 打开网页成功http://192.168.10.223:61604/
2017-09-05 16:37:57,875 - Auto - INFO - <OMS.ElementKey.UIPage.Create_Warehousing_page.Create_ware_page object at 0x03002830> 页面中成功找到 ('id', 'userName') 元素
2017-09-05 16:37:57,960 - Auto - INFO - <OMS.ElementKey.UIPage.Create_Warehousing_page.Create_ware_page object at 0x03002830> 页面中成功找到 ('id', 'userPass') 元素
2017-09-05 16:37:58,032 - Auto - INFO - <OMS.ElementKey.UIPage.Create_Warehousing_page.Create_ware_page object at 0x03002830> 页面中成功找到 ('css selector', '.loginbtn.radius5') 元素
2017-09-05 16:37:58,987 - Auto - INFO - <OMS.ElementKey.UIPage.Create_Warehousing_page.Create_ware_page object at 0x03002830>页面执行js:leftMenu('54','创建入库单','/receiving/receiving/create?quick=54')成功
2017-09-05 16:37:58,988 - Auto - INFO - <OMS.ElementKey.UIPage.Create_Warehousing_page.Create_ware_page object at 0x03002830>切换frame:('id', 'iframe-container-54')成功
2017-09-05 16:37:59,049 - Auto - INFO - <OMS.ElementKey.UIPage.Create_Warehousing_page.Create_ware_page object at 0x03002830> 页面中成功找到 ('id', 'iframe-container-54') 元素
2017-09-05 16:37:59,617 - Auto - INFO - <OMS.ElementKey.UIPage.Create_Warehousing_page.Create_ware_page object at 0x03002830> 页面中成功找到 ('xpath', ".//*[@id='asnForm']/table/tbody/tr[1]/td[2]/div/div[2]") 元素
2017-09-05 16:37:59,881 - Auto - INFO - <OMS.ElementKey.UIPage.Create_Warehousing_page.Create_ware_page object at 0x03002830> 页面中成功找到 ('id', 'transit_warehouse') 元素
2017-09-05 16:38:00,172 - Auto - INFO - <OMS.ElementKey.UIPage.Create_Warehousing_page.Create_ware_page object at 0x03002830> 页面中成功找到 ('id', 'new_target_warehouse_code') 元素
2017-09-05 16:38:00,464 - Auto - INFO - <OMS.ElementKey.UIPage.Create_Warehousing_page.Create_ware_page object at 0x03002830> 页面中成功找到 ('name', 'volume') 元素
2017-09-05 16:38:00,516 - Auto - INFO - <OMS.ElementKey.UIPage.Create_Warehousing_page.Create_ware_page object at 0x03002830> 页面中成功找到 ('name', 'weight') 元素
2017-09-05 16:38:00,561 - Auto - INFO - <OMS.ElementKey.UIPage.Create_Warehousing_page.Create_ware_page object at 0x03002830> 页面中成功找到 ('id', 'sm_code') 元素
2017-09-05 16:38:01,303 - Auto - INFO - <OMS.ElementKey.UIPage.Create_Warehousing_page.Create_ware_page object at 0x03002830> 页面中成功找到 ('xpath', "(//select[@id='receiving_shipping_type'])[2]") 元素
2017-09-05 16:38:01,594 - Auto - INFO - <OMS.ElementKey.UIPage.Create_Warehousing_page.Create_ware_page object at 0x03002830> 页面中成功找到 ('name', 'tax_type') 元素
2017-09-05 16:38:01,891 - Auto - INFO - <OMS.ElementKey.UIPage.Create_Warehousing_page.Create_ware_page object at 0x03002830> 页面中成功找到 ('name', 'customer_type') 元素
2017-09-05 16:38:02,188 - Auto - INFO - <OMS.ElementKey.UIPage.Create_Warehousing_page.Create_ware_page object at 0x03002830> 页面中成功找到 ('xpath', "(//input[@id='refrence_no'])[2]") 元素
2017-09-05 16:38:02,234 - Auto - INFO - <OMS.ElementKey.UIPage.Create_Warehousing_page.Create_ware_page object at 0x03002830> 页面中成功找到 ('xpath', "(//input[@name='shipping_method'])[2]") 元素
2017-09-05 16:38:02,279 - Auto - INFO - <OMS.ElementKey.UIPage.Create_Warehousing_page.Create_ware_page object at 0x03002830> 页面中成功找到 ('xpath', "(//input[@name='tracking_no'])[2]") 元素
2017-09-05 16:38:02,327 - Auto - INFO - <OMS.ElementKey.UIPage.Create_Warehousing_page.Create_ware_page object at 0x03002830> 页面中成功找到 ('xpath', ".//*[@id='asnForm']/table/tbody/tr[12]/td[2]/input") 元素
2017-09-05 16:38:03,165 - Auto - INFO - 点击文本值为6的链接成功
2017-09-05 16:38:03,180 - Auto - INFO - <OMS.ElementKey.UIPage.Create_Warehousing_page.Create_ware_page object at 0x03002830>页面执行js:document.getElementById('fileField').click()成功
2017-09-05 16:38:04,222 - Auto - INFO - 上传文件成功
2017-09-05 16:38:04,373 - Auto - INFO - <OMS.ElementKey.UIPage.Create_Warehousing_page.Create_ware_page object at 0x03002830>页面执行js:document.getElementById('import_manufacture_datas').click()成功
2017-09-05 16:38:05,404 - Auto - INFO - 上传文件成功
2017-09-05 16:38:05,502 - Auto - INFO - <OMS.ElementKey.UIPage.Create_Warehousing_page.Create_ware_page object at 0x03002830>页面执行js:document.getElementById('customs_document').click()成功
2017-09-05 16:38:06,538 - Auto - INFO - 上传文件成功
2017-09-05 16:38:06,605 - Auto - INFO - <OMS.ElementKey.UIPage.Create_Warehousing_page.Create_ware_page object at 0x03002830> 页面中成功找到 ('id', 'imBoxNo') 元素
2017-09-05 16:38:06,696 - Auto - INFO - <OMS.ElementKey.UIPage.Create_Warehousing_page.Create_ware_page object at 0x03002830> 页面中成功找到 ('id', 'imCodeSearch') 元素
2017-09-05 16:38:06,801 - Auto - INFO - <OMS.ElementKey.UIPage.Create_Warehousing_page.Create_ware_page object at 0x03002830> 页面中成功找到 ('id', 'imQuantity') 元素
2017-09-05 16:38:06,846 - Auto - INFO - <OMS.ElementKey.UIPage.Create_Warehousing_page.Create_ware_page object at 0x03002830> 页面中成功找到 ('id', 'addItem') 元素
2017-09-05 16:38:07,166 - Auto - INFO - <OMS.ElementKey.UIPage.Create_Warehousing_page.Create_ware_page object at 0x03002830> 页面中成功找到 ('id', 'asnSubmitBtn') 元素
2017-09-05 16:38:07,479 - Auto - INFO - <OMS.ElementKey.UIPage.Create_Warehousing_page.Create_ware_page object at 0x03002830>页面执行js:document.documentElement.scrollTop = 100000成功
2017-09-05 16:38:09,598 - Auto - INFO - 截图成功，以保存到：F:\Automated_use_case\OMS\screenpicture
2017-09-05 16:38:09,616 - Auto - INFO - <OMS.ElementKey.UIPage.Create_Warehousing_page.Create_ware_page object at 0x03002830> 页面中成功找到 ('id', 'create_feedback_div') 元素
