2017-09-10 16:48:25,672 - Auto - INFO - 打开网页成功http://192.168.10.223:61604/
2017-09-10 16:48:25,824 - Auto - INFO - <OMS.ElementKey.UIPage.Create_Warehousing_page.Create_ware_page object at 0x02F31730> 页面中成功找到 ('id', 'userName') 元素
2017-09-10 16:48:25,931 - Auto - INFO - <OMS.ElementKey.UIPage.Create_Warehousing_page.Create_ware_page object at 0x02F31730> 页面中成功找到 ('id', 'userPass') 元素
2017-09-10 16:48:26,064 - Auto - INFO - <OMS.ElementKey.UIPage.Create_Warehousing_page.Create_ware_page object at 0x02F31730> 页面中成功找到 ('css selector', '.loginbtn.radius5') 元素
2017-09-10 16:48:27,179 - Auto - INFO - <OMS.ElementKey.UIPage.Create_Warehousing_page.Create_ware_page object at 0x02F31730>页面执行js:leftMenu('54','创建入库单','/receiving/receiving/create?quick=54')成功
2017-09-10 16:48:27,179 - Auto - INFO - <OMS.ElementKey.UIPage.Create_Warehousing_page.Create_ware_page object at 0x02F31730>切换frame:('id', 'iframe-container-54')成功
2017-09-10 16:48:27,255 - Auto - INFO - <OMS.ElementKey.UIPage.Create_Warehousing_page.Create_ware_page object at 0x02F31730> 页面中成功找到 ('id', 'iframe-container-54') 元素
2017-09-10 16:48:28,000 - Auto - INFO - <OMS.ElementKey.UIPage.Create_Warehousing_page.Create_ware_page object at 0x02F31730> 页面中成功找到 ('xpath', ".//*[@id='asnForm']/table/tbody/tr[1]/td[2]/div/div[2]") 元素
2017-09-10 16:48:28,305 - Auto - INFO - <OMS.ElementKey.UIPage.Create_Warehousing_page.Create_ware_page object at 0x02F31730> 页面中成功找到 ('id', 'transit_warehouse') 元素
2017-09-10 16:48:28,653 - Auto - INFO - <OMS.ElementKey.UIPage.Create_Warehousing_page.Create_ware_page object at 0x02F31730> 页面中成功找到 ('id', 'new_target_warehouse_code') 元素
2017-09-10 16:48:29,045 - Auto - INFO - <OMS.ElementKey.UIPage.Create_Warehousing_page.Create_ware_page object at 0x02F31730> 页面中成功找到 ('name', 'volume') 元素
2017-09-10 16:48:29,104 - Auto - INFO - <OMS.ElementKey.UIPage.Create_Warehousing_page.Create_ware_page object at 0x02F31730> 页面中成功找到 ('name', 'weight') 元素
2017-09-10 16:48:29,611 - Auto - INFO - <OMS.ElementKey.UIPage.Create_Warehousing_page.Create_ware_page object at 0x02F31730> 页面中成功找到 ('id', 'sm_code') 元素
2017-09-10 16:48:29,941 - Auto - INFO - <OMS.ElementKey.UIPage.Create_Warehousing_page.Create_ware_page object at 0x02F31730> 页面中成功找到 ('xpath', "(//select[@id='receiving_shipping_type'])[2]") 元素
2017-09-10 16:48:30,265 - Auto - INFO - <OMS.ElementKey.UIPage.Create_Warehousing_page.Create_ware_page object at 0x02F31730> 页面中成功找到 ('name', 'tax_type') 元素
2017-09-10 16:48:30,576 - Auto - INFO - <OMS.ElementKey.UIPage.Create_Warehousing_page.Create_ware_page object at 0x02F31730> 页面中成功找到 ('name', 'customer_type') 元素
2017-09-10 16:48:30,869 - Auto - INFO - <OMS.ElementKey.UIPage.Create_Warehousing_page.Create_ware_page object at 0x02F31730> 页面中成功找到 ('xpath', "(//input[@id='refrence_no'])[2]") 元素
2017-09-10 16:48:30,937 - Auto - INFO - <OMS.ElementKey.UIPage.Create_Warehousing_page.Create_ware_page object at 0x02F31730> 页面中成功找到 ('xpath', "(//input[@name='shipping_method'])[2]") 元素
2017-09-10 16:48:30,996 - Auto - INFO - <OMS.ElementKey.UIPage.Create_Warehousing_page.Create_ware_page object at 0x02F31730> 页面中成功找到 ('xpath', "(//input[@name='tracking_no'])[2]") 元素
2017-09-10 16:48:31,103 - Auto - INFO - <OMS.ElementKey.UIPage.Create_Warehousing_page.Create_ware_page object at 0x02F31730> 页面中成功找到 ('xpath', ".//*[@id='asnForm']/table/tbody/tr[12]/td[2]/input") 元素
2017-09-10 16:48:32,359 - Auto - INFO - 点击文本值为6的链接成功
2017-09-10 16:48:32,410 - Auto - INFO - <OMS.ElementKey.UIPage.Create_Warehousing_page.Create_ware_page object at 0x02F31730>页面执行js:document.getElementById('fileField').click()成功
2017-09-10 16:48:33,468 - Auto - INFO - 上传文件成功
2017-09-10 16:48:33,578 - Auto - INFO - <OMS.ElementKey.UIPage.Create_Warehousing_page.Create_ware_page object at 0x02F31730>页面执行js:document.getElementById('import_manufacture_datas').click()成功
2017-09-10 16:48:34,945 - Auto - INFO - 上传文件成功
2017-09-10 16:48:35,467 - Auto - INFO - <OMS.ElementKey.UIPage.Create_Warehousing_page.Create_ware_page object at 0x02F31730>页面执行js:document.getElementById('customs_document').click()成功
2017-09-10 16:48:36,519 - Auto - INFO - 上传文件成功
2017-09-10 16:48:36,645 - Auto - INFO - <OMS.ElementKey.UIPage.Create_Warehousing_page.Create_ware_page object at 0x02F31730> 页面中成功找到 ('id', 'imBoxNo') 元素
2017-09-10 16:48:36,787 - Auto - INFO - <OMS.ElementKey.UIPage.Create_Warehousing_page.Create_ware_page object at 0x02F31730> 页面中成功找到 ('id', 'imCodeSearch') 元素
2017-09-10 16:48:37,000 - Auto - INFO - <OMS.ElementKey.UIPage.Create_Warehousing_page.Create_ware_page object at 0x02F31730> 页面中成功找到 ('id', 'imQuantity') 元素
2017-09-10 16:48:37,076 - Auto - INFO - <OMS.ElementKey.UIPage.Create_Warehousing_page.Create_ware_page object at 0x02F31730> 页面中成功找到 ('id', 'addItem') 元素
2017-09-10 16:48:37,417 - Auto - INFO - <OMS.ElementKey.UIPage.Create_Warehousing_page.Create_ware_page object at 0x02F31730> 页面中成功找到 ('id', 'asnSubmitBtn') 元素
2017-09-10 16:48:38,178 - Auto - INFO - <OMS.ElementKey.UIPage.Create_Warehousing_page.Create_ware_page object at 0x02F31730>页面执行js:document.documentElement.scrollTop = 100000成功
2017-09-10 16:48:40,285 - Auto - INFO - 截图成功，以保存到：F:\Automated_use_case\OMS\screenpicture
2017-09-10 16:48:40,307 - Auto - INFO - <OMS.ElementKey.UIPage.Create_Warehousing_page.Create_ware_page object at 0x02F31730> 页面中成功找到 ('id', 'create_feedback_div') 元素
2017-09-10 16:48:49,493 - Auto - INFO - 打开网页成功http://192.168.10.223:61604/
2017-09-10 16:48:49,950 - Auto - INFO - <OMS.ElementKey.UIPage.Create_Warehousing_page.Create_ware_page object at 0x031C5AB0> 页面中成功找到 ('id', 'userName') 元素
2017-09-10 16:48:50,147 - Auto - INFO - <OMS.ElementKey.UIPage.Create_Warehousing_page.Create_ware_page object at 0x031C5AB0> 页面中成功找到 ('id', 'userPass') 元素
2017-09-10 16:48:50,306 - Auto - INFO - <OMS.ElementKey.UIPage.Create_Warehousing_page.Create_ware_page object at 0x031C5AB0> 页面中成功找到 ('css selector', '.loginbtn.radius5') 元素
2017-09-10 16:48:51,565 - Auto - INFO - <OMS.ElementKey.UIPage.Create_Warehousing_page.Create_ware_page object at 0x031C5AB0>页面执行js:leftMenu('45','入库单管理','/receiving/receiving/index?quick=45')成功
2017-09-10 16:48:51,565 - Auto - INFO - <OMS.ElementKey.UIPage.Create_Warehousing_page.Create_ware_page object at 0x031C5AB0>切换frame:('id', 'iframe-container-45')成功
2017-09-10 16:48:51,652 - Auto - INFO - <OMS.ElementKey.UIPage.Create_Warehousing_page.Create_ware_page object at 0x031C5AB0> 页面中成功找到 ('id', 'iframe-container-45') 元素
2017-09-10 16:48:53,987 - Auto - INFO - 点击元素成功
2017-09-10 16:48:54,063 - Auto - INFO - <OMS.ElementKey.UIPage.Create_Warehousing_page.Create_ware_page object at 0x031C5AB0> 页面中成功找到 ('css selector', '.asnVerifyBtn.baseBtn.opBtn') 元素
2017-09-10 16:48:55,011 - Auto - INFO - <OMS.ElementKey.UIPage.Create_Warehousing_page.Create_ware_page object at 0x031C5AB0> 页面中成功找到 ('xpath', 'html/body/div[5]/div[3]/div/button[1]') 元素
2017-09-10 16:49:00,979 - Auto - INFO - <OMS.ElementKey.UIPage.Create_Warehousing_page.Create_ware_page object at 0x031C5AB0> 页面中成功找到 ('id', 'dialog-auto-alert-tip') 元素
