2017-09-10 16:53:20,553 - Auto - INFO - 打开网页成功http://192.168.10.223:61604/
2017-09-10 16:53:20,817 - Auto - INFO - <OMS.ElementKey.UIPage.Create_Warehousing_page.Create_ware_page object at 0x03171730> 页面中成功找到 ('id', 'userName') 元素
2017-09-10 16:53:20,947 - Auto - INFO - <OMS.ElementKey.UIPage.Create_Warehousing_page.Create_ware_page object at 0x03171730> 页面中成功找到 ('id', 'userPass') 元素
2017-09-10 16:53:21,258 - Auto - INFO - <OMS.ElementKey.UIPage.Create_Warehousing_page.Create_ware_page object at 0x03171730> 页面中成功找到 ('css selector', '.loginbtn.radius5') 元素
2017-09-10 16:53:22,229 - Auto - INFO - <OMS.ElementKey.UIPage.Create_Warehousing_page.Create_ware_page object at 0x03171730>页面执行js:leftMenu('54','创建入库单','/receiving/receiving/create?quick=54')成功
2017-09-10 16:53:22,229 - Auto - INFO - <OMS.ElementKey.UIPage.Create_Warehousing_page.Create_ware_page object at 0x03171730>切换frame:('id', 'iframe-container-54')成功
2017-09-10 16:53:22,292 - Auto - INFO - <OMS.ElementKey.UIPage.Create_Warehousing_page.Create_ware_page object at 0x03171730> 页面中成功找到 ('id', 'iframe-container-54') 元素
2017-09-10 16:53:22,894 - Auto - INFO - <OMS.ElementKey.UIPage.Create_Warehousing_page.Create_ware_page object at 0x03171730> 页面中成功找到 ('xpath', ".//*[@id='asnForm']/table/tbody/tr[1]/td[2]/div/div[2]") 元素
2017-09-10 16:53:23,208 - Auto - INFO - <OMS.ElementKey.UIPage.Create_Warehousing_page.Create_ware_page object at 0x03171730> 页面中成功找到 ('id', 'transit_warehouse') 元素
2017-09-10 16:53:23,565 - Auto - INFO - <OMS.ElementKey.UIPage.Create_Warehousing_page.Create_ware_page object at 0x03171730> 页面中成功找到 ('id', 'new_target_warehouse_code') 元素
2017-09-10 16:53:23,869 - Auto - INFO - <OMS.ElementKey.UIPage.Create_Warehousing_page.Create_ware_page object at 0x03171730> 页面中成功找到 ('name', 'volume') 元素
2017-09-10 16:53:23,931 - Auto - INFO - <OMS.ElementKey.UIPage.Create_Warehousing_page.Create_ware_page object at 0x03171730> 页面中成功找到 ('name', 'weight') 元素
2017-09-10 16:53:23,993 - Auto - INFO - <OMS.ElementKey.UIPage.Create_Warehousing_page.Create_ware_page object at 0x03171730> 页面中成功找到 ('id', 'sm_code') 元素
2017-09-10 16:53:24,785 - Auto - INFO - <OMS.ElementKey.UIPage.Create_Warehousing_page.Create_ware_page object at 0x03171730> 页面中成功找到 ('xpath', "(//select[@id='receiving_shipping_type'])[2]") 元素
2017-09-10 16:53:25,166 - Auto - INFO - <OMS.ElementKey.UIPage.Create_Warehousing_page.Create_ware_page object at 0x03171730> 页面中成功找到 ('name', 'tax_type') 元素
2017-09-10 16:53:25,490 - Auto - INFO - <OMS.ElementKey.UIPage.Create_Warehousing_page.Create_ware_page object at 0x03171730> 页面中成功找到 ('name', 'customer_type') 元素
2017-09-10 16:53:25,795 - Auto - INFO - <OMS.ElementKey.UIPage.Create_Warehousing_page.Create_ware_page object at 0x03171730> 页面中成功找到 ('xpath', "(//input[@id='refrence_no'])[2]") 元素
2017-09-10 16:53:25,883 - Auto - INFO - <OMS.ElementKey.UIPage.Create_Warehousing_page.Create_ware_page object at 0x03171730> 页面中成功找到 ('xpath', "(//input[@name='shipping_method'])[2]") 元素
2017-09-10 16:53:25,966 - Auto - INFO - <OMS.ElementKey.UIPage.Create_Warehousing_page.Create_ware_page object at 0x03171730> 页面中成功找到 ('xpath', "(//input[@name='tracking_no'])[2]") 元素
2017-09-10 16:53:26,061 - Auto - INFO - <OMS.ElementKey.UIPage.Create_Warehousing_page.Create_ware_page object at 0x03171730> 页面中成功找到 ('xpath', ".//*[@id='asnForm']/table/tbody/tr[12]/td[2]/input") 元素
2017-09-10 16:53:26,981 - Auto - INFO - 点击文本值为6的链接成功
2017-09-10 16:53:27,001 - Auto - INFO - <OMS.ElementKey.UIPage.Create_Warehousing_page.Create_ware_page object at 0x03171730>页面执行js:document.getElementById('fileField').click()成功
2017-09-10 16:53:28,100 - Auto - INFO - 上传文件成功
2017-09-10 16:53:28,378 - Auto - INFO - <OMS.ElementKey.UIPage.Create_Warehousing_page.Create_ware_page object at 0x03171730>页面执行js:document.getElementById('import_manufacture_datas').click()成功
2017-09-10 16:53:29,468 - Auto - INFO - 上传文件成功
2017-09-10 16:53:29,812 - Auto - INFO - <OMS.ElementKey.UIPage.Create_Warehousing_page.Create_ware_page object at 0x03171730>页面执行js:document.getElementById('customs_document').click()成功
2017-09-10 16:53:30,880 - Auto - INFO - 上传文件成功
2017-09-10 16:53:31,082 - Auto - INFO - <OMS.ElementKey.UIPage.Create_Warehousing_page.Create_ware_page object at 0x03171730> 页面中成功找到 ('id', 'imBoxNo') 元素
2017-09-10 16:53:31,188 - Auto - INFO - <OMS.ElementKey.UIPage.Create_Warehousing_page.Create_ware_page object at 0x03171730> 页面中成功找到 ('id', 'imCodeSearch') 元素
2017-09-10 16:53:31,288 - Auto - INFO - <OMS.ElementKey.UIPage.Create_Warehousing_page.Create_ware_page object at 0x03171730> 页面中成功找到 ('id', 'imQuantity') 元素
2017-09-10 16:53:31,357 - Auto - INFO - <OMS.ElementKey.UIPage.Create_Warehousing_page.Create_ware_page object at 0x03171730> 页面中成功找到 ('id', 'addItem') 元素
2017-09-10 16:53:31,679 - Auto - INFO - <OMS.ElementKey.UIPage.Create_Warehousing_page.Create_ware_page object at 0x03171730> 页面中成功找到 ('id', 'asnSubmitBtn') 元素
2017-09-10 16:53:32,000 - Auto - INFO - <OMS.ElementKey.UIPage.Create_Warehousing_page.Create_ware_page object at 0x03171730>页面执行js:document.documentElement.scrollTop = 100000成功
2017-09-10 16:53:34,102 - Auto - INFO - 截图成功，以保存到：F:\Automated_use_case\OMS\screenpicture
2017-09-10 16:53:34,121 - Auto - INFO - <OMS.ElementKey.UIPage.Create_Warehousing_page.Create_ware_page object at 0x03171730> 页面中成功找到 ('id', 'create_feedback_div') 元素
2017-09-10 16:53:43,379 - Auto - INFO - 打开网页成功http://192.168.10.223:61604/
2017-09-10 16:53:43,542 - Auto - INFO - <OMS.ElementKey.UIPage.Create_Warehousing_page.Create_ware_page object at 0x031C5A90> 页面中成功找到 ('id', 'userName') 元素
2017-09-10 16:53:43,706 - Auto - INFO - <OMS.ElementKey.UIPage.Create_Warehousing_page.Create_ware_page object at 0x031C5A90> 页面中成功找到 ('id', 'userPass') 元素
2017-09-10 16:53:44,103 - Auto - INFO - <OMS.ElementKey.UIPage.Create_Warehousing_page.Create_ware_page object at 0x031C5A90> 页面中成功找到 ('css selector', '.loginbtn.radius5') 元素
2017-09-10 16:53:45,281 - Auto - INFO - <OMS.ElementKey.UIPage.Create_Warehousing_page.Create_ware_page object at 0x031C5A90>页面执行js:leftMenu('45','入库单管理','/receiving/receiving/index?quick=45')成功
2017-09-10 16:53:45,281 - Auto - INFO - <OMS.ElementKey.UIPage.Create_Warehousing_page.Create_ware_page object at 0x031C5A90>切换frame:('id', 'iframe-container-45')成功
2017-09-10 16:53:45,396 - Auto - INFO - <OMS.ElementKey.UIPage.Create_Warehousing_page.Create_ware_page object at 0x031C5A90> 页面中成功找到 ('id', 'iframe-container-45') 元素
2017-09-10 16:53:48,178 - Auto - INFO - 点击元素成功
2017-09-10 16:53:48,205 - Auto - INFO - <OMS.ElementKey.UIPage.Create_Warehousing_page.Create_ware_page object at 0x031C5A90> 页面中成功找到 ('css selector', '.asnVerifyBtn.baseBtn.opBtn') 元素
2017-09-10 16:53:49,045 - Auto - INFO - <OMS.ElementKey.UIPage.Create_Warehousing_page.Create_ware_page object at 0x031C5A90> 页面中成功找到 ('xpath', 'html/body/div[5]/div[3]/div/button[1]') 元素
2017-09-10 16:53:53,042 - Auto - INFO - <OMS.ElementKey.UIPage.Create_Warehousing_page.Create_ware_page object at 0x031C5A90> 页面中成功找到 ('id', 'dialog-auto-alert-tip') 元素
