2017-09-05 17:16:43,774 - Auto - INFO - 打开网页成功http://192.168.10.223:61604/
2017-09-05 17:16:43,858 - Auto - INFO - <OMS.ElementKey.UIPage.Create_Warehousing_page.Create_ware_page object at 0x02EE3930> 页面中成功找到 ('id', 'userName') 元素
2017-09-05 17:16:43,928 - Auto - INFO - <OMS.ElementKey.UIPage.Create_Warehousing_page.Create_ware_page object at 0x02EE3930> 页面中成功找到 ('id', 'userPass') 元素
2017-09-05 17:16:43,991 - Auto - INFO - <OMS.ElementKey.UIPage.Create_Warehousing_page.Create_ware_page object at 0x02EE3930> 页面中成功找到 ('css selector', '.loginbtn.radius5') 元素
2017-09-05 17:16:44,870 - Auto - INFO - <OMS.ElementKey.UIPage.Create_Warehousing_page.Create_ware_page object at 0x02EE3930>页面执行js:leftMenu('54','创建入库单','/receiving/receiving/create?quick=54')成功
2017-09-05 17:16:44,871 - Auto - INFO - <OMS.ElementKey.UIPage.Create_Warehousing_page.Create_ware_page object at 0x02EE3930>切换frame:('id', 'iframe-container-54')成功
2017-09-05 17:16:44,927 - Auto - INFO - <OMS.ElementKey.UIPage.Create_Warehousing_page.Create_ware_page object at 0x02EE3930> 页面中成功找到 ('id', 'iframe-container-54') 元素
2017-09-05 17:16:45,504 - Auto - INFO - <OMS.ElementKey.UIPage.Create_Warehousing_page.Create_ware_page object at 0x02EE3930> 页面中成功找到 ('xpath', ".//*[@id='asnForm']/table/tbody/tr[1]/td[2]/div/div[2]") 元素
2017-09-05 17:16:45,788 - Auto - INFO - <OMS.ElementKey.UIPage.Create_Warehousing_page.Create_ware_page object at 0x02EE3930> 页面中成功找到 ('id', 'transit_warehouse') 元素
2017-09-05 17:16:46,076 - Auto - INFO - <OMS.ElementKey.UIPage.Create_Warehousing_page.Create_ware_page object at 0x02EE3930> 页面中成功找到 ('id', 'new_target_warehouse_code') 元素
2017-09-05 17:16:46,358 - Auto - INFO - <OMS.ElementKey.UIPage.Create_Warehousing_page.Create_ware_page object at 0x02EE3930> 页面中成功找到 ('name', 'volume') 元素
2017-09-05 17:16:46,403 - Auto - INFO - <OMS.ElementKey.UIPage.Create_Warehousing_page.Create_ware_page object at 0x02EE3930> 页面中成功找到 ('name', 'weight') 元素
2017-09-05 17:16:46,699 - Auto - INFO - <OMS.ElementKey.UIPage.Create_Warehousing_page.Create_ware_page object at 0x02EE3930> 页面中成功找到 ('id', 'sm_code') 元素
2017-09-05 17:16:46,997 - Auto - INFO - <OMS.ElementKey.UIPage.Create_Warehousing_page.Create_ware_page object at 0x02EE3930> 页面中成功找到 ('xpath', "(//select[@id='receiving_shipping_type'])[2]") 元素
2017-09-05 17:16:47,279 - Auto - INFO - <OMS.ElementKey.UIPage.Create_Warehousing_page.Create_ware_page object at 0x02EE3930> 页面中成功找到 ('name', 'tax_type') 元素
2017-09-05 17:16:47,567 - Auto - INFO - <OMS.ElementKey.UIPage.Create_Warehousing_page.Create_ware_page object at 0x02EE3930> 页面中成功找到 ('name', 'customer_type') 元素
2017-09-05 17:16:47,855 - Auto - INFO - <OMS.ElementKey.UIPage.Create_Warehousing_page.Create_ware_page object at 0x02EE3930> 页面中成功找到 ('xpath', "(//input[@id='refrence_no'])[2]") 元素
2017-09-05 17:16:47,901 - Auto - INFO - <OMS.ElementKey.UIPage.Create_Warehousing_page.Create_ware_page object at 0x02EE3930> 页面中成功找到 ('xpath', "(//input[@name='shipping_method'])[2]") 元素
2017-09-05 17:16:47,946 - Auto - INFO - <OMS.ElementKey.UIPage.Create_Warehousing_page.Create_ware_page object at 0x02EE3930> 页面中成功找到 ('xpath', "(//input[@name='tracking_no'])[2]") 元素
2017-09-05 17:16:47,993 - Auto - INFO - <OMS.ElementKey.UIPage.Create_Warehousing_page.Create_ware_page object at 0x02EE3930> 页面中成功找到 ('xpath', ".//*[@id='asnForm']/table/tbody/tr[12]/td[2]/input") 元素
2017-09-05 17:16:48,804 - Auto - INFO - 点击文本值为6的链接成功
2017-09-05 17:16:48,817 - Auto - INFO - <OMS.ElementKey.UIPage.Create_Warehousing_page.Create_ware_page object at 0x02EE3930>页面执行js:document.getElementById('fileField').click()成功
2017-09-05 17:16:49,852 - Auto - INFO - 上传文件成功
2017-09-05 17:16:49,991 - Auto - INFO - <OMS.ElementKey.UIPage.Create_Warehousing_page.Create_ware_page object at 0x02EE3930>页面执行js:document.getElementById('import_manufacture_datas').click()成功
2017-09-05 17:16:51,010 - Auto - INFO - 上传文件成功
2017-09-05 17:16:51,150 - Auto - INFO - <OMS.ElementKey.UIPage.Create_Warehousing_page.Create_ware_page object at 0x02EE3930>页面执行js:document.getElementById('customs_document').click()成功
2017-09-05 17:16:52,177 - Auto - INFO - 上传文件成功
2017-09-05 17:16:52,246 - Auto - INFO - <OMS.ElementKey.UIPage.Create_Warehousing_page.Create_ware_page object at 0x02EE3930> 页面中成功找到 ('id', 'imBoxNo') 元素
2017-09-05 17:16:52,336 - Auto - INFO - <OMS.ElementKey.UIPage.Create_Warehousing_page.Create_ware_page object at 0x02EE3930> 页面中成功找到 ('id', 'imCodeSearch') 元素
2017-09-05 17:16:52,430 - Auto - INFO - <OMS.ElementKey.UIPage.Create_Warehousing_page.Create_ware_page object at 0x02EE3930> 页面中成功找到 ('id', 'imQuantity') 元素
2017-09-05 17:16:52,478 - Auto - INFO - <OMS.ElementKey.UIPage.Create_Warehousing_page.Create_ware_page object at 0x02EE3930> 页面中成功找到 ('id', 'addItem') 元素
2017-09-05 17:16:52,813 - Auto - INFO - <OMS.ElementKey.UIPage.Create_Warehousing_page.Create_ware_page object at 0x02EE3930> 页面中成功找到 ('id', 'asnSubmitBtn') 元素
2017-09-05 17:16:53,127 - Auto - INFO - <OMS.ElementKey.UIPage.Create_Warehousing_page.Create_ware_page object at 0x02EE3930>页面执行js:document.documentElement.scrollTop = 100000成功
2017-09-05 17:16:55,242 - Auto - INFO - 截图成功，以保存到：F:\Automated_use_case\OMS\screenpicture
2017-09-05 17:16:55,260 - Auto - INFO - <OMS.ElementKey.UIPage.Create_Warehousing_page.Create_ware_page object at 0x02EE3930> 页面中成功找到 ('id', 'create_feedback_div') 元素
2017-09-05 17:17:01,584 - Auto - ERROR - <OMS.ElementKey.UIPage.Create_Warehousing_page.Create_ware_page object at 0x02EE3930>页面执行js:leftMenu('45','入库单管理','/receiving/receiving/index?quick=45')失败
