2017-09-06 11:30:53,425 - Auto - INFO - 打开网页成功http://192.168.10.223:61604/
2017-09-06 11:30:53,526 - Auto - INFO - <OMS.ElementKey.UIPage.Create_Warehousing_page.Create_ware_page object at 0x03057450> 页面中成功找到 ('id', 'userName') 元素
2017-09-06 11:30:53,603 - Auto - INFO - <OMS.ElementKey.UIPage.Create_Warehousing_page.Create_ware_page object at 0x03057450> 页面中成功找到 ('id', 'userPass') 元素
2017-09-06 11:30:53,666 - Auto - INFO - <OMS.ElementKey.UIPage.Create_Warehousing_page.Create_ware_page object at 0x03057450> 页面中成功找到 ('css selector', '.loginbtn.radius5') 元素
2017-09-06 11:30:54,523 - Auto - INFO - <OMS.ElementKey.UIPage.Create_Warehousing_page.Create_ware_page object at 0x03057450>页面执行js:leftMenu('54','创建入库单','/receiving/receiving/create?quick=54')成功
2017-09-06 11:30:54,523 - Auto - INFO - <OMS.ElementKey.UIPage.Create_Warehousing_page.Create_ware_page object at 0x03057450>切换frame:('id', 'iframe-container-54')成功
2017-09-06 11:30:54,583 - Auto - INFO - <OMS.ElementKey.UIPage.Create_Warehousing_page.Create_ware_page object at 0x03057450> 页面中成功找到 ('id', 'iframe-container-54') 元素
2017-09-06 11:30:55,158 - Auto - INFO - <OMS.ElementKey.UIPage.Create_Warehousing_page.Create_ware_page object at 0x03057450> 页面中成功找到 ('xpath', ".//*[@id='asnForm']/table/tbody/tr[1]/td[2]/div/div[2]") 元素
2017-09-06 11:30:55,440 - Auto - INFO - <OMS.ElementKey.UIPage.Create_Warehousing_page.Create_ware_page object at 0x03057450> 页面中成功找到 ('id', 'transit_warehouse') 元素
2017-09-06 11:30:55,741 - Auto - INFO - <OMS.ElementKey.UIPage.Create_Warehousing_page.Create_ware_page object at 0x03057450> 页面中成功找到 ('id', 'new_target_warehouse_code') 元素
2017-09-06 11:30:56,036 - Auto - INFO - <OMS.ElementKey.UIPage.Create_Warehousing_page.Create_ware_page object at 0x03057450> 页面中成功找到 ('name', 'volume') 元素
2017-09-06 11:30:56,080 - Auto - INFO - <OMS.ElementKey.UIPage.Create_Warehousing_page.Create_ware_page object at 0x03057450> 页面中成功找到 ('name', 'weight') 元素
2017-09-06 11:30:56,127 - Auto - INFO - <OMS.ElementKey.UIPage.Create_Warehousing_page.Create_ware_page object at 0x03057450> 页面中成功找到 ('id', 'sm_code') 元素
2017-09-06 11:30:56,831 - Auto - INFO - <OMS.ElementKey.UIPage.Create_Warehousing_page.Create_ware_page object at 0x03057450> 页面中成功找到 ('xpath', "(//select[@id='receiving_shipping_type'])[2]") 元素
2017-09-06 11:30:57,135 - Auto - INFO - <OMS.ElementKey.UIPage.Create_Warehousing_page.Create_ware_page object at 0x03057450> 页面中成功找到 ('name', 'tax_type') 元素
2017-09-06 11:30:57,424 - Auto - INFO - <OMS.ElementKey.UIPage.Create_Warehousing_page.Create_ware_page object at 0x03057450> 页面中成功找到 ('name', 'customer_type') 元素
2017-09-06 11:30:57,710 - Auto - INFO - <OMS.ElementKey.UIPage.Create_Warehousing_page.Create_ware_page object at 0x03057450> 页面中成功找到 ('xpath', "(//input[@id='refrence_no'])[2]") 元素
2017-09-06 11:30:57,760 - Auto - INFO - <OMS.ElementKey.UIPage.Create_Warehousing_page.Create_ware_page object at 0x03057450> 页面中成功找到 ('xpath', "(//input[@name='shipping_method'])[2]") 元素
2017-09-06 11:30:57,809 - Auto - INFO - <OMS.ElementKey.UIPage.Create_Warehousing_page.Create_ware_page object at 0x03057450> 页面中成功找到 ('xpath', "(//input[@name='tracking_no'])[2]") 元素
2017-09-06 11:30:57,856 - Auto - INFO - <OMS.ElementKey.UIPage.Create_Warehousing_page.Create_ware_page object at 0x03057450> 页面中成功找到 ('xpath', ".//*[@id='asnForm']/table/tbody/tr[12]/td[2]/input") 元素
2017-09-06 11:30:58,695 - Auto - INFO - 点击文本值为6的链接成功
2017-09-06 11:30:58,712 - Auto - INFO - <OMS.ElementKey.UIPage.Create_Warehousing_page.Create_ware_page object at 0x03057450>页面执行js:document.getElementById('fileField').click()成功
2017-09-06 11:30:59,758 - Auto - INFO - 上传文件成功
2017-09-06 11:30:59,804 - Auto - INFO - <OMS.ElementKey.UIPage.Create_Warehousing_page.Create_ware_page object at 0x03057450>页面执行js:document.getElementById('import_manufacture_datas').click()成功
2017-09-06 11:31:00,828 - Auto - INFO - 上传文件成功
2017-09-06 11:31:00,929 - Auto - INFO - <OMS.ElementKey.UIPage.Create_Warehousing_page.Create_ware_page object at 0x03057450>页面执行js:document.getElementById('customs_document').click()成功
2017-09-06 11:31:01,962 - Auto - INFO - 上传文件成功
2017-09-06 11:31:02,025 - Auto - INFO - <OMS.ElementKey.UIPage.Create_Warehousing_page.Create_ware_page object at 0x03057450> 页面中成功找到 ('id', 'imBoxNo') 元素
2017-09-06 11:31:02,116 - Auto - INFO - <OMS.ElementKey.UIPage.Create_Warehousing_page.Create_ware_page object at 0x03057450> 页面中成功找到 ('id', 'imCodeSearch') 元素
2017-09-06 11:31:02,210 - Auto - INFO - <OMS.ElementKey.UIPage.Create_Warehousing_page.Create_ware_page object at 0x03057450> 页面中成功找到 ('id', 'imQuantity') 元素
2017-09-06 11:31:02,264 - Auto - INFO - <OMS.ElementKey.UIPage.Create_Warehousing_page.Create_ware_page object at 0x03057450> 页面中成功找到 ('id', 'addItem') 元素
2017-09-06 11:31:02,595 - Auto - INFO - <OMS.ElementKey.UIPage.Create_Warehousing_page.Create_ware_page object at 0x03057450> 页面中成功找到 ('id', 'asnSubmitBtn') 元素
2017-09-06 11:31:02,911 - Auto - INFO - <OMS.ElementKey.UIPage.Create_Warehousing_page.Create_ware_page object at 0x03057450>页面执行js:document.documentElement.scrollTop = 100000成功
2017-09-06 11:31:05,025 - Auto - INFO - 截图成功，以保存到：F:\Automated_use_case\OMS\screenpicture
2017-09-06 11:31:05,042 - Auto - INFO - <OMS.ElementKey.UIPage.Create_Warehousing_page.Create_ware_page object at 0x03057450> 页面中成功找到 ('id', 'create_feedback_div') 元素
2017-09-06 11:31:20,786 - Auto - INFO - 打开网页成功http://192.168.10.223:61604/
2017-09-06 11:31:20,870 - Auto - INFO - <OMS.ElementKey.UIPage.Create_Warehousing_page.Create_ware_page object at 0x031B65F0> 页面中成功找到 ('id', 'userName') 元素
2017-09-06 11:31:20,942 - Auto - INFO - <OMS.ElementKey.UIPage.Create_Warehousing_page.Create_ware_page object at 0x031B65F0> 页面中成功找到 ('id', 'userPass') 元素
2017-09-06 11:31:21,006 - Auto - INFO - <OMS.ElementKey.UIPage.Create_Warehousing_page.Create_ware_page object at 0x031B65F0> 页面中成功找到 ('css selector', '.loginbtn.radius5') 元素
2017-09-06 11:31:22,793 - Auto - INFO - <OMS.ElementKey.UIPage.Create_Warehousing_page.Create_ware_page object at 0x031B65F0>页面执行js:leftMenu('45','入库单管理','/receiving/receiving/index?quick=45')成功
2017-09-06 11:31:22,794 - Auto - INFO - <OMS.ElementKey.UIPage.Create_Warehousing_page.Create_ware_page object at 0x031B65F0>切换frame:('id', 'iframe-container-45')成功
2017-09-06 11:31:22,849 - Auto - INFO - <OMS.ElementKey.UIPage.Create_Warehousing_page.Create_ware_page object at 0x031B65F0> 页面中成功找到 ('id', 'iframe-container-45') 元素
