2017-09-06 11:21:50,144 - Auto - INFO - 打开网页成功http://192.168.10.223:61604/
2017-09-06 11:21:50,272 - Auto - INFO - <OMS.ElementKey.UIPage.Create_Warehousing_page.Create_ware_page object at 0x03077410> 页面中成功找到 ('id', 'userName') 元素
2017-09-06 11:21:50,379 - Auto - INFO - <OMS.ElementKey.UIPage.Create_Warehousing_page.Create_ware_page object at 0x03077410> 页面中成功找到 ('id', 'userPass') 元素
2017-09-06 11:21:50,440 - Auto - INFO - <OMS.ElementKey.UIPage.Create_Warehousing_page.Create_ware_page object at 0x03077410> 页面中成功找到 ('css selector', '.loginbtn.radius5') 元素
2017-09-06 11:21:52,665 - Auto - INFO - <OMS.ElementKey.UIPage.Create_Warehousing_page.Create_ware_page object at 0x03077410>页面执行js:leftMenu('54','创建入库单','/receiving/receiving/create?quick=54')成功
2017-09-06 11:21:52,665 - Auto - INFO - <OMS.ElementKey.UIPage.Create_Warehousing_page.Create_ware_page object at 0x03077410>切换frame:('id', 'iframe-container-54')成功
2017-09-06 11:21:52,719 - Auto - INFO - <OMS.ElementKey.UIPage.Create_Warehousing_page.Create_ware_page object at 0x03077410> 页面中成功找到 ('id', 'iframe-container-54') 元素
2017-09-06 11:21:53,296 - Auto - INFO - <OMS.ElementKey.UIPage.Create_Warehousing_page.Create_ware_page object at 0x03077410> 页面中成功找到 ('xpath', ".//*[@id='asnForm']/table/tbody/tr[1]/td[2]/div/div[2]") 元素
2017-09-06 11:21:53,589 - Auto - INFO - <OMS.ElementKey.UIPage.Create_Warehousing_page.Create_ware_page object at 0x03077410> 页面中成功找到 ('id', 'transit_warehouse') 元素
2017-09-06 11:21:53,899 - Auto - INFO - <OMS.ElementKey.UIPage.Create_Warehousing_page.Create_ware_page object at 0x03077410> 页面中成功找到 ('id', 'new_target_warehouse_code') 元素
2017-09-06 11:21:54,197 - Auto - INFO - <OMS.ElementKey.UIPage.Create_Warehousing_page.Create_ware_page object at 0x03077410> 页面中成功找到 ('name', 'volume') 元素
2017-09-06 11:21:54,245 - Auto - INFO - <OMS.ElementKey.UIPage.Create_Warehousing_page.Create_ware_page object at 0x03077410> 页面中成功找到 ('name', 'weight') 元素
2017-09-06 11:21:54,289 - Auto - INFO - <OMS.ElementKey.UIPage.Create_Warehousing_page.Create_ware_page object at 0x03077410> 页面中成功找到 ('id', 'sm_code') 元素
2017-09-06 11:21:55,011 - Auto - INFO - <OMS.ElementKey.UIPage.Create_Warehousing_page.Create_ware_page object at 0x03077410> 页面中成功找到 ('xpath', "(//select[@id='receiving_shipping_type'])[2]") 元素
2017-09-06 11:21:55,298 - Auto - INFO - <OMS.ElementKey.UIPage.Create_Warehousing_page.Create_ware_page object at 0x03077410> 页面中成功找到 ('name', 'tax_type') 元素
2017-09-06 11:21:55,587 - Auto - INFO - <OMS.ElementKey.UIPage.Create_Warehousing_page.Create_ware_page object at 0x03077410> 页面中成功找到 ('name', 'customer_type') 元素
2017-09-06 11:21:55,906 - Auto - INFO - <OMS.ElementKey.UIPage.Create_Warehousing_page.Create_ware_page object at 0x03077410> 页面中成功找到 ('xpath', "(//input[@id='refrence_no'])[2]") 元素
2017-09-06 11:21:55,969 - Auto - INFO - <OMS.ElementKey.UIPage.Create_Warehousing_page.Create_ware_page object at 0x03077410> 页面中成功找到 ('xpath', "(//input[@name='shipping_method'])[2]") 元素
2017-09-06 11:21:56,025 - Auto - INFO - <OMS.ElementKey.UIPage.Create_Warehousing_page.Create_ware_page object at 0x03077410> 页面中成功找到 ('xpath', "(//input[@name='tracking_no'])[2]") 元素
2017-09-06 11:21:56,080 - Auto - INFO - <OMS.ElementKey.UIPage.Create_Warehousing_page.Create_ware_page object at 0x03077410> 页面中成功找到 ('xpath', ".//*[@id='asnForm']/table/tbody/tr[12]/td[2]/input") 元素
2017-09-06 11:21:56,931 - Auto - INFO - 点击文本值为6的链接成功
2017-09-06 11:21:57,104 - Auto - INFO - <OMS.ElementKey.UIPage.Create_Warehousing_page.Create_ware_page object at 0x03077410>页面执行js:document.getElementById('fileField').click()成功
2017-09-06 11:21:58,143 - Auto - INFO - 上传文件成功
2017-09-06 11:21:58,198 - Auto - INFO - <OMS.ElementKey.UIPage.Create_Warehousing_page.Create_ware_page object at 0x03077410>页面执行js:document.getElementById('import_manufacture_datas').click()成功
2017-09-06 11:21:59,227 - Auto - INFO - 上传文件成功
2017-09-06 11:21:59,338 - Auto - INFO - <OMS.ElementKey.UIPage.Create_Warehousing_page.Create_ware_page object at 0x03077410>页面执行js:document.getElementById('customs_document').click()成功
2017-09-06 11:22:00,375 - Auto - INFO - 上传文件成功
2017-09-06 11:22:00,429 - Auto - INFO - <OMS.ElementKey.UIPage.Create_Warehousing_page.Create_ware_page object at 0x03077410> 页面中成功找到 ('id', 'imBoxNo') 元素
2017-09-06 11:22:00,513 - Auto - INFO - <OMS.ElementKey.UIPage.Create_Warehousing_page.Create_ware_page object at 0x03077410> 页面中成功找到 ('id', 'imCodeSearch') 元素
2017-09-06 11:22:00,591 - Auto - INFO - <OMS.ElementKey.UIPage.Create_Warehousing_page.Create_ware_page object at 0x03077410> 页面中成功找到 ('id', 'imQuantity') 元素
2017-09-06 11:22:00,634 - Auto - INFO - <OMS.ElementKey.UIPage.Create_Warehousing_page.Create_ware_page object at 0x03077410> 页面中成功找到 ('id', 'addItem') 元素
2017-09-06 11:22:00,966 - Auto - INFO - <OMS.ElementKey.UIPage.Create_Warehousing_page.Create_ware_page object at 0x03077410> 页面中成功找到 ('id', 'asnSubmitBtn') 元素
2017-09-06 11:22:01,271 - Auto - INFO - <OMS.ElementKey.UIPage.Create_Warehousing_page.Create_ware_page object at 0x03077410>页面执行js:document.documentElement.scrollTop = 100000成功
2017-09-06 11:22:03,384 - Auto - INFO - 截图成功，以保存到：F:\Automated_use_case\OMS\screenpicture
2017-09-06 11:22:03,412 - Auto - INFO - <OMS.ElementKey.UIPage.Create_Warehousing_page.Create_ware_page object at 0x03077410> 页面中成功找到 ('id', 'create_feedback_div') 元素
2017-09-06 11:22:15,453 - Auto - INFO - 打开网页成功http://192.168.10.223:61604/
2017-09-06 11:22:15,683 - Auto - INFO - <OMS.ElementKey.UIPage.Create_Warehousing_page.Create_ware_page object at 0x031C65B0> 页面中成功找到 ('id', 'userName') 元素
2017-09-06 11:22:15,755 - Auto - INFO - <OMS.ElementKey.UIPage.Create_Warehousing_page.Create_ware_page object at 0x031C65B0> 页面中成功找到 ('id', 'userPass') 元素
2017-09-06 11:22:15,830 - Auto - INFO - <OMS.ElementKey.UIPage.Create_Warehousing_page.Create_ware_page object at 0x031C65B0> 页面中成功找到 ('css selector', '.loginbtn.radius5') 元素
2017-09-06 11:22:16,789 - Auto - INFO - <OMS.ElementKey.UIPage.Create_Warehousing_page.Create_ware_page object at 0x031C65B0>页面执行js:leftMenu('45','入库单管理','/receiving/receiving/index?quick=45')成功
2017-09-06 11:22:16,790 - Auto - INFO - <OMS.ElementKey.UIPage.Create_Warehousing_page.Create_ware_page object at 0x031C65B0>切换frame:('id', 'iframe-container-54')成功
2017-09-06 11:22:27,132 - Auto - ERROR - <OMS.ElementKey.UIPage.Create_Warehousing_page.Create_ware_page object at 0x031C65B0>页面未能找到('id', 'iframe-container-54')元素
